[14:29:34] Sync inventories: [45513, 52173, 111230]
[14:29:34] === FETCH BL ===
[14:29:34] BL inv 45513: fetching product list...
[14:29:34]   → 842 products, fetching data in batches of 100...
[14:29:36]   → mapped 799 unique SKU
[14:29:36] BL inv 52173: fetching product list...
[14:29:37]   → 1558 products, fetching data in batches of 100...
[14:29:41]   → mapped 1558 unique SKU
[14:29:41]   ⚠️  duplicate SKU across inv: 1463 (last wins)
[14:29:41]   ⚠️  duplicate SKU across inv: 1711 (last wins)
[14:29:41]   ⚠️  duplicate SKU across inv: 1714 (last wins)
[14:29:41]   ⚠️  duplicate SKU across inv: 2168 (last wins)
[14:29:41]   ⚠️  duplicate SKU across inv: 2169 (last wins)
[14:29:41]   ⚠️  duplicate SKU across inv: 833 (last wins)
[14:29:41]   ⚠️  duplicate SKU across inv: 2162 (last wins)
[14:29:41]   ⚠️  duplicate SKU across inv: 840 (last wins)
[14:29:41]   ⚠️  duplicate SKU across inv: 2538 (last wins)
[14:29:41]   ⚠️  duplicate SKU across inv: 2541 (last wins)
[14:29:41]   ⚠️  duplicate SKU across inv: 2542 (last wins)
[14:29:41]   ⚠️  duplicate SKU across inv: 2640 (last wins)
[14:29:41]   ⚠️  duplicate SKU across inv: 2641 (last wins)
[14:29:41]   ⚠️  duplicate SKU across inv: 3380 (last wins)
[14:29:41]   ⚠️  duplicate SKU across inv: 3381 (last wins)
[14:29:41]   ⚠️  duplicate SKU across inv: 3384 (last wins)
[14:29:41]   ⚠️  duplicate SKU across inv: 3387 (last wins)
[14:29:41]   ⚠️  duplicate SKU across inv: 3400 (last wins)
[14:29:41]   ⚠️  duplicate SKU across inv: 3401 (last wins)
[14:29:41]   ⚠️  duplicate SKU across inv: 3402 (last wins)
[14:29:41]   ⚠️  duplicate SKU across inv: 3405 (last wins)
[14:29:41]   ⚠️  duplicate SKU across inv: 3418 (last wins)
[14:29:41]   ⚠️  duplicate SKU across inv: 3420 (last wins)
[14:29:41]   ⚠️  duplicate SKU across inv: 3458 (last wins)
[14:29:41]   ⚠️  duplicate SKU across inv: 3804 (last wins)
[14:29:41]   ⚠️  duplicate SKU across inv: 3806 (last wins)
[14:29:41]   ⚠️  duplicate SKU across inv: 3807 (last wins)
[14:29:41]   ⚠️  duplicate SKU across inv: 3808 (last wins)
[14:29:41]   ⚠️  duplicate SKU across inv: 3812 (last wins)
[14:29:41]   ⚠️  duplicate SKU across inv: 3833 (last wins)
[14:29:41]   ⚠️  duplicate SKU across inv: 3834 (last wins)
[14:29:41]   ⚠️  duplicate SKU across inv: 3835 (last wins)
[14:29:41]   ⚠️  duplicate SKU across inv: 3844 (last wins)
[14:29:41]   ⚠️  duplicate SKU across inv: 3845 (last wins)
[14:29:41]   ⚠️  duplicate SKU across inv: 3890 (last wins)
[14:29:41]   ⚠️  duplicate SKU across inv: 3892 (last wins)
[14:29:41]   ⚠️  duplicate SKU across inv: 3893 (last wins)
[14:29:41]   ⚠️  duplicate SKU across inv: 4233 (last wins)
[14:29:41]   ⚠️  duplicate SKU across inv: 4577 (last wins)
[14:29:41]   ⚠️  duplicate SKU across inv: 4583 (last wins)
[14:29:41]   ⚠️  duplicate SKU across inv: 4659 (last wins)
[14:29:41]   ⚠️  duplicate SKU across inv: 4662 (last wins)
[14:29:41]   ⚠️  duplicate SKU across inv: 4664 (last wins)
[14:29:41]   ⚠️  duplicate SKU across inv: 4666 (last wins)
[14:29:41]   ⚠️  duplicate SKU across inv: 4698 (last wins)
[14:29:41]   ⚠️  duplicate SKU across inv: 4699 (last wins)
[14:29:41] BL inv 111230: fetching product list...
[14:29:41]   → 448 products, fetching data in batches of 100...
[14:29:42]   → mapped 447 unique SKU
[14:29:42] Total unique SKU from BL: 2758
[14:29:42] Payload items (price > 0): 2757
[14:29:42] === PATCH ERLI ===
[14:29:43]   batch [1-100]: ✅ HTTP 200
[14:29:44]   batch [101-200]: ✅ HTTP 200
[14:29:45]   batch [201-300]: ✅ HTTP 200
[14:29:46]   batch [301-400]: ✅ HTTP 200
[14:29:48]   batch [401-500]: ✅ HTTP 200
[14:29:49]   batch [501-600]: ✅ HTTP 200
[14:29:50]   batch [601-700]: ✅ HTTP 200
[14:29:51]   batch [701-800]: ✅ HTTP 200
[14:29:52]   batch [801-900]: ✅ HTTP 200
[14:29:53]   batch [901-1000]: ✅ HTTP 200
[14:29:55]   batch [1001-1100]: ✅ HTTP 200
[14:29:56]   batch [1101-1200]: ✅ HTTP 200
[14:29:57]   batch [1201-1300]: ✅ HTTP 200
[14:29:58]   batch [1301-1400]: ✅ HTTP 200
[14:29:59]   batch [1401-1500]: ✅ HTTP 200
[14:30:00]   batch [1501-1600]: ✅ HTTP 200
[14:30:02]   batch [1601-1700]: ✅ HTTP 200
[14:30:03]   batch [1701-1800]: ✅ HTTP 200
[14:30:04]   batch [1801-1900]: ✅ HTTP 200
[14:30:05]   batch [1901-2000]: ✅ HTTP 200
[14:30:06]   batch [2001-2100]: ✅ HTTP 200
[14:30:08]   batch [2101-2200]: ✅ HTTP 200
[14:30:09]   batch [2201-2300]: ✅ HTTP 200
[14:30:10]   batch [2301-2400]: ✅ HTTP 200
[14:30:11]   batch [2401-2500]: ✅ HTTP 200
[14:30:13]   batch [2501-2600]: ✅ HTTP 200
[14:30:14]   batch [2601-2700]: ✅ HTTP 200
[14:30:15]   batch [2701-2757]: ✅ HTTP 200
[14:30:16] Saved: /Users/jakubknap/Documents/Projects/marketia-xml-pro/output/stock_sync_20260721_143016.json
[14:30:16] SYNC SUMMARY: bl_sku=2758  payload=2757  batch_ok=2757  batch_fail=0
[15:00:16] Sync inventories: [45513, 52173, 111230]
[15:00:16] === FETCH BL ===
[15:00:16] BL inv 45513: fetching product list...
[15:00:16]   → 842 products, fetching data in batches of 100...
[15:00:19]   → mapped 799 unique SKU
[15:00:19] BL inv 52173: fetching product list...
[15:00:20]   → 1558 products, fetching data in batches of 100...
[15:00:24]   → mapped 1558 unique SKU
[15:00:24]   ⚠️  duplicate SKU across inv: 1463 (last wins)
[15:00:24]   ⚠️  duplicate SKU across inv: 1711 (last wins)
[15:00:24]   ⚠️  duplicate SKU across inv: 1714 (last wins)
[15:00:24]   ⚠️  duplicate SKU across inv: 2168 (last wins)
[15:00:24]   ⚠️  duplicate SKU across inv: 2169 (last wins)
[15:00:24]   ⚠️  duplicate SKU across inv: 833 (last wins)
[15:00:24]   ⚠️  duplicate SKU across inv: 2162 (last wins)
[15:00:24]   ⚠️  duplicate SKU across inv: 840 (last wins)
[15:00:24]   ⚠️  duplicate SKU across inv: 2538 (last wins)
[15:00:24]   ⚠️  duplicate SKU across inv: 2541 (last wins)
[15:00:24]   ⚠️  duplicate SKU across inv: 2542 (last wins)
[15:00:24]   ⚠️  duplicate SKU across inv: 2640 (last wins)
[15:00:24]   ⚠️  duplicate SKU across inv: 2641 (last wins)
[15:00:24]   ⚠️  duplicate SKU across inv: 3380 (last wins)
[15:00:24]   ⚠️  duplicate SKU across inv: 3381 (last wins)
[15:00:24]   ⚠️  duplicate SKU across inv: 3384 (last wins)
[15:00:24]   ⚠️  duplicate SKU across inv: 3387 (last wins)
[15:00:24]   ⚠️  duplicate SKU across inv: 3400 (last wins)
[15:00:24]   ⚠️  duplicate SKU across inv: 3401 (last wins)
[15:00:24]   ⚠️  duplicate SKU across inv: 3402 (last wins)
[15:00:24]   ⚠️  duplicate SKU across inv: 3405 (last wins)
[15:00:24]   ⚠️  duplicate SKU across inv: 3418 (last wins)
[15:00:24]   ⚠️  duplicate SKU across inv: 3420 (last wins)
[15:00:24]   ⚠️  duplicate SKU across inv: 3458 (last wins)
[15:00:24]   ⚠️  duplicate SKU across inv: 3804 (last wins)
[15:00:24]   ⚠️  duplicate SKU across inv: 3806 (last wins)
[15:00:24]   ⚠️  duplicate SKU across inv: 3807 (last wins)
[15:00:24]   ⚠️  duplicate SKU across inv: 3808 (last wins)
[15:00:24]   ⚠️  duplicate SKU across inv: 3812 (last wins)
[15:00:24]   ⚠️  duplicate SKU across inv: 3833 (last wins)
[15:00:24]   ⚠️  duplicate SKU across inv: 3834 (last wins)
[15:00:24]   ⚠️  duplicate SKU across inv: 3835 (last wins)
[15:00:24]   ⚠️  duplicate SKU across inv: 3844 (last wins)
[15:00:24]   ⚠️  duplicate SKU across inv: 3845 (last wins)
[15:00:24]   ⚠️  duplicate SKU across inv: 3890 (last wins)
[15:00:24]   ⚠️  duplicate SKU across inv: 3892 (last wins)
[15:00:24]   ⚠️  duplicate SKU across inv: 3893 (last wins)
[15:00:24]   ⚠️  duplicate SKU across inv: 4233 (last wins)
[15:00:24]   ⚠️  duplicate SKU across inv: 4577 (last wins)
[15:00:24]   ⚠️  duplicate SKU across inv: 4583 (last wins)
[15:00:24]   ⚠️  duplicate SKU across inv: 4659 (last wins)
[15:00:24]   ⚠️  duplicate SKU across inv: 4662 (last wins)
[15:00:24]   ⚠️  duplicate SKU across inv: 4664 (last wins)
[15:00:24]   ⚠️  duplicate SKU across inv: 4666 (last wins)
[15:00:24]   ⚠️  duplicate SKU across inv: 4698 (last wins)
[15:00:24]   ⚠️  duplicate SKU across inv: 4699 (last wins)
[15:00:24] BL inv 111230: fetching product list...
[15:00:25]   → 448 products, fetching data in batches of 100...
[15:00:26]   → mapped 447 unique SKU
[15:00:26] Total unique SKU from BL: 2758
[15:00:26] Payload items (price > 0): 2757
[15:00:26] === PATCH ERLI ===
[15:00:27]   batch [1-100]: ✅ HTTP 200
[15:00:28]   batch [101-200]: ✅ HTTP 200
[15:00:29]   batch [201-300]: ✅ HTTP 200
[15:00:30]   batch [301-400]: ✅ HTTP 200
[15:00:31]   batch [401-500]: ✅ HTTP 200
[15:00:33]   batch [501-600]: ✅ HTTP 200
[15:00:34]   batch [601-700]: ✅ HTTP 200
[15:00:36]   batch [701-800]: ✅ HTTP 200
[15:00:37]   batch [801-900]: ✅ HTTP 200
[15:00:38]   batch [901-1000]: ✅ HTTP 200
[15:00:39]   batch [1001-1100]: ✅ HTTP 200
[15:00:41]   batch [1101-1200]: ✅ HTTP 200
[15:00:42]   batch [1201-1300]: ✅ HTTP 200
[15:00:43]   batch [1301-1400]: ✅ HTTP 200
[15:00:44]   batch [1401-1500]: ✅ HTTP 200
[15:00:45]   batch [1501-1600]: ✅ HTTP 200
[15:00:46]   batch [1601-1700]: ✅ HTTP 200
[15:00:47]   batch [1701-1800]: ✅ HTTP 200
[15:00:48]   batch [1801-1900]: ✅ HTTP 200
[15:00:49]   batch [1901-2000]: ✅ HTTP 200
[15:00:50]   batch [2001-2100]: ✅ HTTP 200
[15:00:51]   batch [2101-2200]: ✅ HTTP 200
[15:00:53]   batch [2201-2300]: ✅ HTTP 200
[15:00:54]   batch [2301-2400]: ✅ HTTP 200
[15:00:55]   batch [2401-2500]: ✅ HTTP 200
[15:00:56]   batch [2501-2600]: ✅ HTTP 200
[15:00:58]   batch [2601-2700]: ✅ HTTP 200
[15:00:59]   batch [2701-2757]: ✅ HTTP 200
[15:00:59] Saved: /Users/jakubknap/Documents/Projects/marketia-xml-pro/output/stock_sync_20260721_150059.json
[15:00:59] SYNC SUMMARY: bl_sku=2758  payload=2757  batch_ok=2757  batch_fail=0
[15:31:00] Sync inventories: [45513, 52173, 111230]
[15:31:00] === FETCH BL ===
[15:31:00] BL inv 45513: fetching product list...
[15:31:00]   → 842 products, fetching data in batches of 100...
[15:31:03]   → mapped 799 unique SKU
[15:31:03] BL inv 52173: fetching product list...
[15:31:04]   → 1558 products, fetching data in batches of 100...
[15:31:09]   → mapped 1558 unique SKU
[15:31:09]   ⚠️  duplicate SKU across inv: 1463 (last wins)
[15:31:09]   ⚠️  duplicate SKU across inv: 1711 (last wins)
[15:31:09]   ⚠️  duplicate SKU across inv: 1714 (last wins)
[15:31:09]   ⚠️  duplicate SKU across inv: 2168 (last wins)
[15:31:09]   ⚠️  duplicate SKU across inv: 2169 (last wins)
[15:31:09]   ⚠️  duplicate SKU across inv: 833 (last wins)
[15:31:09]   ⚠️  duplicate SKU across inv: 2162 (last wins)
[15:31:09]   ⚠️  duplicate SKU across inv: 840 (last wins)
[15:31:09]   ⚠️  duplicate SKU across inv: 2538 (last wins)
[15:31:09]   ⚠️  duplicate SKU across inv: 2541 (last wins)
[15:31:09]   ⚠️  duplicate SKU across inv: 2542 (last wins)
[15:31:09]   ⚠️  duplicate SKU across inv: 2640 (last wins)
[15:31:09]   ⚠️  duplicate SKU across inv: 2641 (last wins)
[15:31:09]   ⚠️  duplicate SKU across inv: 3380 (last wins)
[15:31:09]   ⚠️  duplicate SKU across inv: 3381 (last wins)
[15:31:09]   ⚠️  duplicate SKU across inv: 3384 (last wins)
[15:31:09]   ⚠️  duplicate SKU across inv: 3387 (last wins)
[15:31:09]   ⚠️  duplicate SKU across inv: 3400 (last wins)
[15:31:09]   ⚠️  duplicate SKU across inv: 3401 (last wins)
[15:31:09]   ⚠️  duplicate SKU across inv: 3402 (last wins)
[15:31:09]   ⚠️  duplicate SKU across inv: 3405 (last wins)
[15:31:09]   ⚠️  duplicate SKU across inv: 3418 (last wins)
[15:31:09]   ⚠️  duplicate SKU across inv: 3420 (last wins)
[15:31:09]   ⚠️  duplicate SKU across inv: 3458 (last wins)
[15:31:09]   ⚠️  duplicate SKU across inv: 3804 (last wins)
[15:31:09]   ⚠️  duplicate SKU across inv: 3806 (last wins)
[15:31:09]   ⚠️  duplicate SKU across inv: 3807 (last wins)
[15:31:09]   ⚠️  duplicate SKU across inv: 3808 (last wins)
[15:31:09]   ⚠️  duplicate SKU across inv: 3812 (last wins)
[15:31:09]   ⚠️  duplicate SKU across inv: 3833 (last wins)
[15:31:09]   ⚠️  duplicate SKU across inv: 3834 (last wins)
[15:31:09]   ⚠️  duplicate SKU across inv: 3835 (last wins)
[15:31:09]   ⚠️  duplicate SKU across inv: 3844 (last wins)
[15:31:09]   ⚠️  duplicate SKU across inv: 3845 (last wins)
[15:31:09]   ⚠️  duplicate SKU across inv: 3890 (last wins)
[15:31:09]   ⚠️  duplicate SKU across inv: 3892 (last wins)
[15:31:09]   ⚠️  duplicate SKU across inv: 3893 (last wins)
[15:31:09]   ⚠️  duplicate SKU across inv: 4233 (last wins)
[15:31:09]   ⚠️  duplicate SKU across inv: 4577 (last wins)
[15:31:09]   ⚠️  duplicate SKU across inv: 4583 (last wins)
[15:31:09]   ⚠️  duplicate SKU across inv: 4659 (last wins)
[15:31:09]   ⚠️  duplicate SKU across inv: 4662 (last wins)
[15:31:09]   ⚠️  duplicate SKU across inv: 4664 (last wins)
[15:31:09]   ⚠️  duplicate SKU across inv: 4666 (last wins)
[15:31:09]   ⚠️  duplicate SKU across inv: 4698 (last wins)
[15:31:09]   ⚠️  duplicate SKU across inv: 4699 (last wins)
[15:31:09] BL inv 111230: fetching product list...
[15:31:09]   → 448 products, fetching data in batches of 100...
[15:31:10]   → mapped 447 unique SKU
[15:31:10] Total unique SKU from BL: 2758
[15:31:10] Payload items (price > 0): 2757
[15:31:10] === PATCH ERLI ===
[15:31:11]   batch [1-100]: ✅ HTTP 200
[15:31:12]   batch [101-200]: ✅ HTTP 200
[15:31:13]   batch [201-300]: ✅ HTTP 200
[15:31:15]   batch [301-400]: ✅ HTTP 200
[15:31:16]   batch [401-500]: ✅ HTTP 200
[15:31:17]   batch [501-600]: ✅ HTTP 200
[15:31:18]   batch [601-700]: ✅ HTTP 200
[15:31:19]   batch [701-800]: ✅ HTTP 200
[15:31:21]   batch [801-900]: ✅ HTTP 200
[15:31:22]   batch [901-1000]: ✅ HTTP 200
[15:31:23]   batch [1001-1100]: ✅ HTTP 200
[15:31:25]   batch [1101-1200]: ✅ HTTP 200
[15:31:27]   batch [1201-1300]: ✅ HTTP 200
[15:31:28]   batch [1301-1400]: ✅ HTTP 200
[15:31:29]   batch [1401-1500]: ✅ HTTP 200
[15:31:30]   batch [1501-1600]: ✅ HTTP 200
[15:31:31]   batch [1601-1700]: ✅ HTTP 200
[15:31:33]   batch [1701-1800]: ✅ HTTP 200
[15:31:34]   batch [1801-1900]: ✅ HTTP 200
[15:31:35]   batch [1901-2000]: ✅ HTTP 200
[15:31:36]   batch [2001-2100]: ✅ HTTP 200
[15:31:38]   batch [2101-2200]: ✅ HTTP 200
[15:31:39]   batch [2201-2300]: ✅ HTTP 200
[15:31:41]   batch [2301-2400]: ✅ HTTP 200
[15:31:42]   batch [2401-2500]: ✅ HTTP 200
[15:31:43]   batch [2501-2600]: ✅ HTTP 200
[15:31:44]   batch [2601-2700]: ✅ HTTP 200
[15:31:45]   batch [2701-2757]: ⏳ 429, sleep 10s + retry
[15:31:56]     ✅ retry OK (200)
[15:31:56] Saved: /Users/jakubknap/Documents/Projects/marketia-xml-pro/output/stock_sync_20260721_153156.json
[15:31:56] SYNC SUMMARY: bl_sku=2758  payload=2757  batch_ok=2757  batch_fail=0
[16:01:57] Sync inventories: [45513, 52173, 111230]
[16:01:57] === FETCH BL ===
[16:01:57] BL inv 45513: fetching product list...
[16:01:57]   → 842 products, fetching data in batches of 100...
[16:02:00]   → mapped 799 unique SKU
[16:02:00] BL inv 52173: fetching product list...
[16:02:00]   → 1558 products, fetching data in batches of 100...
[16:02:04]   → mapped 1558 unique SKU
[16:02:04]   ⚠️  duplicate SKU across inv: 1463 (last wins)
[16:02:04]   ⚠️  duplicate SKU across inv: 1711 (last wins)
[16:02:04]   ⚠️  duplicate SKU across inv: 1714 (last wins)
[16:02:04]   ⚠️  duplicate SKU across inv: 2168 (last wins)
[16:02:04]   ⚠️  duplicate SKU across inv: 2169 (last wins)
[16:02:04]   ⚠️  duplicate SKU across inv: 833 (last wins)
[16:02:04]   ⚠️  duplicate SKU across inv: 2162 (last wins)
[16:02:04]   ⚠️  duplicate SKU across inv: 840 (last wins)
[16:02:04]   ⚠️  duplicate SKU across inv: 2538 (last wins)
[16:02:04]   ⚠️  duplicate SKU across inv: 2541 (last wins)
[16:02:04]   ⚠️  duplicate SKU across inv: 2542 (last wins)
[16:02:04]   ⚠️  duplicate SKU across inv: 2640 (last wins)
[16:02:04]   ⚠️  duplicate SKU across inv: 2641 (last wins)
[16:02:04]   ⚠️  duplicate SKU across inv: 3380 (last wins)
[16:02:04]   ⚠️  duplicate SKU across inv: 3381 (last wins)
[16:02:04]   ⚠️  duplicate SKU across inv: 3384 (last wins)
[16:02:04]   ⚠️  duplicate SKU across inv: 3387 (last wins)
[16:02:04]   ⚠️  duplicate SKU across inv: 3400 (last wins)
[16:02:04]   ⚠️  duplicate SKU across inv: 3401 (last wins)
[16:02:04]   ⚠️  duplicate SKU across inv: 3402 (last wins)
[16:02:04]   ⚠️  duplicate SKU across inv: 3405 (last wins)
[16:02:04]   ⚠️  duplicate SKU across inv: 3418 (last wins)
[16:02:04]   ⚠️  duplicate SKU across inv: 3420 (last wins)
[16:02:04]   ⚠️  duplicate SKU across inv: 3458 (last wins)
[16:02:04]   ⚠️  duplicate SKU across inv: 3804 (last wins)
[16:02:04]   ⚠️  duplicate SKU across inv: 3806 (last wins)
[16:02:04]   ⚠️  duplicate SKU across inv: 3807 (last wins)
[16:02:04]   ⚠️  duplicate SKU across inv: 3808 (last wins)
[16:02:04]   ⚠️  duplicate SKU across inv: 3812 (last wins)
[16:02:04]   ⚠️  duplicate SKU across inv: 3833 (last wins)
[16:02:04]   ⚠️  duplicate SKU across inv: 3834 (last wins)
[16:02:04]   ⚠️  duplicate SKU across inv: 3835 (last wins)
[16:02:04]   ⚠️  duplicate SKU across inv: 3844 (last wins)
[16:02:04]   ⚠️  duplicate SKU across inv: 3845 (last wins)
[16:02:04]   ⚠️  duplicate SKU across inv: 3890 (last wins)
[16:02:04]   ⚠️  duplicate SKU across inv: 3892 (last wins)
[16:02:04]   ⚠️  duplicate SKU across inv: 3893 (last wins)
[16:02:04]   ⚠️  duplicate SKU across inv: 4233 (last wins)
[16:02:04]   ⚠️  duplicate SKU across inv: 4577 (last wins)
[16:02:04]   ⚠️  duplicate SKU across inv: 4583 (last wins)
[16:02:04]   ⚠️  duplicate SKU across inv: 4659 (last wins)
[16:02:04]   ⚠️  duplicate SKU across inv: 4662 (last wins)
[16:02:04]   ⚠️  duplicate SKU across inv: 4664 (last wins)
[16:02:04]   ⚠️  duplicate SKU across inv: 4666 (last wins)
[16:02:04]   ⚠️  duplicate SKU across inv: 4698 (last wins)
[16:02:04]   ⚠️  duplicate SKU across inv: 4699 (last wins)
[16:02:04] BL inv 111230: fetching product list...
[16:02:05]   → 448 products, fetching data in batches of 100...
[16:02:06]   → mapped 447 unique SKU
[16:02:06] Total unique SKU from BL: 2758
[16:02:06] Payload items (price > 0): 2757
[16:02:06] === PATCH ERLI ===
[16:02:07]   batch [1-100]: ✅ HTTP 200
[16:02:08]   batch [101-200]: ✅ HTTP 200
[16:02:09]   batch [201-300]: ✅ HTTP 200
[16:02:10]   batch [301-400]: ✅ HTTP 200
[16:02:12]   batch [401-500]: ✅ HTTP 200
[16:02:13]   batch [501-600]: ✅ HTTP 200
[16:02:14]   batch [601-700]: ✅ HTTP 200
[16:02:15]   batch [701-800]: ✅ HTTP 200
[16:02:18]   batch [801-900]: ✅ HTTP 200
[16:02:19]   batch [901-1000]: ✅ HTTP 200
[16:02:21]   batch [1001-1100]: ✅ HTTP 200
[16:02:22]   batch [1101-1200]: ✅ HTTP 200
[16:02:23]   batch [1201-1300]: ✅ HTTP 200
[16:02:24]   batch [1301-1400]: ✅ HTTP 200
[16:02:25]   batch [1401-1500]: ✅ HTTP 200
[16:02:26]   batch [1501-1600]: ✅ HTTP 200
[16:02:27]   batch [1601-1700]: ✅ HTTP 200
[16:02:29]   batch [1701-1800]: ✅ HTTP 200
[16:02:30]   batch [1801-1900]: ✅ HTTP 200
[16:02:31]   batch [1901-2000]: ✅ HTTP 200
[16:02:32]   batch [2001-2100]: ✅ HTTP 200
[16:02:34]   batch [2101-2200]: ✅ HTTP 200
[16:02:35]   batch [2201-2300]: ✅ HTTP 200
[16:02:36]   batch [2301-2400]: ✅ HTTP 200
[16:02:37]   batch [2401-2500]: ✅ HTTP 200
[16:02:38]   batch [2501-2600]: ✅ HTTP 200
[16:02:40]   batch [2601-2700]: ✅ HTTP 200
[16:02:41]   batch [2701-2757]: ✅ HTTP 200
[16:02:41] Saved: /Users/jakubknap/Documents/Projects/marketia-xml-pro/output/stock_sync_20260721_160241.json
[16:02:41] SYNC SUMMARY: bl_sku=2758  payload=2757  batch_ok=2757  batch_fail=0
[16:32:42] Sync inventories: [45513, 52173, 111230]
[16:32:42] === FETCH BL ===
[16:32:42] BL inv 45513: fetching product list...
[16:32:42]   → 842 products, fetching data in batches of 100...
[16:32:45]   → mapped 799 unique SKU
[16:32:45] BL inv 52173: fetching product list...
[16:32:45]   → 1558 products, fetching data in batches of 100...
[16:32:50]   → mapped 1558 unique SKU
[16:32:50]   ⚠️  duplicate SKU across inv: 1463 (last wins)
[16:32:50]   ⚠️  duplicate SKU across inv: 1711 (last wins)
[16:32:50]   ⚠️  duplicate SKU across inv: 1714 (last wins)
[16:32:50]   ⚠️  duplicate SKU across inv: 2168 (last wins)
[16:32:50]   ⚠️  duplicate SKU across inv: 2169 (last wins)
[16:32:50]   ⚠️  duplicate SKU across inv: 833 (last wins)
[16:32:50]   ⚠️  duplicate SKU across inv: 2162 (last wins)
[16:32:50]   ⚠️  duplicate SKU across inv: 840 (last wins)
[16:32:50]   ⚠️  duplicate SKU across inv: 2538 (last wins)
[16:32:50]   ⚠️  duplicate SKU across inv: 2541 (last wins)
[16:32:50]   ⚠️  duplicate SKU across inv: 2542 (last wins)
[16:32:50]   ⚠️  duplicate SKU across inv: 2640 (last wins)
[16:32:50]   ⚠️  duplicate SKU across inv: 2641 (last wins)
[16:32:50]   ⚠️  duplicate SKU across inv: 3380 (last wins)
[16:32:50]   ⚠️  duplicate SKU across inv: 3381 (last wins)
[16:32:50]   ⚠️  duplicate SKU across inv: 3384 (last wins)
[16:32:50]   ⚠️  duplicate SKU across inv: 3387 (last wins)
[16:32:50]   ⚠️  duplicate SKU across inv: 3400 (last wins)
[16:32:50]   ⚠️  duplicate SKU across inv: 3401 (last wins)
[16:32:50]   ⚠️  duplicate SKU across inv: 3402 (last wins)
[16:32:50]   ⚠️  duplicate SKU across inv: 3405 (last wins)
[16:32:50]   ⚠️  duplicate SKU across inv: 3418 (last wins)
[16:32:50]   ⚠️  duplicate SKU across inv: 3420 (last wins)
[16:32:50]   ⚠️  duplicate SKU across inv: 3458 (last wins)
[16:32:50]   ⚠️  duplicate SKU across inv: 3804 (last wins)
[16:32:50]   ⚠️  duplicate SKU across inv: 3806 (last wins)
[16:32:50]   ⚠️  duplicate SKU across inv: 3807 (last wins)
[16:32:50]   ⚠️  duplicate SKU across inv: 3808 (last wins)
[16:32:50]   ⚠️  duplicate SKU across inv: 3812 (last wins)
[16:32:50]   ⚠️  duplicate SKU across inv: 3833 (last wins)
[16:32:50]   ⚠️  duplicate SKU across inv: 3834 (last wins)
[16:32:50]   ⚠️  duplicate SKU across inv: 3835 (last wins)
[16:32:50]   ⚠️  duplicate SKU across inv: 3844 (last wins)
[16:32:50]   ⚠️  duplicate SKU across inv: 3845 (last wins)
[16:32:50]   ⚠️  duplicate SKU across inv: 3890 (last wins)
[16:32:50]   ⚠️  duplicate SKU across inv: 3892 (last wins)
[16:32:50]   ⚠️  duplicate SKU across inv: 3893 (last wins)
[16:32:50]   ⚠️  duplicate SKU across inv: 4233 (last wins)
[16:32:50]   ⚠️  duplicate SKU across inv: 4577 (last wins)
[16:32:50]   ⚠️  duplicate SKU across inv: 4583 (last wins)
[16:32:50]   ⚠️  duplicate SKU across inv: 4659 (last wins)
[16:32:50]   ⚠️  duplicate SKU across inv: 4662 (last wins)
[16:32:50]   ⚠️  duplicate SKU across inv: 4664 (last wins)
[16:32:50]   ⚠️  duplicate SKU across inv: 4666 (last wins)
[16:32:50]   ⚠️  duplicate SKU across inv: 4698 (last wins)
[16:32:50]   ⚠️  duplicate SKU across inv: 4699 (last wins)
[16:32:50] BL inv 111230: fetching product list...
[16:32:50]   → 448 products, fetching data in batches of 100...
[16:32:52]   → mapped 447 unique SKU
[16:32:52] Total unique SKU from BL: 2758
[16:32:52] Payload items (price > 0): 2757
[16:32:52] === PATCH ERLI ===
[16:32:52]   batch [1-100]: ✅ HTTP 200
[16:32:54]   batch [101-200]: ✅ HTTP 200
[16:32:55]   batch [201-300]: ✅ HTTP 200
[16:32:56]   batch [301-400]: ✅ HTTP 200
[16:32:57]   batch [401-500]: ✅ HTTP 200
[16:32:58]   batch [501-600]: ✅ HTTP 200
[16:32:59]   batch [601-700]: ✅ HTTP 200
[16:33:00]   batch [701-800]: ✅ HTTP 200
[16:33:01]   batch [801-900]: ✅ HTTP 200
[16:33:02]   batch [901-1000]: ✅ HTTP 200
[16:33:04]   batch [1001-1100]: ✅ HTTP 200
[16:33:05]   batch [1101-1200]: ✅ HTTP 200
[16:33:06]   batch [1201-1300]: ✅ HTTP 200
[16:33:07]   batch [1301-1400]: ✅ HTTP 200
[16:33:08]   batch [1401-1500]: ✅ HTTP 200
[16:33:09]   batch [1501-1600]: ✅ HTTP 200
[16:33:11]   batch [1601-1700]: ✅ HTTP 200
[16:33:12]   batch [1701-1800]: ✅ HTTP 200
[16:33:13]   batch [1801-1900]: ✅ HTTP 200
[16:33:14]   batch [1901-2000]: ✅ HTTP 200
[16:33:15]   batch [2001-2100]: ✅ HTTP 200
[16:33:16]   batch [2101-2200]: ✅ HTTP 200
[16:33:17]   batch [2201-2300]: ✅ HTTP 200
[16:33:19]   batch [2301-2400]: ✅ HTTP 200
[16:33:20]   batch [2401-2500]: ✅ HTTP 200
[16:33:21]   batch [2501-2600]: ✅ HTTP 200
[16:33:22]   batch [2601-2700]: ✅ HTTP 200
[16:33:23]   batch [2701-2757]: ✅ HTTP 200
[16:33:24] Saved: /Users/jakubknap/Documents/Projects/marketia-xml-pro/output/stock_sync_20260721_163324.json
[16:33:24] SYNC SUMMARY: bl_sku=2758  payload=2757  batch_ok=2757  batch_fail=0
[17:03:24] Sync inventories: [45513, 52173, 111230]
[17:03:24] === FETCH BL ===
[17:03:24] BL inv 45513: fetching product list...
[17:03:25]   → 842 products, fetching data in batches of 100...
[17:03:27]   → mapped 799 unique SKU
[17:03:27] BL inv 52173: fetching product list...
[17:03:28]   → 1558 products, fetching data in batches of 100...
[17:03:32]   → mapped 1558 unique SKU
[17:03:32]   ⚠️  duplicate SKU across inv: 1463 (last wins)
[17:03:32]   ⚠️  duplicate SKU across inv: 1711 (last wins)
[17:03:32]   ⚠️  duplicate SKU across inv: 1714 (last wins)
[17:03:32]   ⚠️  duplicate SKU across inv: 2168 (last wins)
[17:03:32]   ⚠️  duplicate SKU across inv: 2169 (last wins)
[17:03:32]   ⚠️  duplicate SKU across inv: 833 (last wins)
[17:03:32]   ⚠️  duplicate SKU across inv: 2162 (last wins)
[17:03:32]   ⚠️  duplicate SKU across inv: 840 (last wins)
[17:03:32]   ⚠️  duplicate SKU across inv: 2538 (last wins)
[17:03:32]   ⚠️  duplicate SKU across inv: 2541 (last wins)
[17:03:32]   ⚠️  duplicate SKU across inv: 2542 (last wins)
[17:03:32]   ⚠️  duplicate SKU across inv: 2640 (last wins)
[17:03:32]   ⚠️  duplicate SKU across inv: 2641 (last wins)
[17:03:32]   ⚠️  duplicate SKU across inv: 3380 (last wins)
[17:03:32]   ⚠️  duplicate SKU across inv: 3381 (last wins)
[17:03:32]   ⚠️  duplicate SKU across inv: 3384 (last wins)
[17:03:32]   ⚠️  duplicate SKU across inv: 3387 (last wins)
[17:03:32]   ⚠️  duplicate SKU across inv: 3400 (last wins)
[17:03:32]   ⚠️  duplicate SKU across inv: 3401 (last wins)
[17:03:32]   ⚠️  duplicate SKU across inv: 3402 (last wins)
[17:03:32]   ⚠️  duplicate SKU across inv: 3405 (last wins)
[17:03:32]   ⚠️  duplicate SKU across inv: 3418 (last wins)
[17:03:32]   ⚠️  duplicate SKU across inv: 3420 (last wins)
[17:03:32]   ⚠️  duplicate SKU across inv: 3458 (last wins)
[17:03:32]   ⚠️  duplicate SKU across inv: 3804 (last wins)
[17:03:32]   ⚠️  duplicate SKU across inv: 3806 (last wins)
[17:03:32]   ⚠️  duplicate SKU across inv: 3807 (last wins)
[17:03:32]   ⚠️  duplicate SKU across inv: 3808 (last wins)
[17:03:32]   ⚠️  duplicate SKU across inv: 3812 (last wins)
[17:03:32]   ⚠️  duplicate SKU across inv: 3833 (last wins)
[17:03:32]   ⚠️  duplicate SKU across inv: 3834 (last wins)
[17:03:32]   ⚠️  duplicate SKU across inv: 3835 (last wins)
[17:03:32]   ⚠️  duplicate SKU across inv: 3844 (last wins)
[17:03:32]   ⚠️  duplicate SKU across inv: 3845 (last wins)
[17:03:32]   ⚠️  duplicate SKU across inv: 3890 (last wins)
[17:03:32]   ⚠️  duplicate SKU across inv: 3892 (last wins)
[17:03:32]   ⚠️  duplicate SKU across inv: 3893 (last wins)
[17:03:32]   ⚠️  duplicate SKU across inv: 4233 (last wins)
[17:03:32]   ⚠️  duplicate SKU across inv: 4577 (last wins)
[17:03:32]   ⚠️  duplicate SKU across inv: 4583 (last wins)
[17:03:32]   ⚠️  duplicate SKU across inv: 4659 (last wins)
[17:03:32]   ⚠️  duplicate SKU across inv: 4662 (last wins)
[17:03:32]   ⚠️  duplicate SKU across inv: 4664 (last wins)
[17:03:32]   ⚠️  duplicate SKU across inv: 4666 (last wins)
[17:03:32]   ⚠️  duplicate SKU across inv: 4698 (last wins)
[17:03:32]   ⚠️  duplicate SKU across inv: 4699 (last wins)
[17:03:32] BL inv 111230: fetching product list...
[17:03:32]   → 448 products, fetching data in batches of 100...
[17:03:36]   → mapped 447 unique SKU
[17:03:36] Total unique SKU from BL: 2758
[17:03:36] Payload items (price > 0): 2757
[17:03:36] === PATCH ERLI ===
[17:03:36]   batch [1-100]: ✅ HTTP 200
[17:03:37]   batch [101-200]: ✅ HTTP 200
[17:03:38]   batch [201-300]: ✅ HTTP 200
[17:03:39]   batch [301-400]: ✅ HTTP 200
[17:03:41]   batch [401-500]: ✅ HTTP 200
[17:03:42]   batch [501-600]: ✅ HTTP 200
[17:03:43]   batch [601-700]: ✅ HTTP 200
[17:03:44]   batch [701-800]: ✅ HTTP 200
[17:03:46]   batch [801-900]: ✅ HTTP 200
[17:03:47]   batch [901-1000]: ✅ HTTP 200
[17:03:48]   batch [1001-1100]: ✅ HTTP 200
[17:03:49]   batch [1101-1200]: ✅ HTTP 200
[17:03:50]   batch [1201-1300]: ✅ HTTP 200
[17:03:51]   batch [1301-1400]: ✅ HTTP 200
[17:03:53]   batch [1401-1500]: ✅ HTTP 200
[17:03:54]   batch [1501-1600]: ✅ HTTP 200
[17:03:55]   batch [1601-1700]: ✅ HTTP 200
[17:03:56]   batch [1701-1800]: ✅ HTTP 200
[17:03:57]   batch [1801-1900]: ✅ HTTP 200
[17:03:58]   batch [1901-2000]: ✅ HTTP 200
[17:04:00]   batch [2001-2100]: ✅ HTTP 200
[17:04:01]   batch [2101-2200]: ✅ HTTP 200
[17:04:02]   batch [2201-2300]: ✅ HTTP 200
[17:04:03]   batch [2301-2400]: ✅ HTTP 200
[17:04:04]   batch [2401-2500]: ✅ HTTP 200
[17:04:05]   batch [2501-2600]: ✅ HTTP 200
[17:04:07]   batch [2601-2700]: ✅ HTTP 200
[17:04:08]   batch [2701-2757]: ✅ HTTP 200
[17:04:09] Saved: /Users/jakubknap/Documents/Projects/marketia-xml-pro/output/stock_sync_20260721_170409.json
[17:04:09] SYNC SUMMARY: bl_sku=2758  payload=2757  batch_ok=2757  batch_fail=0
[17:34:09] Sync inventories: [45513, 52173, 111230]
[17:34:09] === FETCH BL ===
[17:34:09] BL inv 45513: fetching product list...
[17:34:09]   → 842 products, fetching data in batches of 100...
[17:34:12]   → mapped 799 unique SKU
[17:34:12] BL inv 52173: fetching product list...
[17:34:12]   → 1558 products, fetching data in batches of 100...
[17:34:17]   → mapped 1558 unique SKU
[17:34:17]   ⚠️  duplicate SKU across inv: 1463 (last wins)
[17:34:17]   ⚠️  duplicate SKU across inv: 1711 (last wins)
[17:34:17]   ⚠️  duplicate SKU across inv: 1714 (last wins)
[17:34:17]   ⚠️  duplicate SKU across inv: 2168 (last wins)
[17:34:17]   ⚠️  duplicate SKU across inv: 2169 (last wins)
[17:34:17]   ⚠️  duplicate SKU across inv: 833 (last wins)
[17:34:17]   ⚠️  duplicate SKU across inv: 2162 (last wins)
[17:34:17]   ⚠️  duplicate SKU across inv: 840 (last wins)
[17:34:17]   ⚠️  duplicate SKU across inv: 2538 (last wins)
[17:34:17]   ⚠️  duplicate SKU across inv: 2541 (last wins)
[17:34:17]   ⚠️  duplicate SKU across inv: 2542 (last wins)
[17:34:17]   ⚠️  duplicate SKU across inv: 2640 (last wins)
[17:34:17]   ⚠️  duplicate SKU across inv: 2641 (last wins)
[17:34:17]   ⚠️  duplicate SKU across inv: 3380 (last wins)
[17:34:17]   ⚠️  duplicate SKU across inv: 3381 (last wins)
[17:34:17]   ⚠️  duplicate SKU across inv: 3384 (last wins)
[17:34:17]   ⚠️  duplicate SKU across inv: 3387 (last wins)
[17:34:17]   ⚠️  duplicate SKU across inv: 3400 (last wins)
[17:34:17]   ⚠️  duplicate SKU across inv: 3401 (last wins)
[17:34:17]   ⚠️  duplicate SKU across inv: 3402 (last wins)
[17:34:17]   ⚠️  duplicate SKU across inv: 3405 (last wins)
[17:34:17]   ⚠️  duplicate SKU across inv: 3418 (last wins)
[17:34:17]   ⚠️  duplicate SKU across inv: 3420 (last wins)
[17:34:17]   ⚠️  duplicate SKU across inv: 3458 (last wins)
[17:34:17]   ⚠️  duplicate SKU across inv: 3804 (last wins)
[17:34:17]   ⚠️  duplicate SKU across inv: 3806 (last wins)
[17:34:17]   ⚠️  duplicate SKU across inv: 3807 (last wins)
[17:34:17]   ⚠️  duplicate SKU across inv: 3808 (last wins)
[17:34:17]   ⚠️  duplicate SKU across inv: 3812 (last wins)
[17:34:17]   ⚠️  duplicate SKU across inv: 3833 (last wins)
[17:34:17]   ⚠️  duplicate SKU across inv: 3834 (last wins)
[17:34:17]   ⚠️  duplicate SKU across inv: 3835 (last wins)
[17:34:17]   ⚠️  duplicate SKU across inv: 3844 (last wins)
[17:34:17]   ⚠️  duplicate SKU across inv: 3845 (last wins)
[17:34:17]   ⚠️  duplicate SKU across inv: 3890 (last wins)
[17:34:17]   ⚠️  duplicate SKU across inv: 3892 (last wins)
[17:34:17]   ⚠️  duplicate SKU across inv: 3893 (last wins)
[17:34:17]   ⚠️  duplicate SKU across inv: 4233 (last wins)
[17:34:17]   ⚠️  duplicate SKU across inv: 4577 (last wins)
[17:34:17]   ⚠️  duplicate SKU across inv: 4583 (last wins)
[17:34:17]   ⚠️  duplicate SKU across inv: 4659 (last wins)
[17:34:17]   ⚠️  duplicate SKU across inv: 4662 (last wins)
[17:34:17]   ⚠️  duplicate SKU across inv: 4664 (last wins)
[17:34:17]   ⚠️  duplicate SKU across inv: 4666 (last wins)
[17:34:17]   ⚠️  duplicate SKU across inv: 4698 (last wins)
[17:34:17]   ⚠️  duplicate SKU across inv: 4699 (last wins)
[17:34:17] BL inv 111230: fetching product list...
[17:34:17]   → 448 products, fetching data in batches of 100...
[17:34:18]   → mapped 447 unique SKU
[17:34:18] Total unique SKU from BL: 2758
[17:34:18] Payload items (price > 0): 2757
[17:34:18] === PATCH ERLI ===
[17:34:18]   batch [1-100]: ⏳ 429, sleep 10s + retry
[17:34:29]     ❌ retry FAIL (429): {"failureType": "rateLimit", "message": "Rate limited", "httpCode": 429, "polishMessage": "Wyst\u0105pi\u0142 nieoczekiwany b\u0142\u0105d", "payload": "Rate limited", "spanId": "rqzdg4VN_421o", "trac
[17:34:29]   batch [101-200]: ⏳ 429, sleep 10s + retry
[17:34:40]     ❌ retry FAIL (429): {"failureType": "rateLimit", "message": "Rate limited", "httpCode": 429, "polishMessage": "Wyst\u0105pi\u0142 nieoczekiwany b\u0142\u0105d", "payload": "Rate limited", "spanId": "nmkw9NHYLLso3", "trac
[17:34:40]   batch [201-300]: ⏳ 429, sleep 10s + retry
[17:34:50]     ❌ retry FAIL (429): {"failureType": "rateLimit", "message": "Rate limited", "httpCode": 429, "polishMessage": "Wyst\u0105pi\u0142 nieoczekiwany b\u0142\u0105d", "payload": "Rate limited", "spanId": "xpgpksFz8AJ-7", "trac
[17:34:51]   batch [301-400]: ⏳ 429, sleep 10s + retry
[17:35:01]     ❌ retry FAIL (429): {"failureType": "rateLimit", "message": "Rate limited", "httpCode": 429, "polishMessage": "Wyst\u0105pi\u0142 nieoczekiwany b\u0142\u0105d", "payload": "Rate limited", "spanId": "zhkflVTd5XJs6", "trac
[17:35:02]   batch [401-500]: ⏳ 429, sleep 10s + retry
[17:35:12]     ❌ retry FAIL (429): {"failureType": "rateLimit", "message": "Rate limited", "httpCode": 429, "polishMessage": "Wyst\u0105pi\u0142 nieoczekiwany b\u0142\u0105d", "payload": "Rate limited", "spanId": "szbslnkqW3RjU", "trac
[17:35:13]   batch [501-600]: ⏳ 429, sleep 10s + retry
[17:35:23]     ❌ retry FAIL (429): {"failureType": "rateLimit", "message": "Rate limited", "httpCode": 429, "polishMessage": "Wyst\u0105pi\u0142 nieoczekiwany b\u0142\u0105d", "payload": "Rate limited", "spanId": "qll6vOkV8lzKv", "trac
[17:35:24]   batch [601-700]: ⏳ 429, sleep 10s + retry
[17:35:34]     ❌ retry FAIL (429): {"failureType": "rateLimit", "message": "Rate limited", "httpCode": 429, "polishMessage": "Wyst\u0105pi\u0142 nieoczekiwany b\u0142\u0105d", "payload": "Rate limited", "spanId": "5lhdsIRvEqsmn", "trac
[17:35:35]   batch [701-800]: ⏳ 429, sleep 10s + retry
[17:35:45]     ❌ retry FAIL (429): {"failureType": "rateLimit", "message": "Rate limited", "httpCode": 429, "polishMessage": "Wyst\u0105pi\u0142 nieoczekiwany b\u0142\u0105d", "payload": "Rate limited", "spanId": "pdvvkv9xPguvF", "trac
[17:35:46]   batch [801-900]: ⏳ 429, sleep 10s + retry
[17:35:56]     ❌ retry FAIL (429): {"failureType": "rateLimit", "message": "Rate limited", "httpCode": 429, "polishMessage": "Wyst\u0105pi\u0142 nieoczekiwany b\u0142\u0105d", "payload": "Rate limited", "spanId": "xnmqmR9BcaUvP", "trac
[17:35:56]   batch [901-1000]: ⏳ 429, sleep 10s + retry
[17:36:07]     ❌ retry FAIL (429): {"failureType": "rateLimit", "message": "Rate limited", "httpCode": 429, "polishMessage": "Wyst\u0105pi\u0142 nieoczekiwany b\u0142\u0105d", "payload": "Rate limited", "spanId": "qj8blIeBXAaWi", "trac
[17:36:07]   batch [1001-1100]: ⏳ 429, sleep 10s + retry
[17:36:17]     ❌ retry FAIL (429): {"failureType": "rateLimit", "message": "Rate limited", "httpCode": 429, "polishMessage": "Wyst\u0105pi\u0142 nieoczekiwany b\u0142\u0105d", "payload": "Rate limited", "spanId": "z8qbrGS6KiAMY", "trac
[17:36:18]   batch [1101-1200]: ⏳ 429, sleep 10s + retry
[17:36:28]     ❌ retry FAIL (429): {"failureType": "rateLimit", "message": "Rate limited", "httpCode": 429, "polishMessage": "Wyst\u0105pi\u0142 nieoczekiwany b\u0142\u0105d", "payload": "Rate limited", "spanId": "hjgkgcXm4L2wQ", "trac
[17:36:29]   batch [1201-1300]: ⏳ 429, sleep 10s + retry
[17:36:39]     ❌ retry FAIL (429): {"failureType": "rateLimit", "message": "Rate limited", "httpCode": 429, "polishMessage": "Wyst\u0105pi\u0142 nieoczekiwany b\u0142\u0105d", "payload": "Rate limited", "spanId": "qll6vPecqq2A3", "trac
[17:36:40]   batch [1301-1400]: ⏳ 429, sleep 10s + retry
[17:36:51]     ❌ retry FAIL (429): {"failureType": "rateLimit", "message": "Rate limited", "httpCode": 429, "polishMessage": "Wyst\u0105pi\u0142 nieoczekiwany b\u0142\u0105d", "payload": "Rate limited", "spanId": "6mgw51kyIGWhw", "trac
[17:36:51]   batch [1401-1500]: ⏳ 429, sleep 10s + retry
[17:37:02]     ❌ retry FAIL (429): {"failureType": "rateLimit", "message": "Rate limited", "httpCode": 429, "polishMessage": "Wyst\u0105pi\u0142 nieoczekiwany b\u0142\u0105d", "payload": "Rate limited", "spanId": "qj8bl_2vhXdmL", "trac
[17:37:02]   batch [1501-1600]: ⏳ 429, sleep 10s + retry
[17:37:13]     ❌ retry FAIL (429): {"failureType": "rateLimit", "message": "Rate limited", "httpCode": 429, "polishMessage": "Wyst\u0105pi\u0142 nieoczekiwany b\u0142\u0105d", "payload": "Rate limited", "spanId": "lxl2q6zF11kKX", "trac
[17:37:13]   batch [1601-1700]: ⏳ 429, sleep 10s + retry
[17:37:24]     ❌ retry FAIL (429): {"failureType": "rateLimit", "message": "Rate limited", "httpCode": 429, "polishMessage": "Wyst\u0105pi\u0142 nieoczekiwany b\u0142\u0105d", "payload": "Rate limited", "spanId": "ztkgxHl8FI_b-", "trac
[17:37:24]   batch [1701-1800]: ⏳ 429, sleep 10s + retry
[17:37:35]     ❌ retry FAIL (429): {"failureType": "rateLimit", "message": "Rate limited", "httpCode": 429, "polishMessage": "Wyst\u0105pi\u0142 nieoczekiwany b\u0142\u0105d", "payload": "Rate limited", "spanId": "szbsl0f3koJ-7", "trac
[17:37:36]   batch [1801-1900]: ⏳ 429, sleep 10s + retry
[17:37:46]     ❌ retry FAIL (429): {"failureType": "rateLimit", "message": "Rate limited", "httpCode": 429, "polishMessage": "Wyst\u0105pi\u0142 nieoczekiwany b\u0142\u0105d", "payload": "Rate limited", "spanId": "qll6v1-hzr2-L", "trac
[17:37:47]   batch [1901-2000]: ⏳ 429, sleep 10s + retry
[17:37:57]     ❌ retry FAIL (429): {"failureType": "rateLimit", "message": "Rate limited", "httpCode": 429, "polishMessage": "Wyst\u0105pi\u0142 nieoczekiwany b\u0142\u0105d", "payload": "Rate limited", "spanId": "4tswbMZJQ_mlh", "trac
[17:37:58]   batch [2001-2100]: ⏳ 429, sleep 10s + retry
[17:38:08]     ❌ retry FAIL (429): {"failureType": "rateLimit", "message": "Rate limited", "httpCode": 429, "polishMessage": "Wyst\u0105pi\u0142 nieoczekiwany b\u0142\u0105d", "payload": "Rate limited", "spanId": "8lqr9yHvTGuCo", "trac
[17:38:09]   batch [2101-2200]: ⏳ 429, sleep 10s + retry
[17:38:19]     ❌ retry FAIL (429): {"failureType": "rateLimit", "message": "Rate limited", "httpCode": 429, "polishMessage": "Wyst\u0105pi\u0142 nieoczekiwany b\u0142\u0105d", "payload": "Rate limited", "spanId": "zhkfl9AZh9WkX", "trac
[17:38:20]   batch [2201-2300]: ⏳ 429, sleep 10s + retry
[17:38:30]     ❌ retry FAIL (429): {"failureType": "rateLimit", "message": "Rate limited", "httpCode": 429, "polishMessage": "Wyst\u0105pi\u0142 nieoczekiwany b\u0142\u0105d", "payload": "Rate limited", "spanId": "ztkgxHScPewuy", "trac
[17:38:31]   batch [2301-2400]: ⏳ 429, sleep 10s + retry
[17:38:41]     ❌ retry FAIL (429): {"failureType": "rateLimit", "message": "Rate limited", "httpCode": 429, "polishMessage": "Wyst\u0105pi\u0142 nieoczekiwany b\u0142\u0105d", "payload": "Rate limited", "spanId": "hjgkgG538zwZG", "trac
[17:38:42]   batch [2401-2500]: ⏳ 429, sleep 10s + retry
[17:38:52]     ❌ retry FAIL (429): {"failureType": "rateLimit", "message": "Rate limited", "httpCode": 429, "polishMessage": "Wyst\u0105pi\u0142 nieoczekiwany b\u0142\u0105d", "payload": "Rate limited", "spanId": "qh79h3K8EBpgW", "trac
[17:38:53]   batch [2501-2600]: ⏳ 429, sleep 10s + retry
[17:39:03]     ❌ retry FAIL (429): {"failureType": "rateLimit", "message": "Rate limited", "httpCode": 429, "polishMessage": "Wyst\u0105pi\u0142 nieoczekiwany b\u0142\u0105d", "payload": "Rate limited", "spanId": "p4l58H7qAa90i", "trac
[17:39:04]   batch [2601-2700]: ⏳ 429, sleep 10s + retry
[17:39:14]     ❌ retry FAIL (429): {"failureType": "rateLimit", "message": "Rate limited", "httpCode": 429, "polishMessage": "Wyst\u0105pi\u0142 nieoczekiwany b\u0142\u0105d", "payload": "Rate limited", "spanId": "5lhds0oSfVyRn", "trac
[17:39:15]   batch [2701-2757]: ⏳ 429, sleep 10s + retry
[17:39:25]     ❌ retry FAIL (429): {"failureType": "rateLimit", "message": "Rate limited", "httpCode": 429, "polishMessage": "Wyst\u0105pi\u0142 nieoczekiwany b\u0142\u0105d", "payload": "Rate limited", "spanId": "d8d66NAvYmugr", "trac
[17:39:26] Saved: /Users/jakubknap/Documents/Projects/marketia-xml-pro/output/stock_sync_20260721_173926.json
[17:39:26] SYNC SUMMARY: bl_sku=2758  payload=2757  batch_ok=0  batch_fail=2757
[19:51:46] Sync inventories: [45513, 52173, 111230]
[19:51:46] === FETCH BL ===
[19:51:46] BL inv 45513: fetching product list...
[19:51:46]   → 842 products, fetching data in batches of 100...
[19:51:49]   → mapped 799 unique SKU
[19:51:49] BL inv 52173: fetching product list...
[19:51:49]   → 1558 products, fetching data in batches of 100...
[19:51:54]   → mapped 1558 unique SKU
[19:51:54]   ⚠️  duplicate SKU across inv: 1463 (last wins)
[19:51:54]   ⚠️  duplicate SKU across inv: 1711 (last wins)
[19:51:54]   ⚠️  duplicate SKU across inv: 1714 (last wins)
[19:51:54]   ⚠️  duplicate SKU across inv: 2168 (last wins)
[19:51:54]   ⚠️  duplicate SKU across inv: 2169 (last wins)
[19:51:54]   ⚠️  duplicate SKU across inv: 833 (last wins)
[19:51:54]   ⚠️  duplicate SKU across inv: 2162 (last wins)
[19:51:54]   ⚠️  duplicate SKU across inv: 840 (last wins)
[19:51:54]   ⚠️  duplicate SKU across inv: 2538 (last wins)
[19:51:54]   ⚠️  duplicate SKU across inv: 2541 (last wins)
[19:51:54]   ⚠️  duplicate SKU across inv: 2542 (last wins)
[19:51:54]   ⚠️  duplicate SKU across inv: 2640 (last wins)
[19:51:54]   ⚠️  duplicate SKU across inv: 2641 (last wins)
[19:51:54]   ⚠️  duplicate SKU across inv: 3380 (last wins)
[19:51:54]   ⚠️  duplicate SKU across inv: 3381 (last wins)
[19:51:54]   ⚠️  duplicate SKU across inv: 3384 (last wins)
[19:51:54]   ⚠️  duplicate SKU across inv: 3387 (last wins)
[19:51:54]   ⚠️  duplicate SKU across inv: 3400 (last wins)
[19:51:54]   ⚠️  duplicate SKU across inv: 3401 (last wins)
[19:51:54]   ⚠️  duplicate SKU across inv: 3402 (last wins)
[19:51:54]   ⚠️  duplicate SKU across inv: 3405 (last wins)
[19:51:54]   ⚠️  duplicate SKU across inv: 3418 (last wins)
[19:51:54]   ⚠️  duplicate SKU across inv: 3420 (last wins)
[19:51:54]   ⚠️  duplicate SKU across inv: 3458 (last wins)
[19:51:54]   ⚠️  duplicate SKU across inv: 3804 (last wins)
[19:51:54]   ⚠️  duplicate SKU across inv: 3806 (last wins)
[19:51:54]   ⚠️  duplicate SKU across inv: 3807 (last wins)
[19:51:54]   ⚠️  duplicate SKU across inv: 3808 (last wins)
[19:51:54]   ⚠️  duplicate SKU across inv: 3812 (last wins)
[19:51:54]   ⚠️  duplicate SKU across inv: 3833 (last wins)
[19:51:54]   ⚠️  duplicate SKU across inv: 3834 (last wins)
[19:51:54]   ⚠️  duplicate SKU across inv: 3835 (last wins)
[19:51:54]   ⚠️  duplicate SKU across inv: 3844 (last wins)
[19:51:54]   ⚠️  duplicate SKU across inv: 3845 (last wins)
[19:51:54]   ⚠️  duplicate SKU across inv: 3890 (last wins)
[19:51:54]   ⚠️  duplicate SKU across inv: 3892 (last wins)
[19:51:54]   ⚠️  duplicate SKU across inv: 3893 (last wins)
[19:51:54]   ⚠️  duplicate SKU across inv: 4233 (last wins)
[19:51:54]   ⚠️  duplicate SKU across inv: 4577 (last wins)
[19:51:54]   ⚠️  duplicate SKU across inv: 4583 (last wins)
[19:51:54]   ⚠️  duplicate SKU across inv: 4659 (last wins)
[19:51:54]   ⚠️  duplicate SKU across inv: 4662 (last wins)
[19:51:54]   ⚠️  duplicate SKU across inv: 4664 (last wins)
[19:51:54]   ⚠️  duplicate SKU across inv: 4666 (last wins)
[19:51:54]   ⚠️  duplicate SKU across inv: 4698 (last wins)
[19:51:54]   ⚠️  duplicate SKU across inv: 4699 (last wins)
[19:51:54] BL inv 111230: fetching product list...
[19:51:55]   → 448 products, fetching data in batches of 100...
[19:51:56]   → mapped 447 unique SKU
[19:51:56] Total unique SKU from BL: 2758
[19:51:56] Payload items (price > 0): 2757
[19:51:56] === PATCH ERLI ===
[19:51:57]   batch [1-100]: ✅ HTTP 200
[19:51:58]   batch [101-200]: ✅ HTTP 200
[19:51:59]   batch [201-300]: ✅ HTTP 200
[19:52:00]   batch [301-400]: ✅ HTTP 200
[19:52:01]   batch [401-500]: ✅ HTTP 200
[19:52:03]   batch [501-600]: ✅ HTTP 200
[19:52:04]   batch [601-700]: ✅ HTTP 200
[19:52:05]   batch [701-800]: ✅ HTTP 200
[19:52:06]   batch [801-900]: ✅ HTTP 200
[19:52:07]   batch [901-1000]: ✅ HTTP 200
[19:52:08]   batch [1001-1100]: ✅ HTTP 200
[19:52:09]   batch [1101-1200]: ✅ HTTP 200
[19:52:11]   batch [1201-1300]: ✅ HTTP 200
[19:52:12]   batch [1301-1400]: ✅ HTTP 200
[19:52:13]   batch [1401-1500]: ✅ HTTP 200
[19:52:14]   batch [1501-1600]: ✅ HTTP 200
[19:52:15]   batch [1601-1700]: ✅ HTTP 200
[19:59:04]   batch [1701-1800]: ✅ HTTP 200
[19:59:05]   batch [1801-1900]: ✅ HTTP 200
[19:59:07]   batch [1901-2000]: ✅ HTTP 200
[19:59:08]   batch [2001-2100]: ✅ HTTP 200
[19:59:09]   batch [2101-2200]: ✅ HTTP 200
[19:59:39]   batch [2201-2300]: ✅ HTTP 200
[19:59:41]   batch [2301-2400]: ✅ HTTP 200
[19:59:42]   batch [2401-2500]: ✅ HTTP 200
[20:00:09]   batch [2501-2600]: ✅ HTTP 200
[20:00:10]   batch [2601-2700]: ✅ HTTP 200
[20:00:11]   batch [2701-2757]: ✅ HTTP 200
[20:00:12] Saved: /Users/jakubknap/Documents/Projects/marketia-xml-pro/output/stock_sync_20260721_200012.json
[20:00:12] SYNC SUMMARY: bl_sku=2758  payload=2757  batch_ok=2757  batch_fail=0
[07:07:29] Sync inventories: [45513, 52173, 111230]
[07:07:29] === FETCH BL ===
[07:07:29] BL inv 45513: fetching product list...
[07:07:30]   → 842 products, fetching data in batches of 100...
[07:07:33]   → mapped 799 unique SKU
[07:07:33] BL inv 52173: fetching product list...
[07:07:33]   → 1558 products, fetching data in batches of 100...
[07:07:38]   → mapped 1558 unique SKU
[07:07:38]   ⚠️  duplicate SKU across inv: 1463 (last wins)
[07:07:38]   ⚠️  duplicate SKU across inv: 1711 (last wins)
[07:07:38]   ⚠️  duplicate SKU across inv: 1714 (last wins)
[07:07:38]   ⚠️  duplicate SKU across inv: 2168 (last wins)
[07:07:38]   ⚠️  duplicate SKU across inv: 2169 (last wins)
[07:07:38]   ⚠️  duplicate SKU across inv: 833 (last wins)
[07:07:38]   ⚠️  duplicate SKU across inv: 2162 (last wins)
[07:07:38]   ⚠️  duplicate SKU across inv: 840 (last wins)
[07:07:38]   ⚠️  duplicate SKU across inv: 2538 (last wins)
[07:07:38]   ⚠️  duplicate SKU across inv: 2541 (last wins)
[07:07:38]   ⚠️  duplicate SKU across inv: 2542 (last wins)
[07:07:38]   ⚠️  duplicate SKU across inv: 2640 (last wins)
[07:07:38]   ⚠️  duplicate SKU across inv: 2641 (last wins)
[07:07:38]   ⚠️  duplicate SKU across inv: 3380 (last wins)
[07:07:38]   ⚠️  duplicate SKU across inv: 3381 (last wins)
[07:07:38]   ⚠️  duplicate SKU across inv: 3384 (last wins)
[07:07:38]   ⚠️  duplicate SKU across inv: 3387 (last wins)
[07:07:38]   ⚠️  duplicate SKU across inv: 3400 (last wins)
[07:07:38]   ⚠️  duplicate SKU across inv: 3401 (last wins)
[07:07:38]   ⚠️  duplicate SKU across inv: 3402 (last wins)
[07:07:38]   ⚠️  duplicate SKU across inv: 3405 (last wins)
[07:07:38]   ⚠️  duplicate SKU across inv: 3418 (last wins)
[07:07:38]   ⚠️  duplicate SKU across inv: 3420 (last wins)
[07:07:38]   ⚠️  duplicate SKU across inv: 3458 (last wins)
[07:07:38]   ⚠️  duplicate SKU across inv: 3804 (last wins)
[07:07:38]   ⚠️  duplicate SKU across inv: 3806 (last wins)
[07:07:38]   ⚠️  duplicate SKU across inv: 3807 (last wins)
[07:07:38]   ⚠️  duplicate SKU across inv: 3808 (last wins)
[07:07:38]   ⚠️  duplicate SKU across inv: 3812 (last wins)
[07:07:38]   ⚠️  duplicate SKU across inv: 3833 (last wins)
[07:07:38]   ⚠️  duplicate SKU across inv: 3834 (last wins)
[07:07:38]   ⚠️  duplicate SKU across inv: 3835 (last wins)
[07:07:38]   ⚠️  duplicate SKU across inv: 3844 (last wins)
[07:07:38]   ⚠️  duplicate SKU across inv: 3845 (last wins)
[07:07:38]   ⚠️  duplicate SKU across inv: 3890 (last wins)
[07:07:38]   ⚠️  duplicate SKU across inv: 3892 (last wins)
[07:07:38]   ⚠️  duplicate SKU across inv: 3893 (last wins)
[07:07:38]   ⚠️  duplicate SKU across inv: 4233 (last wins)
[07:07:38]   ⚠️  duplicate SKU across inv: 4577 (last wins)
[07:07:38]   ⚠️  duplicate SKU across inv: 4583 (last wins)
[07:07:38]   ⚠️  duplicate SKU across inv: 4659 (last wins)
[07:07:38]   ⚠️  duplicate SKU across inv: 4662 (last wins)
[07:07:38]   ⚠️  duplicate SKU across inv: 4664 (last wins)
[07:07:38]   ⚠️  duplicate SKU across inv: 4666 (last wins)
[07:07:38]   ⚠️  duplicate SKU across inv: 4698 (last wins)
[07:07:38]   ⚠️  duplicate SKU across inv: 4699 (last wins)
[07:07:38] BL inv 111230: fetching product list...
[07:07:38]   → 448 products, fetching data in batches of 100...
[07:07:40]   → mapped 447 unique SKU
[07:07:40] Total unique SKU from BL: 2758
[07:07:40] Payload items (price > 0): 2757
[07:07:40] === PATCH ERLI ===
[08:39:39] Sync inventories: [45513, 52173, 111230]
[08:39:39] === FETCH BL ===
[08:39:39] BL inv 45513: fetching product list...
[08:39:40]   → 842 products, fetching data in batches of 100...
[08:39:43]   → mapped 799 unique SKU
[08:39:43] BL inv 52173: fetching product list...
[08:39:44]   → 1558 products, fetching data in batches of 100...
[08:39:47]   → mapped 1558 unique SKU
[08:39:47]   ⚠️  duplicate SKU across inv: 1463 (last wins)
[08:39:47]   ⚠️  duplicate SKU across inv: 1711 (last wins)
[08:39:47]   ⚠️  duplicate SKU across inv: 1714 (last wins)
[08:39:47]   ⚠️  duplicate SKU across inv: 2168 (last wins)
[08:39:47]   ⚠️  duplicate SKU across inv: 2169 (last wins)
[08:39:47]   ⚠️  duplicate SKU across inv: 833 (last wins)
[08:39:47]   ⚠️  duplicate SKU across inv: 2162 (last wins)
[08:39:47]   ⚠️  duplicate SKU across inv: 840 (last wins)
[08:39:47]   ⚠️  duplicate SKU across inv: 2538 (last wins)
[08:39:47]   ⚠️  duplicate SKU across inv: 2541 (last wins)
[08:39:47]   ⚠️  duplicate SKU across inv: 2542 (last wins)
[08:39:47]   ⚠️  duplicate SKU across inv: 2640 (last wins)
[08:39:47]   ⚠️  duplicate SKU across inv: 2641 (last wins)
[08:39:47]   ⚠️  duplicate SKU across inv: 3380 (last wins)
[08:39:47]   ⚠️  duplicate SKU across inv: 3381 (last wins)
[08:39:47]   ⚠️  duplicate SKU across inv: 3384 (last wins)
[08:39:47]   ⚠️  duplicate SKU across inv: 3387 (last wins)
[08:39:47]   ⚠️  duplicate SKU across inv: 3400 (last wins)
[08:39:47]   ⚠️  duplicate SKU across inv: 3401 (last wins)
[08:39:47]   ⚠️  duplicate SKU across inv: 3402 (last wins)
[08:39:47]   ⚠️  duplicate SKU across inv: 3405 (last wins)
[08:39:47]   ⚠️  duplicate SKU across inv: 3418 (last wins)
[08:39:47]   ⚠️  duplicate SKU across inv: 3420 (last wins)
[08:39:47]   ⚠️  duplicate SKU across inv: 3458 (last wins)
[08:39:47]   ⚠️  duplicate SKU across inv: 3804 (last wins)
[08:39:47]   ⚠️  duplicate SKU across inv: 3806 (last wins)
[08:39:47]   ⚠️  duplicate SKU across inv: 3807 (last wins)
[08:39:47]   ⚠️  duplicate SKU across inv: 3808 (last wins)
[08:39:47]   ⚠️  duplicate SKU across inv: 3812 (last wins)
[08:39:47]   ⚠️  duplicate SKU across inv: 3833 (last wins)
[08:39:47]   ⚠️  duplicate SKU across inv: 3834 (last wins)
[08:39:47]   ⚠️  duplicate SKU across inv: 3835 (last wins)
[08:39:47]   ⚠️  duplicate SKU across inv: 3844 (last wins)
[08:39:47]   ⚠️  duplicate SKU across inv: 3845 (last wins)
[08:39:47]   ⚠️  duplicate SKU across inv: 3890 (last wins)
[08:39:47]   ⚠️  duplicate SKU across inv: 3892 (last wins)
[08:39:47]   ⚠️  duplicate SKU across inv: 3893 (last wins)
[08:39:47]   ⚠️  duplicate SKU across inv: 4233 (last wins)
[08:39:47]   ⚠️  duplicate SKU across inv: 4577 (last wins)
[08:39:47]   ⚠️  duplicate SKU across inv: 4583 (last wins)
[08:39:47]   ⚠️  duplicate SKU across inv: 4659 (last wins)
[08:39:47]   ⚠️  duplicate SKU across inv: 4662 (last wins)
[08:39:47]   ⚠️  duplicate SKU across inv: 4664 (last wins)
[08:39:47]   ⚠️  duplicate SKU across inv: 4666 (last wins)
[08:39:47]   ⚠️  duplicate SKU across inv: 4698 (last wins)
[08:39:47]   ⚠️  duplicate SKU across inv: 4699 (last wins)
[08:39:47] BL inv 111230: fetching product list...
[08:39:48]   → 448 products, fetching data in batches of 100...
[08:39:49]   → mapped 447 unique SKU
[08:39:49] Total unique SKU from BL: 2758
[08:39:49] Payload items (price > 0): 2757
[08:39:49] === PATCH ERLI ===
[08:39:49]   batch [1-100]: ✅ HTTP 200
[08:39:50]   batch [101-200]: ✅ HTTP 200
[08:39:51]   batch [201-300]: ✅ HTTP 200
[08:39:53]   batch [301-400]: ✅ HTTP 200
[08:39:54]   batch [401-500]: ✅ HTTP 200
[08:39:56]   batch [501-600]: ✅ HTTP 200
[08:39:57]   batch [601-700]: ✅ HTTP 200
[08:39:58]   batch [701-800]: ✅ HTTP 200
[08:39:59]   batch [801-900]: ✅ HTTP 200
[08:40:00]   batch [901-1000]: ✅ HTTP 200
[08:40:01]   batch [1001-1100]: ✅ HTTP 200
[08:40:03]   batch [1101-1200]: ✅ HTTP 200
[08:40:04]   batch [1201-1300]: ✅ HTTP 200
[08:40:05]   batch [1301-1400]: ✅ HTTP 200
[08:40:06]   batch [1401-1500]: ✅ HTTP 200
[08:40:07]   batch [1501-1600]: ✅ HTTP 200
[08:40:08]   batch [1601-1700]: ✅ HTTP 200
[08:40:09]   batch [1701-1800]: ✅ HTTP 200
[08:40:10]   batch [1801-1900]: ✅ HTTP 200
[08:40:11]   batch [1901-2000]: ✅ HTTP 200
[08:40:12]   batch [2001-2100]: ✅ HTTP 200
[08:40:14]   batch [2101-2200]: ✅ HTTP 200
[08:40:15]   batch [2201-2300]: ✅ HTTP 200
[08:40:16]   batch [2301-2400]: ✅ HTTP 200
[08:40:17]   batch [2401-2500]: ✅ HTTP 200
[08:40:18]   batch [2501-2600]: ✅ HTTP 200
[08:40:20]   batch [2601-2700]: ✅ HTTP 200
[08:40:21]   batch [2701-2757]: ✅ HTTP 200
[08:40:22] Saved: /Users/jakubknap/Documents/Projects/marketia-xml-pro/output/stock_sync_20260722_084022.json
[08:40:22] SYNC SUMMARY: bl_sku=2758  payload=2757  batch_ok=2757  batch_fail=0
[15:55:10] Sync inventories: [45513, 52173, 111230]
[15:55:10] === FETCH BL ===
[15:55:10] BL inv 45513: fetching product list...
[15:55:11]   → 842 products, fetching data in batches of 100...
[15:55:16]   → mapped 799 unique SKU
[15:55:16] BL inv 52173: fetching product list...
[15:55:17]   → 1558 products, fetching data in batches of 100...
[15:55:24]   → mapped 1558 unique SKU
[15:55:24]   ⚠️  duplicate SKU across inv: 1463 (last wins)
[15:55:24]   ⚠️  duplicate SKU across inv: 1711 (last wins)
[15:55:24]   ⚠️  duplicate SKU across inv: 1714 (last wins)
[15:55:24]   ⚠️  duplicate SKU across inv: 2168 (last wins)
[15:55:24]   ⚠️  duplicate SKU across inv: 2169 (last wins)
[15:55:24]   ⚠️  duplicate SKU across inv: 833 (last wins)
[15:55:24]   ⚠️  duplicate SKU across inv: 2162 (last wins)
[15:55:24]   ⚠️  duplicate SKU across inv: 840 (last wins)
[15:55:24]   ⚠️  duplicate SKU across inv: 2538 (last wins)
[15:55:24]   ⚠️  duplicate SKU across inv: 2541 (last wins)
[15:55:24]   ⚠️  duplicate SKU across inv: 2542 (last wins)
[15:55:24]   ⚠️  duplicate SKU across inv: 2640 (last wins)
[15:55:24]   ⚠️  duplicate SKU across inv: 2641 (last wins)
[15:55:24]   ⚠️  duplicate SKU across inv: 3380 (last wins)
[15:55:24]   ⚠️  duplicate SKU across inv: 3381 (last wins)
[15:55:24]   ⚠️  duplicate SKU across inv: 3384 (last wins)
[15:55:24]   ⚠️  duplicate SKU across inv: 3387 (last wins)
[15:55:24]   ⚠️  duplicate SKU across inv: 3400 (last wins)
[15:55:24]   ⚠️  duplicate SKU across inv: 3401 (last wins)
[15:55:24]   ⚠️  duplicate SKU across inv: 3402 (last wins)
[15:55:24]   ⚠️  duplicate SKU across inv: 3405 (last wins)
[15:55:24]   ⚠️  duplicate SKU across inv: 3418 (last wins)
[15:55:24]   ⚠️  duplicate SKU across inv: 3420 (last wins)
[15:55:24]   ⚠️  duplicate SKU across inv: 3458 (last wins)
[15:55:24]   ⚠️  duplicate SKU across inv: 3804 (last wins)
[15:55:24]   ⚠️  duplicate SKU across inv: 3806 (last wins)
[15:55:24]   ⚠️  duplicate SKU across inv: 3807 (last wins)
[15:55:24]   ⚠️  duplicate SKU across inv: 3808 (last wins)
[15:55:24]   ⚠️  duplicate SKU across inv: 3812 (last wins)
[15:55:24]   ⚠️  duplicate SKU across inv: 3833 (last wins)
[15:55:24]   ⚠️  duplicate SKU across inv: 3834 (last wins)
[15:55:24]   ⚠️  duplicate SKU across inv: 3835 (last wins)
[15:55:24]   ⚠️  duplicate SKU across inv: 3844 (last wins)
[15:55:24]   ⚠️  duplicate SKU across inv: 3845 (last wins)
[15:55:24]   ⚠️  duplicate SKU across inv: 3890 (last wins)
[15:55:24]   ⚠️  duplicate SKU across inv: 3892 (last wins)
[15:55:24]   ⚠️  duplicate SKU across inv: 3893 (last wins)
[15:55:24]   ⚠️  duplicate SKU across inv: 4233 (last wins)
[15:55:24]   ⚠️  duplicate SKU across inv: 4577 (last wins)
[15:55:24]   ⚠️  duplicate SKU across inv: 4583 (last wins)
[15:55:24]   ⚠️  duplicate SKU across inv: 4659 (last wins)
[15:55:24]   ⚠️  duplicate SKU across inv: 4662 (last wins)
[15:55:24]   ⚠️  duplicate SKU across inv: 4664 (last wins)
[15:55:24]   ⚠️  duplicate SKU across inv: 4666 (last wins)
[15:55:24]   ⚠️  duplicate SKU across inv: 4698 (last wins)
[15:55:24]   ⚠️  duplicate SKU across inv: 4699 (last wins)
[15:55:24] BL inv 111230: fetching product list...
[15:55:25]   → 448 products, fetching data in batches of 100...
[15:55:28]   → mapped 447 unique SKU
[15:55:28] Total unique SKU from BL: 2758
[15:55:28] Payload items (price > 0): 2757
[15:55:28] === PATCH ERLI ===
[15:55:29]   batch [1-100]: ✅ HTTP 200
[15:55:30]   batch [101-200]: ✅ HTTP 200
[15:55:31]   batch [201-300]: ✅ HTTP 200
[15:55:33]   batch [301-400]: ✅ HTTP 200
[15:55:34]   batch [401-500]: ✅ HTTP 200
[15:55:35]   batch [501-600]: ✅ HTTP 200
[15:55:37]   batch [601-700]: ✅ HTTP 200
[15:55:38]   batch [701-800]: ✅ HTTP 200
[15:55:39]   batch [801-900]: ✅ HTTP 200
[15:55:40]   batch [901-1000]: ✅ HTTP 200
[15:55:42]   batch [1001-1100]: ✅ HTTP 200
[15:55:43]   batch [1101-1200]: ✅ HTTP 200
[15:55:44]   batch [1201-1300]: ✅ HTTP 200
[15:55:46]   batch [1301-1400]: ✅ HTTP 200
[15:55:47]   batch [1401-1500]: ✅ HTTP 200
[15:55:48]   batch [1501-1600]: ✅ HTTP 200
[15:55:50]   batch [1601-1700]: ✅ HTTP 200
[15:55:51]   batch [1701-1800]: ✅ HTTP 200
[16:00:24]   batch [1801-1900]: ✅ HTTP 200
[16:00:25]   batch [1901-2000]: ✅ HTTP 200
[16:00:27]   batch [2001-2100]: ✅ HTTP 200
[16:00:28]   batch [2101-2200]: ✅ HTTP 200
[16:00:29]   batch [2201-2300]: ✅ HTTP 200
[16:00:31]   batch [2301-2400]: ✅ HTTP 200
[16:00:32]   batch [2401-2500]: ✅ HTTP 200
[16:00:34]   batch [2501-2600]: ✅ HTTP 200
[16:00:35]   batch [2601-2700]: ✅ HTTP 200
[16:00:36]   batch [2701-2757]: ✅ HTTP 200
[16:00:37] Saved: /Users/jakubknap/Documents/Projects/marketia-xml-pro/output/stock_sync_20260722_160037.json
[16:00:37] SYNC SUMMARY: bl_sku=2758  payload=2757  batch_ok=2757  batch_fail=0
