[08:15:58] Loaded 12896 categories, 11314 leafs
[08:15:58] Context: 912392 chars
[08:15:58] BL inv 45513: fetching...
[08:16:00] BL inv 52173: fetching...
[08:16:05] BL inv 111230: fetching...
[08:16:06] BL products: 2758
[08:16:06] --only-skus-file: filtered 2758 → 800
[08:16:06] Batch 1/27: 30 SKU...
[08:16:29]   → 30/30 matched
[08:16:29] Batch 2/27: 30 SKU...
[08:16:47]   → 30/30 matched
[08:16:47] Batch 3/27: 30 SKU...
[08:17:04]   → 30/30 matched
[08:17:04] Batch 4/27: 30 SKU...
[08:17:05]   ⚠️  API fail (attempt 1): ClientError: 429 RESOURCE_EXHAUSTED. {'error': {'code': 429, 'message': 'You exceeded your current quota, please check your plan and billing details. For more info
[08:17:27]   → 30/30 matched
[08:17:27] Batch 5/27: 30 SKU...
[08:17:44]   → 30/30 matched
[08:17:44] Batch 6/27: 30 SKU...
[08:18:10]   → 30/30 matched
[08:18:10] Batch 7/27: 30 SKU...
[08:18:21]   → 30/30 matched
[08:18:21] Batch 8/27: 30 SKU...
[08:18:35]   → 30/30 matched
[08:18:35] Batch 9/27: 30 SKU...
[08:18:36]   ⚠️  API fail (attempt 1): ClientError: 429 RESOURCE_EXHAUSTED. {'error': {'code': 429, 'message': 'You exceeded your current quota, please check your plan and billing details. For more info
[08:18:42]   ⚠️  API fail (attempt 2): ClientError: 429 RESOURCE_EXHAUSTED. {'error': {'code': 429, 'message': 'You exceeded your current quota, please check your plan and billing details. For more info
[08:18:47]   ⚠️  API fail (attempt 3): ClientError: 429 RESOURCE_EXHAUSTED. {'error': {'code': 429, 'message': 'You exceeded your current quota, please check your plan and billing details. For more info
[08:18:52]   → 0/30 matched
[08:18:52] Batch 10/27: 30 SKU...
[08:18:53]   ⚠️  API fail (attempt 1): ClientError: 429 RESOURCE_EXHAUSTED. {'error': {'code': 429, 'message': 'You exceeded your current quota, please check your plan and billing details. For more info
[08:18:59]   ⚠️  API fail (attempt 2): ClientError: 429 RESOURCE_EXHAUSTED. {'error': {'code': 429, 'message': 'You exceeded your current quota, please check your plan and billing details. For more info
[08:19:05]   ⚠️  API fail (attempt 3): ClientError: 429 RESOURCE_EXHAUSTED. {'error': {'code': 429, 'message': 'You exceeded your current quota, please check your plan and billing details. For more info
[08:19:10]   → 0/30 matched
[08:19:10] Batch 11/27: 30 SKU...
[08:19:24]   → 30/30 matched
[08:19:24] Batch 12/27: 30 SKU...
[08:19:40]   → 30/30 matched
[08:19:40] Batch 13/27: 30 SKU...
[08:19:54]   → 30/30 matched
[08:19:54] Batch 14/27: 30 SKU...
[08:19:55]   ⚠️  API fail (attempt 1): ClientError: 429 RESOURCE_EXHAUSTED. {'error': {'code': 429, 'message': 'You exceeded your current quota, please check your plan and billing details. For more info
[08:20:01]   ⚠️  API fail (attempt 2): ClientError: 429 RESOURCE_EXHAUSTED. {'error': {'code': 429, 'message': 'You exceeded your current quota, please check your plan and billing details. For more info
[08:20:06]   ⚠️  API fail (attempt 3): ClientError: 429 RESOURCE_EXHAUSTED. {'error': {'code': 429, 'message': 'You exceeded your current quota, please check your plan and billing details. For more info
[08:20:11]   → 0/30 matched
[08:20:11] Batch 15/27: 30 SKU...
[08:20:42]   → 30/30 matched
[08:20:42] Batch 16/27: 30 SKU...
[08:20:58]   → 30/30 matched
[08:20:58] Batch 17/27: 30 SKU...
