[13:38:58] === SANITY CHECK: GET /me ===
[13:38:58]   status=200, response={"id": 66288, "name": "Marketia", "active": true, "company": {"nip": "9472015290", "name": "Marketia Jakub Knap"}, "externalMatchingPolicy": "enabled"}
[13:38:58] ✅ Zalogowany jako sklep: Marketia
[13:38:58] === FETCH BL PRODUCTS ===
[13:38:58] Inventory: inv-111230 (111230)
[13:38:58]   Fetching ALL products from inv 111230...
[13:38:59]     → 448 total product IDs, fetching data in batches of 100...
[13:39:00]   → 448 products fetched
[13:39:00]   → added 447 unique SKU from inv-111230
[13:39:00] === SELECTED 447 SKU FOR PILOT ===
[13:39:00]   01LB31AA01: Butelka Filtrująca LAICA GlaSSmart 1,1L Szklana z Filtrem FAST DISK
[13:39:00]   01LBR70A21: Butelka filtrująca LAICA MyLAICA 550ml stalowa bidon z filtrem FAST DI
[13:39:00]   01LBR70B21: Butelka filtrująca LAICA MyLAICA 550ml stalowa bidon z filtrem FAST DI
[13:39:00]   01LBR70C21: Butelka filtrująca LAICA MyLAICA 550ml stalowa bidon z filtrem FAST DI
[13:39:00]   01LC3M2A7ES150: Filtr do Wody LAICA Coffee & Tea 3 szt Wkład do Dzbanków Filtrujących
[13:39:00]   01LDUF1P03: Wkład filtrujący LAICA MikroPLASTIK-STOP filtr do dzbanków wody
[13:39:00]   01LF4LEU00: Wkład filtrujący LAICA BI-FLUX Universal filtr do dzbanka wody 4 sztuk
[13:39:00]   01LF4SIT00: Wkład filtrujący LAICA BI-FLUX Universal filtr do dzbanka wody 4 sztuk
[13:39:00]   01LFD03A21: Filtry do Wody LAICA FAST DISK 3 szt Wkłady do Butelki Filtrującej Kar
[13:39:00]   01LFD06A21: LAICA FAST DISK 6 szt Filtr do Wody Wkłady do Butelki Filtrującej LAIC
[13:39:00]   01LG2MES21: Wkład filtrujący LAICA BI-FLUX MagnesiumActive filtr do dzbanków Filtr
[13:39:00]   01LJ31AD02: Dzbanek Filtrujący LAICA Stream Line 2,3L Filtr Bi-Flux do Filtrowania
[13:39:00]   01LJ31AF02: Dzbanek Filtrujący LAICA Stream Line 2,3L Filtr Bi-Flux do Filtrowania
[13:39:00]   01LJ35AD02: Dzbanek Filtrujący LAICA Carmen 2,3L + Filtr Bi-Flux do Filtrowania Wo
[13:39:00]   01LJ81AA02: Dzbanek Filtrujący LAICA BIG Milano 3,7L Filtr Bi-Flux do Filtrowania 
[13:39:00]   01LM3M2A7ES150: Wkład filtrujący LAICA BI-FLUX MineralBalance do Dzbanków Filtrujących
[13:39:00]   01LUFSCE00: Dzbanek filtrujący wody LAICA MikroPLASTIK-STOP 3L filtr mikroplastik
[13:39:00]   01TRIWF30-12 EPS619: Wkład filtr Aqua Optima Evolve+ 12 szt do brita maxtra dafi unimax aqu
[13:39:00]   01TRIWF30-3 EPS619: Wkład filtr Aqua Optima Evolve+ 3 szt do brita maxtra dafi unimax aqua
[13:39:00]   01TRIWF30-6 EPS619: Wkład filtr Aqua Optima Evolve+ 6 szt do brita maxtra dafi unimax aqua
[13:39:00]   01TRIWF30_619: Wkład filtr Aqua Optima Evolve+ 1 szt do brita maxtra dafi unimax aqua
[13:39:00]   02AFOKT: FILTR ANTY TŁUSZCZOWY DO OKAPU WEBBER 57x47cm
[13:39:00]   02AWEB.DEZYNF.UF1170: PŁYN DO DEZYNFEKCJI RĄK SPRAY WEBBER 50ML
[13:39:00]   02AWKLAD16X16: 50X WKŁAD AIR FRYER PAPIER WKŁADY PAPIEROWE DO FRYTKOWNICY BEZTŁUSZCZO
[13:39:00]   02AWKLAD20X20: 60X WKŁAD AIR FRYER PAPIER WKŁADY PAPIEROWE DO FRYTKOWNICY BEZTŁUSZCZO
[13:39:00]   02WAODK.EKSPRES: Odkamieniacz do ekspresu Webber 250ml
[13:39:00]   02WEBODKAM2L: MOCNY Odkamieniacz w Płynie 2L UNIWERSALNY DUŻY WEBBER do Ekspresu -20
[13:39:00]   02WEBODKAM4X250ML: MOCNY Odkamieniacz w Płynie 1L UNIWERSALNY DUŻY WEBBER do Ekspresu -10
[13:39:00]   02WEBTABL: WEBBER TABLETKI DO ZMYWAREK 40 SZT
[13:39:00]   02WNUNIBAG: Worek do odkurzacza syntetyczny S-BAG 4 szt. ELECTROLUX, PHILIPS, AEG,
[13:39:00]   04 F-05: POKROWIEC NA FOTEL WISZĄCY KOSZ KOKON OGRODOWY
[13:39:00]   04 KJFQ006BR: ZESTAW MEBLI OGRODOWYCH STOLIK KRZESŁA KOMPLET MEBLI TARAS Z TECHNORAT
[13:39:00]   04K 310: STÓŁ STOLIK KAWOWY DREWNIANY z 2 BLATAMI
[13:39:00]   04K 8055C: Krzesło Nowoczesne Wygodne DREWNIANE NOGI Czarne
[13:39:00]   04K 8086B: Krzesło nowoczense TARCENTO białe + Drewniane Nogi
[13:39:00]   04K 8096B: KRZESŁO KRZESŁA BELLUNO NOWOCZESNE ażurowe białe
[13:39:00]   04K 8128B: Krzesło ogrodowe na Taras Balkon Ogród NUFORMA nowoczesne plastikowe b
[13:39:00]   04K 8618: KRZESŁO FOTEL KUBEŁKOWE WYGODNY METALOWE NOGI
[13:39:00]   04K 8701HCLEAR: Hoker transparentny stołek barowy glamour do wyspy kuchennej 76 cm
[13:39:00]   04K D-009D: Fotel tapicerowany nowoczesny z 2 poduszkami
[13:39:00]   04K D-009DMiękki: Fotel tapicerowany PIKOWANY szary NUVOLA
[13:39:00]   04K F-03/F03W SMALL POKROWIEC: POKROWEIC NA FOTEL WISŻACY KOKON KOSZ OGRODOWY
[13:39:00]   04K J933Be/BK: KRZESŁO TAPICEROWANE SALON BIURO SALERNO BEŻOWE
[13:39:00]   04K J933ZS/GD: KRZESŁO TAPICEROWANE SALON BIURO AVELLINO SZARE
[13:39:00]   04K J933ZZ/GD: KRZESŁO TAPICEROWANE SALON BIURO AVELLINO ZIELONE
[13:39:00]   04K KJ-L02B-0: Fotel Bujany Leżak Ogrodowy Leżanka Bujana na Taras Balkon Zero
[13:39:00]   04K KJC3794GR: FOTEL LEŻAK OGRODOWY PLAŻOWY KRZESŁO SKŁADANY WYGODNY ZAGŁÓWEK GRAVITY
[13:39:00]   04K KJC810BL: KRZESŁA OGRODOWE NA TARAS BALKON OGRÓD NOWOCZESNE KRZESŁO METALOWE 4 s
[13:39:00]   04K KJC810GR-SIL: KRZESŁA OGRODOWE NA TARAS BALKON OGRÓD NOWOCZESNE KRZESŁO METALOWE 4 s
[13:39:00]   04K KJC819BL-GR: KRZESŁA OGRODOWE NA TARAS BALKON OGRÓD NOWOCZESNE KRZESŁO METALOWE 4 s
[13:39:00]   04K KJCP3794GR: PODUSZKA MATERAC NA LEŻAK KRZESŁO DUŻA MIĘKKA 160 cm SZARY BEZ STELAŻA
[13:39:00]   04K KJCP3974BL: PODUSZKA MATERAC NA LEŻAK KRZESŁO DUŻA MIĘKKA 160 cm CZARNA BEZ STELAŻ
[13:39:00]   04K KJF-203C: Zestaw Mebli Ogrodowych Aluminiowych Narożnik Stolik Taras Wodoodporny
[13:39:00]   04K KJF-203SZ: ZESTAW MEBLI OGRODOWYCH narożnik sofa stolik LEKKI komplet gród ALUMIN
[13:39:00]   04K KJF15419BL: ZESTAW MEBLI OGRODOWYCH 6 STÓŁ 4 KRZESŁA PARASOL CZARNY TARAS BALKON O
[13:39:00]   04K KJF15424 BL: ZESTAW MEBLI OGRODOWYCH 7W1 STÓŁ 150 CM 6 KRZESEŁ CZARNY DREWNO TARAS 
[13:39:00]   04K KJF15424 GR: ZESTAW MEBLI OGRODOWYCH 7W1 STÓŁ 150 CM 6 KRZESEŁ GRAFIT DREWNO TARAS 
[13:39:00]   04K KJF2532BE: Komplet mebli ogrodowych stolik 2 krzesła fotele aluminiowe z technora
[13:39:00]   04K KJF2532SZ: Komplet mebli ogrodowych stolik + 2 fotele aluminiowe z technorattanu
[13:39:00]   04K KJF2613: ZESTAW MEBLI OGRODOWYCH STOLIK KRZESŁA KOMPLET MEBLI NA TARAS OGRÓD BA
[13:39:00]   04K KJF3298-1CZ: ZESTAW MEBLI OGRODOWYCH KRZESŁA KANAPA STOLIK KOMPLET MEBLI Z TECHNORA
[13:39:00]   04K KJF3298-1SZ: ZESTAW MEBLI OGRODOWYCH KRZESŁA KANAPA STOLIK KOMPLET MEBLI Z TECHNORA
[13:39:00]   04K KJF3549 KPL.SZ: Parasol ogrodowy boczny 3 m z podstawą obrotowy 360° szary wysięgnik t
[13:39:00]   04K KJF3583: ZESTAW MEBLI OGRODOWYCH DREWNIANYCH STOLIK KRZESŁA I NA TARAS OGRÓD BA
[13:39:00]   04K KJF3587BE: PARASOL OGRODOWY DUŻY SOLIDNY SKŁADANY 3 M Z WYSIĘGNIKIEM REGULACJA XX
[13:39:00]   04K KJF3587SZ: PARASOL OGRODOWY DUŻY SOLIDNY SKŁADANY 3 M Z WYSIĘGNIKIEM REGULACJA XX
[13:39:00]   04K KJF3587Z: PARASOL OGRODOWY DUŻY SOLIDNY SKŁADANY 3 M Z WYSIĘGNIKIEM REGULACJA XX
[13:39:00]   04K KJF3589SZ: PARASOL OGRODOWY DUŻY SOLIDNY SKŁADANY 3 M Z KORBKĄ REGULACJA XL SZARY
[13:39:00]   04K KJF3589Z: PARASOL OGRODOWY DUŻY SOLIDNY SKŁADANY 3 M Z KORBKĄ REGULACJA XL ZIELO
[13:39:00]   04K KJF3590BE: PARASOL OGRODOWY ŚCIENNY DUŻY SOLIDNY SKŁADANY 2,7 M Z KORBKĄ BEŻOWY
[13:39:00]   04K KJF3590SZ: PARASOL OGRODOWY ŚCIENNY DUŻY SOLIDNY SKŁADANY 2,7 M Z KORBKĄ SZARY
[13:39:00]   04K KJF3612BE: PARASOL OGRODOWY DUŻY SOLIDNY SKŁADANY 2,7 M Z WYSIĘGNIKIEM REGULACJA 
[13:39:00]   04K KJF3612SZ: PARASOL OGRODOWY DUŻY SOLIDNY SKŁADANY 2,7 M Z WYSIĘGNIKIEM REGULACJA 
[13:39:00]   04K KJF3644BR: ZESTAW MEBLI OGRODOWYCH STOLIK KRZESŁA KOMPLET MEBLI TARAS Z TECHNORAT
[13:39:00]   04K KJF3644C: ZESTAW MEBLI OGRODOWYCH STOLIK KRZESŁA KOMPLET MEBLI TARAS Z TECHNORAT
[13:39:00]   04K KJF3644POP: ZESTAW MEBLI OGRODOWYCH STOLIK KRZESŁA KOMPLET MEBLI TARAS Z TECHNORAT
[13:39:00]   04K KJF3790CN: LEŻAK OGRODOWY SKŁADANY ZERO GRAVITY 2w1 FOTEL PLAŻOWY KRZESŁO TARASOW
[13:39:00]   04K KJF3790CZ: LEŻAK OGRODOWY SKŁADANY ZERO GRAVITY 2w1 FOTEL PLAŻOWY KRZESŁO TARASOW
[13:39:00]   04K KJF3791- 1CZ: Leżak Ogrodowy Składany 2w1 z Zagłówkiem Stolikiem Na Napój Relaks 120
[13:39:00]   04K KJF3791-1SZ: Leżak Ogrodowy Składany 2w1 z Zagłówkiem Stolikiem Na Napój Relaks 120
[13:39:00]   04K KJF3791CZ: FOTEL LEŻAK OGRODOWY PLAŻOWY KRZESŁO SKŁADANY WYGODNY ZAGŁÓWEK GRAVITY
[13:39:00]   04K KJF3791SZ: FOTEL LEŻAK OGRODOWY PLAŻOWY KRZESŁO SKŁADANY WYGODNY ZAGŁÓWEK GRAVITY
[13:39:00]   04K KJF4931-DN: FOTEL WISZĄCY BUJANY OGRODOWY KOSZ HUŚTAWKA JAJO KOKON 2 osobowy + POD
[13:39:00]   04K KJF4931-DSZ: FOTEL WISZĄCY BUJANY OGRODOWY KOSZ HUŚTAWKA JAJO KOKON 2 osobowy + POD
[13:39:00]   04K KJF4931N: FOTEL WISZĄCY BUJANY OGRODOWY KOSZ HUŚTAWKA JAJO KOKON PREMIUM + PODUS
[13:39:00]   04K KJF4931SZ: FOTEL WISZĄCY BUJANY OGRODOWY KOSZ HUŚTAWKA JAJO KOKON PREMIUM + PODUS
[13:39:00]   04K KJFQ006SZ: ZESTAW MEBLI OGRODOWYCH STOLIK KRZESŁA KOMPLET MEBLI TARAS Z TECHNORAT
[13:39:00]   04K KJFR009BR: Komplet mebli ogrodowych rattanu 4 krzesła stolik
[13:39:00]   04K KJFR036: ZESTAW MEBLI OGRODOWYCH KRZESŁA KANAPA STOLIK KOMPLET MEBLI Z TECHNORA
[13:39:00]   04K KJFR077 AER: ZESTAW MEBLI OGRODOWYCH KRZESŁA KRZESŁO STOLIK KOMPLET MEBLI Z TECHNOR
[13:39:00]   04K KJL01AOBE: Fotel Bujany Leżak Ogrodowy Leżanka Bujana na Taras Balkon Zero
[13:39:00]   04K KJL01AOC: Fotel Bujany Leżak Ogrodowy Leżanka Bujana na Taras Balkon Zero
[13:39:00]   04K KJL01AOSZ: Fotel Bujany Leżak Ogrodowy Leżanka Bujana na Taras Balkon Zero
[13:39:00]   04K KJL02BOBE: Fotel Bujany Leżak Ogrodowy Leżanka Bujana na Taras Balkon Zero
[13:39:00]   04K KJL02BOSZ: Fotel Bujany Leżak Ogrodowy Leżanka Bujana na Taras Balkon Zero
[13:39:00]   04K KJT11655K: FOTEL WISZĄCY BUJANY OGRODOWY KOSZ HUŚTAWKA JAJO KOKON PREMIUM + PODUS
[13:39:00]   04K KJT11655SZ: FOTEL WISZĄCY BUJANY OGRODOWY KOSZ HUŚTAWKA JAJO KOKON PREMIUM + PODUS
[13:39:00]   04K KJT11656CZ: FOTEL WISZĄCY BUJANY OGRODOWY KOSZ HUŚTAWKA JAJO KOKON PREMIUM + PODUS
[13:39:00]   04K KJT11656K: FOTEL WISZĄCY BUJANY OGRODOWY KOSZ HUŚTAWKA JAJO KOKON PREMIUM + PODUS
[13:39:00]   04K KJT11656SZ: FOTEL WISZĄCY BUJANY OGRODOWY KOSZ HUŚTAWKA JAJO KOKON PREMIUM + PODUS
[13:39:00]   04K KJT7127BL: STÓŁ OGRODOWY TARASOWY CZARNY 150x90 CM SZKLANY BLAT HARTOWANY METALOW
[13:39:00]   04K KJT7128BL: STÓŁ OGRODOWY TARASOWY CZARNY 150x90 CM SZKLANY BLAT HARTOWANY METALOW
[13:39:00]   04K NIC-Y57H: Hoker KRZESŁO Cateringowy Składany NUFORMA 70 cm Krzesło Barowe z Opar
[13:39:00]   04K POD.KJF-SX19CZ: PODSTAWA POD PARASOL OGRODOWY BAZA OBCIĄŻNIK OBCIĄŻENIE 20 KG
[13:39:00]   04K POD.KJF-SX26CZ: Podstawa do parasola ogrodowego 9 kg taras ogród balkon 38/48 stabilna
[13:39:00]   04K POD.KJF-SX27CZ: Podstawa do parasola ogrodowego napełniana wodą 25 l 28 kg taras ogród
[13:39:00]   04K POD.KJF-SX28CZ: Podstawa do parasola ogrodowego napełniana wodą 25 l 28 kg taras ogród
[13:39:00]   04K XJ-72C: KRZESŁO TAPICEROWANE SALON BIURO VELVO CZARNE
[13:39:00]   04K XJ-72S: KRZESŁO TAPICEROWANE SALON BIURO VELVO SZARE
[13:39:00]   04K-8617C: Krzesło nowoczesne skandynawskie CAMPO czarne
[13:39:00]   04K-8617SZ: Krzesło nowoczesne skandynawskie CAMPO szare
[13:39:00]   04K-8636CZ: KRZESŁO KRZESŁA CORVARA NOWOCZESNE Z polycarbonatu
[13:39:00]   04K-C038-ACAPULCO-B: FOTEL OGRODOWY NA BALKON TARAS KRZESŁO OGRODOWE RATTAN ACAPULCO NOWOCZ
[13:39:00]   04K-C038-ACAPULCO-N: FOTEL OGRODOWY NA BALKON TARAS KRZESŁO OGRODOWE RATTAN ACAPULCO NOWOCZ
[13:39:00]   04K-C038-ACAPULCO-S: FOTEL OGRODOWY NA BALKON TARAS KRZESŁO OGRODOWE RATTAN ACAPULCO NOWOCZ
[13:39:00]   04K-C038-ACAPULCO-Z: Krzesło Ogrodowe na balkon taras Fotel żyłkowy Nowoczesny NUFORMA ziel
[13:39:00]   04K-C038-ACAPULCO-Ż: FOTEL OGRODOWY NA BALKON TARAS KRZESŁO OGRODOWE RATTAN ACAPULCO NOWOCZ
[13:39:00]   04K-HT301KB: PODUSZKA NA FOTEL ŻYŁKOWY KRZESŁO OGRODOWE ACAPULCO WODOODPORNA WYGODN
[13:39:00]   04K-HT303B: PODUSZKA NA FOTEL ŻYŁKOWY KRZESŁO OGRODOWE ACAPULCO WODOODPORNA WYGODN
[13:39:00]   04K-J004B-MEL FI-C: KRZESŁO BAROWE HOKER WYSOKIE KRZESŁO CZARNE LOFT
[13:39:00]   04K-J004B-MEL FI-S: KRZESŁO BAROWE HOKER WYSOKIE KRZESŁO SREBRNE LOFT
[13:39:00]   04K-J005-RAPALLO-B: KRZESŁO BAROWE HOKER WYSOKIE KRZESŁO BIAŁE LOFT
[13:39:00]   04K-J005-RAPALLO-C: KRZESŁO BAROWE HOKER WYSOKIE KRZESŁO CZARNE LOFT
[13:39:00]   04K-J005-RAPALLO-S: KRZESŁO BAROWE HOKER WYSOKIE KRZESŁO SREBRNE LOFT
[13:39:00]   04K8618C: KRZESŁO FOTEL KUBEŁKOWE WYGODNY METALOWE NOGI
[13:39:00]   04KEB-32RB: POKROWIEC OBRUS NA OKRĄGŁY STÓŁ CATERINGOWY 80CM
[13:39:00]   04KEB-32RC: Pokrowiec na Stół Okrągły 80 cm Elastyczny NUFORMA Bankietowy Czarny
[13:39:00]   04KEB154RFH: STÓŁ OGRODOWY CATERINGOWY SKŁADANY ROZKŁADANY TURYSTYCZNY WALIZKA 150 
[13:39:00]   04KEB2971FH-RESB: POKROWIEC OBRUS NA STÓŁ CATERINGOWY OGRODOWY BIAŁY
[13:39:00]   04KEB2971FH-RESC: POKROWIEC OBRUS NA STÓŁ CATERINGOWY OGRODOWY 180 CZARNY ELASTYCZNY
[13:39:00]   04KEB2971RES: STÓŁ OGRODOWY CATERINGOWY SKŁADANY ROZKŁADANY TURYSTYCZNY WALIZKA 180 
[13:39:00]   04KEB2971WG: STÓŁ OGRODOWY CATERINGOWY SKŁADANY ROZKŁADANY TURYSTYCZNY WALIZKA 180 
[13:39:00]   04KEB3096: STÓŁ OGRODOWY CATERINGOWY SKŁADANY ROZKŁADANY TURYSTYCZNY WALIZKA 240 
[13:39:00]   04KEB3096FH-RESB: POKROWIEC OBRUS NA STÓŁ CATERINGOWY OGRODOWY 240
[13:39:00]   04KEB3096FH-RESC: POKROWIEC OBRUS NA STÓŁ CATERINGOWY OGRODOWY 240 CZARNY ELASTYCZNY
[13:39:00]   04KEB32RB: STÓŁ CATERINGOWY KOKTAJLOWY SKŁADANY 80 CM OGRODOWY BAROWY NUFORMA OKR
[13:39:00]   04KEBB1172WG: ŁAWKA ŁAWA SKŁADANA CATERINGOWA STÓŁ CATERINGOWY 183 cm Walizka HDPE M
[13:39:00]   04KEBB1272: ŁAWKA ŁAWA SKŁADANA CATERINGOWA STÓŁ CATERINGOWY 183 cm Walizka HDPE M
[13:39:00]   04KEBC07: KRZESŁO CATERINGOWE SKŁADANE OGRODOWE TURYSTYCZNE BRĄZOWE NA TARAS
[13:39:00]   04KEBY57: KRZESŁO SKŁADANE OGRODOWE TURYSTYCZNE WĘDKARSKIE CATERINGOWE BIAŁE NA 
[13:39:00]   04KJC3794BL: FOTEL LEŻAK OGRODOWY PLAŻOWY KRZESŁO SKŁADANY WYGODNY ZAGŁÓWEK GRAVITY
[13:39:00]   04KLG-8072-BLACK: Krzesło LOUIS czarne z podłokietnikami glamour połysk do jadalni toale
[13:39:00]   04KLG-8072-SMOKE: Krzesło LOUIS dymione transparentne z podłokietnikami glamour smoke sa
[13:39:00]   04KLG-8072-TRANS: Krzesło transparentne LOUIS z podłokietnikami glamour przezroczyste ja
[13:39:00]   04KNIC152FH: STÓŁ CATERINGOWY SKŁADANY OGRODOWY 152x70 CM TURYSTYCZNY WALIZKA NUFOR
[13:39:00]   04KNIC180FH RA: STÓŁ OGRODOWY CATERINGOWY SKŁADANY ROZKŁADANY TURYSTYCZNY WALIZKA 180 
[13:39:00]   04KNICB183FH RA: ŁAWKA ŁAWA CATERINGOWA STÓŁ CATERINGOWY 180cm TECHNORATAN
[13:39:00]   04KNICC120: STÓŁ CATERINGOWY OGRODOWY SKŁADANY 120x60 CM STOLIK TARASOWY NUFORMA
[13:39:00]   04KNICD31HB: Hoker Cateringowy Składany NUFORMA 70 cm Krzesło Barowe HDPE Biały
[13:39:00]   04KNICR60H: STÓŁ KOKTAJLOWY BAROWY CATERINGOWY 110CM X 60 CM SKŁADANY BANKIETOWY B
[13:39:00]   04KNICR80: STÓŁ CATERINGOWY BANKIETOWY SKŁADANY OGRODOWY 80CM OKRĄGŁY NUFORMA
[13:39:00]   04KNICY49B: Krzesło Ogrodowe Cateringowe Składane 44x50x80cm Krzesło Biurowe Banki
[13:39:00]   04KNICY49C: Krzesło Ogrodowe Cateringowe Składane 44x50x80cm Krzesło Biurowe Banki
[13:39:00]   04KVG-8071-BLACK: Krzesło LOUIS czarne połysk bez podłokietników glamour do jadalni even
[13:39:00]   04KVG-8071-trans: Krzesło transparentne LOUIS ghost chair bez podłokietników glamour do 
[13:39:00]   04PK-55B: Pokrowiec na Krzesło Bankietowe Biały uniwersalny Elastyczny GRUBY
[13:39:00]   04PK-55C: Pokrowiec na Krzesło Bankietowe Czarny uniwersalny Elastyczny GRUBY
[13:39:00]   04S Z-295 WHITE: STÓŁ STOLICZEK KAWOWY SALONU JADALNI SKANDYNAWSKI
[13:39:00]   04SRDC01SPARKS: Pokrowiec osłona na grilla 62 x 80 cm SPARKS
[13:39:00]   04Z 102018 TL45005P KOLEJKA ZOO: Drewniana kolejka dla dzieci 20 el. - tory, wagoniki, zwierzątka, wiad
[13:39:00]   04Z102011: Posterunek policji drewniany 2 piętra - helikopter, 3 figurki, zestaw 
[13:39:00]   04k 8625PU: KRZESŁO FOTEL Z AKSAMITU WYGODNE METALOWE NOGI
[13:39:00]   04kVG-8071-SMOKE: Krzesło LOUIS dymione transparentne bez podłokietników glamour smoke e
[13:39:00]   05A11: CIŚNIENIOMIERZ NADGARSTKOWY CZYTELNY DUŻY EKRAN ARYTMIA Webber Med A11
[13:39:00]   05A7VENETO: EKSPRES DO KAWY CIŚNIENIOWY AUTOMATYCZNY WEBBER 19 BAR A7 VENETO
[13:39:00]   05AC-163080B: Klimatyzator przenośny Webber 16000BTU 4w1 WiFi grzanie osuszacz do 59
[13:39:00]   05AC-7202CZ: Klimatyzator przenośny Webber 7000BTU 3w1 WiFi osuszacz Swing pilot 32
[13:39:00]   05AC-92013B: Klimatyzator przenośny Webber 9000BTU 3w1 WiFi osuszacz Swing pilot 43
[13:39:00]   05AC-H025A2H: Klimatyzator przenośny cichy 3w1 Webber 1,7kW WiFi Pompa ciepła grzani
[13:39:00]   05AC-H93033CZ: Klimatyzator przenośny Webber 9000BTU 4w1 WiFi grzanie osuszacz pilot 
[13:39:00]   05AC123030BLACK: Klimatyzator przenośny Webber 12000BTU 4w1 WiFi grzanie osuszacz pilot
[13:39:00]   05AC123030WHITE: Klimatyzator przenośny Webber 12000BTU 4w1 WiFi grzanie osuszacz pilot
[13:39:00]   05AF800: Frytkownica beztłuszczowa 8L Air Fryer Webber 1800W +WIFI +8 programów
[13:39:00]   05AF801: FRYTKOWNICA BEZTŁUSZCZOWA AIR FRYER 8,8L NIEPRZYWIERAJĄCA WEBBER 10 P 
[13:39:00]   05AF900: FRYTKOWNICA BEZTŁUSZCZOWA PODWÓJNA AIR FRYER DWUKOMOROWA Ceramiczna WE
[13:39:00]   05AF901: FRYTKOWNICA PODWÓJNA PIONOWA BEZTŁUSZCZOWA AIR FRYER 2800W 11L XXL WEB
[13:39:00]   05AF938TFT: FRYTKOWNICA BEZTŁUSZCZOWA AIR FRYER 8L WIFI NIEPRZYWIERAJĄCA 10 P 2200
[13:39:00]   05AOW09B: IRYGATOR DO ZĘBÓW BEZPRZEWODOWY DENTYSTYCZNY MOCNY 6 DYSZ 5 TRYBÓW WEB
[13:39:00]   05AOW09W: IRYGATOR DO ZĘBÓW BEZPRZEWODOWY DENTYSTYCZNY MOCNY 5 DYSZ 5 TRYBÓW WEB
[13:39:00]   05AP8400H13: Filtr powietrza 3w1 do Webber AP8400 AP8410 HEPA 13 oryginał
[13:39:00]   05AP8550: Oczyszczacz powietrza Webber AP8550 HEPA H13 WiFi UV-C Jonizacja Smart
[13:39:00]   05AP8700F H13: Filtr powietrzny do oczysczacza powietrza Webber AP8700 HEPA 13
[13:39:00]   05AP8800F: Filtr powietrzny do oczysczacza powietrza Webber AP8800
[13:39:00]   05AP9405H13: Oczyszczacz nawilżacz powietrza Webber AP9405 HEPA 13 Z NAWILŻACZEM
[13:39:00]   05AP9650CODYPRO: Oczyszczacz powietrza Webber AP9650 WIFI HEPA 13 UV Jonizator Nawilżac
[13:39:00]   05AP9650FAP: Filtr powietrzny do oczyszczacza powietrza Webber AP9650
[13:39:00]   05AP9650FWAP: Filtr wodny do oczyszczacza powietrza Webber AP9650
[13:39:00]   05AP9700BLACK: Oczyszczacz powietrza Webber AP9700 WIFI HEPA13 UV Jonizator Nawilżacz
[13:39:00]   05AP9700F H13: Filtr powietrzny do oczysczacza powietrza Webber AP9700 HEPA 12
[13:39:00]   05AP9700FW: Filtr wodny do oczysczacza powietrza Webber AP9700 ORGINALNY
[13:39:00]   05AP9700P7: Pokrywa do oczyszczacza powietrza Webber AP9700 P7
[13:39:00]   05AP9700P9: Pokrywa do oczyszczacza powietrza Webber AP9700 P9
[13:39:00]   05AP9700WIFI: Oczyszczacz powietrza Webber AP9700 WIFI HEPA13 UV Jonizator Nawilżacz
[13:39:00]   05AP9700WIFI-S: Oczyszczacz powietrza Webber AP9700 WIFI HEPA13 UV Jonizator Nawilżacz
[13:39:00]   05AP9750: Oczyszczacz powietrza nawilżacz Webber AP9750 SMART AI WIFI 100W 57m
[13:39:00]   05AP9750F: Fiiltr do Oczyszczacza powietrza nawilżacza Webber AP9750 SMART HEPA 1
[13:39:00]   05AP9750FW: Fiiltr Wodny do Oczyszczacza powietrza Webber AP9750 SMART HEPA 13 PRO
[13:39:00]   05APEH11003: Oczyszczacz powietrza Webber APEH11003 WIFI HEPA 12 UV Jonizator Nawil
[13:39:00]   05APG7800: Oczyszczacz powietrza WiFi 20m² Wentylator termowentylator Webber APG7
[13:39:00]   05AX7: PROFESJONALNY ALKOMAT METEO AX7 5 USTNIKÓW
[13:39:00]   05AX7kpl.2: Profesjonalny Alkomat METEO AX7 +17 USTNIKÓW
[13:39:00]   05B18: CIŚNIENIOMIERZ NARAMIENNY CZYTELNY DUŻY EKRAN ARYTMIA Webber Med B18
[13:39:00]   05BG600: Trymer Męski Webber BG-600 8w1 Do Włosów Brody Ciała Wet&Dry IPX7 LED 
[13:39:00]   05BL210: BLENDER RĘCZNY MIKSER DO KOKTAJLI SMOOTHIE 1000W
[13:39:00]   05BLN700: Nutri Blender kielichowy ELDOM BLN700 ekstraktor
[13:39:00]   05BT700: Trymer Męski Do Brody Webber BT700 MULTIBLADE Precyzyjny Do Zarostu 0,
[13:39:00]   05C225C: Czajnik elektryczny bezprzewodowy C225 C ELDOM
[13:39:00]   05C280C: Czajnik elektryczny bezprzewodowy C280 C ELDOM
[13:39:00]   05C290S: Czajnik elektryczny bezprzewodowy C290 S ELDOM
[13:39:00]   05C315M: Czajnik Elektryczny Bezprzewodowy ELDOM C315M 1,7L 2200W Biały
[13:39:00]   05C510B: Czajnik elektryczny Eldom C510B 2200 W biały
[13:39:00]   05C520: CZAJNIK ELEKTRYCZNY Z REGULACJĄ TEMPERATURY 1,8L BEZPRZEWODOWY 2200W
[13:39:00]   05CG6: Elektryczny młynek żarnowy do kawy Webber CG6 25 ustawień V-Cone Tech 
[13:39:00]   05CN356: PULSOKSYMETR Z CERTYFIKATEM MEDYCZNYM NAPALCOWY
[13:39:00]   05CS20: Czajnik elektryczny bezprzewodowy CS20 INOX ELDOM
[13:39:00]   05CS25: Czajnik elektryczny bezprzewodowy CS25 INOX ELDOM
[13:39:00]   05DEC500: Osuszacz powietrza WiFi Timer 12l/24h Webber DEC500 pochłaniacz wilgoc
[13:39:00]   05DEC500FILTR: Filtr do osuszacza powietrza Webber Vich DEC500 HEPA11
[13:39:00]   05DEQ1: Osuszacz powietrza Pochłaniacz wilgoci Webber Q1 przenośny super wydaj
[13:39:00]   05DEQ10: Osuszacz Powietrza Webber DEQ10 pochłaniacz WIFI Cichy HEPA LED 20m²
[13:39:00]   05DEX1: Osuszacz Powietrza Webber DEX 1 pochłaniacz 3 L / 24H Cichy HEPA LED 2
[13:39:00]   05DT605T: Klasyczna Waga Łazienkowa MECHANICZNA Analogowa do 180 KG CZARNA WEBBE
[13:39:00]   05DWK200: WAGA KUCHENNA ELEKTRONICZNA LCD PRECYZYJNA ELDOM
[13:39:00]   05EK4390: Waga kuchenna WEBBER EK4390 INOX stal nierdzewna LCD 5kg 1g misa tarow
[13:39:00]   05EK4390H: Waga kuchenna WEBBER EK4390 INOX stal nierdzewna LCD 5kg 1g misa tarow
[13:39:00]   05EK8880R: Waga kuchenna WEBBER INOX elektroniczna precyzyjna LCD 10kg USB tarowa
[13:39:00]   05FF400A: WENTYLATOR Cyrkulator Powietrza PODŁOGOWY DUŻY Wiatrak 40 cm WEBBER CI
[13:39:00]   05FF430D: WENTYLATOR Cyrkulator Powietrza PODŁOGOWY DUŻY Wiatrak 40 cm WEBBER CI
[13:39:00]   05FF450BL: WENTYLATOR Cyrkulator Powietrza PODŁOGOWY DUŻY Wiatrak 40 cm WEBBER CI
[13:39:00]   05FF500-A: WENTYLATOR Cyrkulator Powietrza PODŁOGOWY DUŻY Wiatrak 50 cm WEBBER CI
[13:39:00]   05FP11003: Filtr powietrzny do oczysczacza powietrza Webber APEH11003 HEPA 12
[13:39:00]   05FP8550: Fiiltr do Oczyszczacza powietrza Webber AP8550 HEPA 13 PRO 5 PureAir
[13:39:00]   05FR35: Frytkownica beztłuszczowa Eldom FR35 1300 W 3,5 l
[13:39:00]   05FW11003: Filtr wodny do oczysczacza powietrza Webber APEH11003 ORGINALNY
[13:39:00]   05GDS8: DUŻA GOLARKA DO UBRAŃ SWETRÓW ELDOM GDS8 Eldom Lia
[13:39:00]   05GDS9: GOLARKA DO UBRAŃ ODZIEŻY TKANIN ELDOM GDS9 CZARNA
[13:39:00]   05GK1400: Trymer Męski 14w1 Webber - Golarka + Broda + Włosy + Nos Wet&Dry Zesta
[13:39:00]   05GK150: Grill elektryczny kontaktowy ELDOM GK150 2000W
[13:39:00]   05GWO250B: ELEKTRONICZNA WAGA ŁAZIENKOWA ELDOM GWO250 LCD
[13:39:00]   05GWO250C: ELEKTRONICZNA WAGA ŁAZIENKOWA ELDOM GWO250
[13:39:00]   05GWO260B: Waga elektroniczna łazienkowa ELDOM Cyfrowa LCD szklana 150 kg biała
[13:39:00]   05GWO260C: Waga łazienkowa Eldom 150 kg czarna
[13:39:00]   05GWO260R: Waga łazienkowa elektroniczna LCD SZKLANA 150 kg Eldom
[13:39:00]   05H5 EKSPRES: EKSPRES DO KAWY CIŚNIENIOWY KOLBOWY PÓŁAUTOMATYCZNY WEBBER 20 BAR H5
[13:39:00]   05HD-1298: SUSZARKA I STYLIZATOR DO WŁOSÓW WEBBER 10W1 CELIA HD-1298
[13:39:00]   05HD-1698: Suszarka do włosów 3w1 VENTA WEBBER 1600W z JONIZACJĄ I REGULACJĄ
[13:39:00]   05HD-1998F: Suszarka do włosów 4w1 STELLA WEBBER 2000W z JONIZACJĄ I REGULACJĄ
[13:39:00]   05HD4PRONAKŁ: KOŃCÓWKI DO SUSZARKI HD4 WEBBER SZCZOTKI STYLIZUJĄCE DO WŁOSÓW 2SZT
[13:39:00]   05HD4RED: Suszarka do włosów 5w1 WEBBER HD4 1300W z JONIZACJĄ I REGULACJĄ 5 końc
[13:39:00]   05HH10001F: FILTR DO NAWILŻACZA POWIETRZA WEBBER HH10001
[13:39:00]   05HH1002: Nawilżacz ewaporacyjny Webber HH1002 8W Higrostat do 30m2 Biały
[13:39:00]   05HH1002FILTR: FILTR DO NAWILŻACZA POWIETRZA WEBBER HH1002
[13:39:00]   05HH3002F: FILTR DO NAWILŻACZA POWIETRZA WEBBER HH3002 ORYGINALNY EWAPORACYJNY
[13:39:00]   05HL12: Grzejnik elektryczny Termowentylator Farelka Piecyk Eldom HL12 1800 W
[13:39:00]   05HS700: PROSTOWNICA DO WŁOSÓW WEBBER CERAMICZNA JONIZACJA + LCD + AEROPROSTOWN
[13:39:00]   05HT92: SUSZARKA DO WŁOSÓW 1600W Z JONIZACJĄ MAŁA ZIMNY NAWIEW DYFUZOR KONCENT
[13:39:00]   05HTS20: SUSZARKO LOKÓWKA SZCZOTKA DO WŁOSÓW 4w1 ELDOM 1000W ZESTAW
[13:39:00]   05ID2501: WIATRAK WENTYLATOR PODŁOGOWY STOJĄCY REGULACJA OSCYLACJA CICHY 40CM MO
[13:39:00]   05ID5501: LODÓWKA TURYSTYCZNA PRZENOŚNA SAMOCHODOWA 29L 12V/230V FUNKCJA GRZANIA
[13:39:00]   05ID5901: Odkurzacz BEZWORKOWY cyklonowy domowy HEPA Ideal 700W Mały Mocny Lekki
[13:39:00]   05ID6501: CICHY WENTYLATOR KOLUMNOWY CICHY WIATRAK PODŁOGOWY STOJĄCY IDEAL ID650
[13:39:00]   05IF1320B: Waga Łazienkowa Analityczna 16 Parametrów Apple Health, Google Fit, IF
[13:39:00]   05IF1320C: Waga Łazienkowa Analityczna 16 Parametrów Apple Health, Google Fit, IF
[13:39:00]   05IF1321B: Waga Łazienkowa Analityczna 16 Parametrów Apple Health, Google Fit, IF
[13:39:00]   05IF1321C: Waga Łazienkowa Analityczna 16 Parametrów Apple Health, Google Fit, IF
[13:39:00]   05IF2825A: Waga Łazienkowa Analityczna 15 Parametrów Apple Health, Google Fit, IF
[13:39:00]   05IK1001: Blender ręczny Stalowe ostrza 800W Tryb PULSACYJNY Ideal IK1001 czarny
[13:39:00]   05IK1602: GOFROWNICA ELDOM SOLIDNA 4 DUŻE GOFRY SUPER MOC 2000W
[13:39:00]   05IK2002: Kostkarka do lodu IDEAL domowa maszyna do kostek 12kg 100W ekspresowy 
[13:39:00]   05IK3301: DUŻA Suszarka do Grzybów Owoców Warzyw IDEAL INOX +Termoobieg 400W +Ti
[13:39:00]   05IM-001: KOSTKARKA DO LODU WEBBER RANUA IM-001 ICE MASTER 12KG/24H 165W CZARNA 
[13:39:00]   05IM-002S: KOSTKARKA DO LODU WEBBER RUKA IM-002 INOX 13KG 165W 2 ROZMIARY KOSTEK 
[13:39:00]   05IM-003: Kostkarka do lodu WEBBER domowa maszyna do kostek 10kg 165W ekspresowy
[13:39:00]   05IM-003BL: Kostkarka do lodu WEBBER domowa maszyna do kostek 10kg 165W ekspresowy
[13:39:00]   05IM-004: KOSTKARKA DO LODU WEBBER KEMI ICE MASTER 10KG/24H 165W 7 KOSTEK 2 ROZM
[13:39:00]   05IM-101: Kostkarka do lodu 3w1 Dystrybutor wody Kruszarka WEBBER 200W 20kg/24h 
[13:39:00]   05IM-201: KOSTKARKA DO LODU WEBBER FRIO IM-201 25KG LCD 3 TRYBY WODY INOX 24 KOS
[13:39:00]   05IZ8701: Maszynka do strzyżenia włosów GOLENIA zarostu Trymer +3 GŁOWICE
[13:39:00]   05IZ9202C: MECHANICZNA WAGA ŁAZIENKOWA KLASYCZNA ANALOGOWA DO 130KG IZ9202 CZARNA
[13:39:00]   05IZ9202SZ: MECHANICZNA WAGA ŁAZIENKOWA KLASYCZNA ANALOGOWA DO 130KG IZ9202
[13:39:00]   05JZE002: KRAJALNICA ELEKTRYCZNA WEBBER INOX 160W DO CHLEBA WĘDLIN SERA REGULACJ
[13:39:00]   05KR100: KRAJALNICA ELEKTRYCZNA ELDOM KR100 100 W biała
[13:39:00]   05KT100: KOC ELEKTRYCZNY MATA GRZEWCZA KT100 ELDOM
[13:39:00]   05L7CALDAS: EKSPRES DO KAWY CIŚNIENIOWY KOLBOWY PÓŁAUTOMATYCZNY WEBBER 20 BAR L7
[13:39:00]   05LG400: Golarka Damska Webber LG400 Trymer Depilator Wet&Dry Do Ciała Twarzy 4
[13:39:00]   05LK020: LODÓWKA TURYSTYCZNA KOMPRESOROWA ZAMRAŻARKA SAMOCHODOWA 12/24V 230V 20
[13:39:00]   05LK032: LODÓWKA KOMPRESOROWA ZAMRAŻARKA TURYSTYCZNA SAMOCHODOWA 12V/230V 32L S
[13:39:00]   05LK040: LODÓWKA KOMPRESOROWA ZAMRAŻARKA TURYSTYCZNA SAMOCHODOWA 12V/230V 40L S
[13:39:00]   05M5: EKSPRES DO KAWY CIŚNIENIOWY KOLBOWY PÓŁAUTOMATYCZNY WEBBER 15 BAR M5
[13:39:00]   05MB3: OPIEKACZ WIELOFUNKCYJNY GRILL TOSTER 1200W DUAL COOK 180 CERAMICZNY IN
[13:39:00]   05ME15A: Nawilżacz ewaporacyjny Webber EH9004 TAUPE UV-C WiFi ULTRA-HUMI AIR 36
[13:39:00]   05ME15AFILTR: Filtr wodny do nawilżacza powietrza Webber EH9004 ORGINALNY
[13:39:00]   05ME2D50B: Nawilżacz ewaporacyjny Webber COMO EH4001 UV-C WiFi ATR 360° 5L LAMPA 
[13:39:00]   05ME2D50BFILTR: Filtr wodny do nawilżacza powietrza Webber EH4001 ORGINALNY
[13:39:00]   05MK.ZASILACZ: ŁADOWARKA SIECIOWA UNIWERSALNA USB WTYCZKA DO MŁYNKÓW WEBBER 5V 1A
[13:39:00]   05MK20B: MŁYNEK DO PIEPRZU LUB SOLI ELEKTRYCZNY na BATERIE MŁYNEK
[13:39:00]   05MK20Z: MŁYNEK DO PIEPRZU I SOLI ELEKTRYCZNY na BATERIE MŁYNEK DO SOLI 2 SZT W
[13:39:00]   05MK30: MŁYNEK DO PIEPRZU I SOLI ELEKTRYCZNY AKUMULATOROWY USB MŁYNEK DO SOLI
[13:39:00]   05MK40A: MŁYNEK DO PIEPRZU I SOLI ELEKTRYCZNY AKUMULATOROWY USB 2 SZT WEBBER PR
[13:39:00]   05MK41: MŁYNEK DO PIEPRZU I SOLI ELEKTRYCZNY AKUMULATOROWY USB MŁYNEK DO SOLI 
[13:39:00]   05MK42: MŁYNEK DO PIEPRZU I SOLI ELEKTRYCZNY AKUMULATOROWY USB MŁYNEK DO SOLI 
[13:39:00]   05MK43: MŁYNEK DO PIEPRZU I SOLI ELEKTRYCZNY AKUMULATOROWY USB 2 SZT INOX WEBB
[13:39:00]   05MS02OSTRZE: OSTRZE DO KRAJALNICY ELEKTRYCZNA WEBBER INOX 160W DO CHLEBA WĘDLIN SER
[13:39:00]   05MT500U: GOLARKA TRYMER Maszynka Do Strzyżenia Włosów, Brody 3w1 Trymer Eldom M
[13:39:00]   05NU10: Ultradźwiękowy nawilżacz powietrza ELDOM NU10 roll
[13:39:00]   05OB20B: ODKURZACZ BEZPRZEWODOWY PIONOWY BEZWORKOWY OB20 ELDOM MOCNY
[13:39:00]   05OB90: MOCNY ODKURZACZ ELDOM BEZPRZEWODOWY PIONOWY CYKLON 2W1 TURBOSZCZOTKA L
[13:39:00]   05OBZ100: NAKŁADKA NASADKA MOPUJĄCA NA MOKRO ELDOM OB100
[13:39:00]   05OCF600: Filtr HEPA do odkurzacza Eldom OC600
[13:39:00]   05OKF101: FILTR HEPA DO ODKURZACZA OK100 COLUMBIAVAC
[13:39:00]   05OKF102: FILTR PŁÓCIENNY DO ODKURZACZA OK100 COLUMBIAVAC
[13:39:00]   05OS900: ODKURZACZ WORKOWY ELDOM OS900 PEGAZ HEPA
[13:39:00]   05OSC3100: Cichy ODKURZACZ COLUMBIAVAC ULTRA MOCNY INTELIGENTNY TURBOSZCZOTKA 420
[13:39:00]   05OW4: Automatyczny otwieracz do wina korkociąg OW4
[13:39:00]   05OW5: Automatyczny otwieracz do wina korkociąg OW5
[13:39:00]   05OW6: Automatyczny Otwieracz do Wina Webber OW6 Elektryczny Zestaw 4w1 USB K
[13:39:00]   05OW7: Automatyczny otwieracz do wina korkociąg OW7 WACO
[13:39:00]   05PG10N: Kuchenka elektryczna płyta grzewcza PG10N Eldom
[13:39:00]   05PM1000: Mop parowy MYJKA WIELOFUNKCYJNA 1300W ELDOM PM1000 MYJKA ciśnieniowa 1
[13:39:00]   05PR300: PIEKARNIK ELEKTRYCZNY ELDOM PR300 ROŻNO GRILL 28L
[13:39:00]   05PRZYŁBICAPO01: PRZYŁBICA OCHRONNA NA TWARZ Maska Osłona Twarzy
[13:39:00]   05PS577: Waga Łazienkowa Analityczna 57 Parametrów Apple Health, Google Fit, WI
[13:39:00]   05PS636B: Waga Łazienkowa Analityczna 57 Parametrów Apple Health, Google Fit, WI
[13:39:00]   05PS636C: Waga Łazienkowa Analityczna 57 Parametrów Apple Health, Google Fit, WI
[13:39:00]   05PSJG60A: LAMPA PRZEPŁYWOWA UV-C BAKTERIOBÓJCZA OZONTATOR
[13:39:00]   05PT4: TERMOMETR BASENOWY METEO PT4 BEZPRZEWODOWY CZUJNIK WODY DO 60 METRÓW L
[13:39:00]   05Q10FP: Filtr do osuszacza powietrza Webber DEQ10
[13:39:00]   05Q8FP: Filtr do osuszacza powietrza Webber DEQ8
[13:39:00]   05R103: ROBOT KUCHENNY MIKSER RĘCZNY R103 ELDOM 300W 2w1
[13:39:00]   05RW35: PROSTOWNICA DO WŁOSÓW Z POWŁOKĄ CERAMICZNĄ ELDOM 2w1 LOKÓWKA
[13:39:00]   05RYZ101: IRYGATOR DO ZĘBÓW ZESTAW KOŃCÓWEK RY100 2 SZT
[13:39:00]   05S5IPL: DEPILATOR IPL DO WŁOSÓW CIAŁA LASEROWY BIKINI NÓG BEZBOLESNY Webber S5
[13:39:00]   05S600B: INHALATOR NEBULIZATOR Dla Dzieci i DOROSŁYCH -PRZENOŚNY na Akumulator 
[13:39:00]   05S7IPL: DEPILATOR IPL DO WŁOSÓW CIAŁA LASEROWY BIKINI NÓG BEZBOLESNY WEBBER IP
[13:39:00]   05SD100B: Szczoteczka elektryczna soniczna ELDOM SD100B
[13:39:00]   05SD100C: Szczoteczka elektryczna soniczna ELDOM SD100C
[13:39:00]   05SD200B: Szczoteczka elektryczna soniczna ELDOM SD200B
[13:39:00]   05SD200C: Szczoteczka elektryczna soniczna Eldom SD200C
[13:39:00]   05SD210B: Szczoteczka elektryczna soniczna Eldom SD210B
[13:39:00]   05SD210C: Szczoteczka elektryczna soniczna Eldom SD210C
[13:39:00]   05SD50R: SZCZOTECZKA SONICZNA DLA DZIECI 3-6lat SD50R
[13:39:00]   05SDK50: Końcówki do szczoteczki soniecznej ELDOM SD50
[13:39:00]   05SG500: SUSZARKA DO GRZYBÓW OWOCÓW ELDOM WYDAJNA MOCNA HIT
[13:39:00]   05SH16STOJAK: Stojak do lampy promiennika SH16CW
[13:39:00]   05SK9S: Sokowirówka Eldom SK9S 700W
[13:39:00]   05SM15.16MISAS: Misa INOX 4L do robota Webber SM15 i SM16 - Oryginalna misa, pojemna
[13:39:00]   05SM15.16MISASZKL: Szklana misa 5L do robota Webber SM15 / SM16 - oryginalna misa zamienn
[13:39:00]   05SM17: Robot kuchenny planetarny Webber SM17 2700W misa 7L mikser wielofunkcy
[13:39:00]   05SM17MISA6L: Misa INOX 6L do robota Webber SM17 - Oryginalna misa, pojemna, zamienn
[13:39:00]   05SM17SZNAKŁ: Zestaw akcesoriów do robota kuchennego szatkownica + 6 końcówek do mak
[13:39:00]   05SP102: STACJA POGODOWA Z DCF METEO SP102 Z PROJEKTOREM
[13:39:00]   05SP106: STACJA POGODOWA Z DCF METEO SP106 POGODYNKA 3 CZUJNIKI
[13:39:00]   05SP107B: STACJA POGODOWA Z DCF METEO SP107B POGODYNKA
[13:39:00]   05SP107C: STACJA POGODOWA Z DCF METEO SP107C POGODYNKA
[13:39:00]   05SP109: STACJA POGODOWA CYFROWA TERMOMETR METEO SP109
[13:39:00]   05SP109C: STACJA POGODOWA CYFROWA TERMOMETR METEO SP109C
[13:39:00]   05SP110B: STACJA POGODOWA Z DCF METEO SP110 B POGODYNKA
[13:39:00]   05SP110C: Stacja pogodowa pogody METEO Higrometr Barometr Termometr Zegar SP110
[13:39:00]   05SP111B: Stacja Pogodowa Termometr zewnętrzny pokojowy wewnętrzny METEO SP111B
[13:39:00]   05SP111C: Stacja Pogodowa Termometr zewnętrzny pokojowy wewnętrzny METEO SP111C
[13:39:00]   05SP112: Stacja Pogodowa Termometr zewnętrzny pokojowy wewnętrzny METEO SP112
[13:39:00]   05SP200: STACJA POGODOWA METEO SP200 Z POGODYNKA EKRAN LCD CZUJNIK BEZPRZEWODOW
[13:39:00]   05SP202: STACJA POGODOWA Z DCF METEO SP202 Z POGODYNKA ORAZ CZUJNIKIEM ZEWNĘTRZ
[13:39:00]   05SP203: Stacja pogodowa pogody METEO Higrometr Pogodynka Termometr Zegar SP203
[13:39:00]   05SP204B: STACJA POGODOWA METEO SP204 POGODYNKA HIGROMETR CZUJNIK ZEWNĘTRZNY DCF
[13:39:00]   05SP204C: STACJA POGODOWA METEO SP204 POGODYNKA HIGROMETR CZUJNIK ZEWNĘTRZNY DCF
[13:39:00]   05SP205: STACJA POGODOWA METEO SP205 POGODYNKA HIGROMETR CZUJNIK ZEWNĘTRZNY DCF
[13:39:00]   05SP209: STACJA POGODOWA METEO SP209 BEZPRZEWODOWA CZUJNIK BAROMETR DCF TERMOME
[13:39:00]   05SP300: STACJA POGODOWA Z DCF METEO SP300 POGODYNKA PROJEKTOR LASEROWY 3 CZUJN
[13:39:00]   05SP301: STACJA POGODOWA Z DCF METEO SP301 POGODYNKA HIGROMETR BAROMETR 3 CZUJN
[13:39:00]   05SP400: MULTI STACJA POGODOWY METEO SP400 WIFI +MIERNIK POWIETRZA HIGROMETR BA
[13:39:00]   05SP401: STACJA POGODOWA METEO SP401 WIFI Z PROGNOZĄ POGODY NA 4 DNI
[13:39:00]   05SP600NEON: MULTI STACJA POGODOWA METEO SP600 Z MIERNIKIEM WIATRU oraz OPADÓW
[13:39:00]   05SP601KPL: Stacja Pogodowa POGODY Bezprzewodowa METEO Higrometr Barometr WIFI SP6
[13:39:00]   05SP601W: Stacja Pogodowa POGODY Bezprzewodowa METEO Higrometr Barometr WIFI SP6
[13:39:00]   05SP602: Stacja Pogodowa POGODY Bezprzewodowa METEO Higrometr Barometr WIFI SP6
[13:39:00]   05SP99C: STACJA POGODOWA Z DCF METEO SP99 POGODYNKA LCD VA
[13:39:00]   05SR1: OPIEKACZ DO KANAPEK TOSTER WEBBER TIVARO SR1 750W CERAMICZNY INOX NA 2
[13:39:00]   05SR2G: Opiekacz do kanapek toster Webber AURUM SR2-G ceramiczny 800W wyjmowan
[13:39:00]   05SR3: OPIEKACZ TOSTER GRILL GOFROWNICA 3W1 1000W CERAMICZNE PŁYTY WYJMOWANE 
[13:39:00]   05SR7: OPIEKACZ DO KANAPEK TOSTER WEBBER ARVION SR7 1400W CERAMICZNY INOX NA 
[13:39:00]   05ST10W: GOFROWNICA DO GOFRÓW ELDOM ST10W SOLIDNA DWA GOFRY
[13:39:00]   05SXG500: Golarka Męska Webber FIVER SXG500 Trymer 5w1 Brody Nosa Wet&Dry USB
[13:39:00]   05TANGO-ZESTAW-SZCZOTKI: Zestaw Szczotki Filtry do Robota Webber TANGO
[13:39:00]   05TB2: TERMOMETR BASENOWY METEO TB2N BEZPRZEWODOWY CZUJNIK WODY LCD POGODYNKA
[13:39:00]   05TB2S: TERMOMETR BASENOWY METEO TB2S BEZPRZEWODOWY CZUJNIK WODY LCD POGODYNKA
[13:39:00]   05TB3N: TERMOMETR BASENOWY PŁYWAJĄCY METEO STACJA POGODY TB3 POMIAR W TELEFONI
[13:39:00]   05TCN-01WB: Inhalator Nebulizator Kompresorowy Pneumatyczny Webber Dla Dzieci Doro
[13:39:00]   05TH2200B: TERMOWENTYLATOR Grzejnik ceramiczny Kolumnowy Webber 2200W z nawilżacz
[13:39:00]   05TH2200G: TERMOWENTYLATOR Grzejnik ceramiczny Kolumnowy Webber 2200W z nawilżacz
[13:39:00]   05TO245B: Eldom Toster opiekacz TO245 DOTTY biały ruszt
[13:39:00]   05TO245C: Eldom Toster opiekacz TO245 DOTTY czarny ruszt
[13:39:00]   05TO265B: TOSTER OPIEKACZ KANAPEK 930W ELDOM TO26 BIAŁY NELE
[13:39:00]   05TR02: TERMOMETR BEZDOTYKOWY MEDYCZNY NA PODCZERWIEŃ ALARM GORĄCZKI WEBBER TR
[13:39:00]   05TR15: TERMOMETR BEZDOTYKOWY MEDYCZNY NA PODCZERWIEŃ ALARM GORĄCZKI WEBBER TR
[13:39:00]   05TWB1830NEW: Termowentylator ceramiczny farelka 3 TRYBY Webber wentylator 2000W grz
[13:39:00]   05TWO130B: WAGA ŁAZIENKOWA ELDOM TWO130 BMI Biała
[13:39:00]   05TWO140C: ELEKTRONICZNA WAGA ŁAZIENKOWA ELDOM TWO140 BMI
[13:39:00]   05TWO500b: WAGA ŁAZIENKOWA INTELIGENTNA SMART BLUETOOTH ELDOM
[13:39:00]   05UP900: Stacja Jakości Powietrza UP900 7w1 PM2.5 PM10 HCHO TVOC USB Webber
[13:39:00]   05V168B: ZGRZEWARKA PRÓŻNIOWA DO FOLII PAKOWARKA ŻYWNOŚCI WEBBER V168B AUTOMATY
[13:39:00]   05V168C: ZGRZEWARKA PRÓŻNIOWA DO FOLII PAKOWARKA ŻYWNOŚCI WEBBER V168C AUTOMATY
[13:39:00]   05V217: ZGRZEWARKA PRÓŻNIOWA DO FOLII PAKOWARKA ŻYWNOŚCI WEBBER V217 AUTOMATYC
[13:39:00]   05WA100S: Gofrownica do gofrów ELDOM WA100S mocna 1000W 2 gofry
[13:39:00]   05WB1820B: Bezłopatkowy wentylator z nawilżaczem podłogowy WEBBER WB1820 biały CI
[13:39:00]   05WB1820C: Bezłopatkowy wentylator z nawilżaczem podłogowy WEBBER WB1820 czarny C
[13:39:00]   05WB1840B: WENTYLATOR BEZŁOPATKOWY WEBBER WB1840B CHŁODZENIE NAWILŻANIE JONIZACJA
[13:39:00]   05WB1840FILTR: FILTR WEBBER WB1840 DO WENTYLATORA EWAPORACYJNEGO ORYGINALNY
[13:39:00]   05WB1840G: WENTYLATOR BEZŁOPATKOWY WEBBER WB1840G CHŁODZENIE NAWILŻANIE JONIZACJA
[13:39:00]   05WEBFOLIA28X300: Folia Próżniowa 28x300 cm Rolka do Zgrzewarki Sous-Vide Bez BPA Mocna
[13:39:00]   05WEBLB1: Pojemniki Próżniowe Webber+ 3x 0,7L Do Żywności BPA DO LODÓWKI MIKROFA
[13:39:00]   05WEBV104B: ZGRZEWARKA PRÓŻNIOWA DO FOLII PAKOWARKA WEBBER V104B
[13:39:00]   05WGC40: WENTYLATOR WIATRAK BIURKOWY WGC40 Columbia Vac
[13:39:00]   05WK-330: Czajnik elektryczny bezprzewodowe Webber WK-330 2200 W 1,7 l czarny IN
[13:39:00]   05WK-717: Czajnik elektryczny bezprzewodowy REGULACJA TEMPERATURY Webber 1.7L 18
[13:39:00]   05WK-717N: Czajnik elektryczny bezprzewodowy REGULACJA TEMPERATURY Webber 1.7L 18
[13:39:00]   05WK110: Czajnik elektryczny Webber ELIYA WK110 1,5L Regulacja tem Keep Warm LE
[13:39:00]   05WK115: Czajnik elektryczny Webber WK115 WIFI 1,5L Szklane wnętrze Smart Keep 
[13:39:00]   05WK310: Elektroniczna waga kuchenna ELDOM WK310 LCD
[13:39:00]   05WM16: GOFROWNICA WEBBER WM16 1600W CERAMICZNA XXL INOX REGULACJA TEMPERATURY
[13:39:00]   05WM169: Myjka automatyczna robot do okien WM 169 Webber
[13:39:00]   05WM170: Myjka automatyczna robot do okien WM 170 Webber
[13:39:00]   05WRK2500: ROBOT KUCHENNY PLANETARNY MIKSER BLENDER ELDOM MOC
[13:39:00]   05WS206: STACJA POGODOWA WEBBER WS206 DCF TERMOMETR ZEWNĘTRZNY CIŚNIENIE BUDZIK
[13:39:00]   05WS207: STACJA POGODOWA Z DCF METEO WEBBER WS207 POGODYNKA PROJEKTOR LASEROWY
[13:39:00]   05WS302: STACJA POGODOWA WEBBER WS302 3 CZUJNIKI ZEWNĘTRZNE DCF TERMOMETR HIGRO
[13:39:00]   05WS303: STACJA POGODOWA WEBBER WS303 POGODYNKA CZUJNIK BAROMETR DCF FAZY KSIĘŻ
[13:39:00]   05WS305C: STACJA POGODOWA WEBBER WS305C BEZPRZEWODOWA CZUJNIK BAROMETR DCF POGOD
[13:39:00]   05WS603: STACJA POGODOWA WEBBER WS603 WIFI TUYA MULTISENSOR CZUJNIK WIATRU DESZ
[13:39:00]   05X580: Odkurzacz robot sprzątający mop WEBBER TANGO Star
[13:39:00]   05XEF900: Robot kuchenny planetarny Webber XEF900 1800W misa 7L mikser wielofunk
[13:39:00]   05XEF900M: Robot kuchenny planetarny Webber XEF900 1800W misa 7L mikser wielofunk
[13:39:00]   05ZMG20: Maszynka do strzyżenia włosów Eldom ZMG20 maszynka bezprzewodowa +TRYM
[13:39:00]   05ZP28B: ZEGAR BUDZIK METEO SP28 Z POMIAREM TEMPERATURY
[13:39:00]   05ZP31: Zegar ścienny ZP31 30 cm LCD z bezprzewodowym czujnikiem tem kwarcowy 
[13:39:00]   05ZP33: Zegar METEO z projektorem i DCF ZP33
[13:39:00]   05ZP8: Zegar ścienny METEO ZP8 z termometrem i datownikiem LCD aluminiowy
[13:39:00]   05ZP9 S: Zegar METEO ZP9 S z Projektorem + DCF
[13:39:00]   05hm1300: Grzejnik elektryczny radiacyjno - konwektorowy Eldom HM1300 STAR
[13:39:00]   05kcF100: Filtry do klimatora COLUMBIAVAC KC100
[13:39:00]   05kcF500: Filtry do klimatora COLUMBIAVAC KC500
[13:39:00]   05ob200filtr: Filtr do odkurzacza Eldom OBF200 Odkurzacz OB200
[13:39:00]   0SSP208: STACJA POGODOWA Z DCF METEO SP208 POGODYNKA PROJEKTOR LASEROWY CZUJNIK
[13:39:00]   DZBANEK FILTRUJĄCY TRIWATER ORIA EJ630 W: Dzbanek do wody Aqua Optima 2,8l + FILTR 30 dni
[13:39:00]   MK20A: MŁYNEK DO PIEPRZU I SOLI ELEKTRYCZNY na BATERIE MŁYNEK DO SOLI 1 SZT
[13:39:00]   O4K KJF15420GR: ZESTAW MEBLI OGRODOWYCH 6W1 STÓŁ 4 KRZESŁA PARASOL SZARY TARAS BALKON 
[13:39:00]   WACO.CANISTER: ZESTAW DO PRÓŻNIOWEGO PAKOWANIA ŻYWNOŚCI 2SZT WACO POJEMNIKI PRÓŻNIOWE
[13:39:00] === MAP + POST ===
[13:39:00]   [1/447] 01LB31AA01: POST /products/01LB31AA01...
[13:39:00]     ❌ FAIL (409): {"name": "ConflictFailure", "message": "Wyst\u0105pi\u0142 konflikt danych, unique key duplication", "failureType": "conflict", "polishMessage": "Wyst\u0105pi\u0142 nieoczekiwany b\u0142\u0105d", "spa
[13:39:01]   [2/447] 01LBR70A21: POST /products/01LBR70A21...
[13:39:01]     ❌ FAIL (409): {"name": "ConflictFailure", "message": "Wyst\u0105pi\u0142 konflikt danych, unique key duplication", "failureType": "conflict", "polishMessage": "Wyst\u0105pi\u0142 nieoczekiwany b\u0142\u0105d", "spa
[13:39:01]   [3/447] 01LBR70B21: POST /products/01LBR70B21...
[13:39:01]     ❌ FAIL (409): {"name": "ConflictFailure", "message": "Wyst\u0105pi\u0142 konflikt danych, unique key duplication", "failureType": "conflict", "polishMessage": "Wyst\u0105pi\u0142 nieoczekiwany b\u0142\u0105d", "spa
[13:39:02]   [4/447] 01LBR70C21: POST /products/01LBR70C21...
[13:39:02]     ❌ FAIL (409): {"name": "ConflictFailure", "message": "Wyst\u0105pi\u0142 konflikt danych, unique key duplication", "failureType": "conflict", "polishMessage": "Wyst\u0105pi\u0142 nieoczekiwany b\u0142\u0105d", "spa
[13:39:03]   [5/447] 01LC3M2A7ES150: POST /products/01LC3M2A7ES150...
[13:39:03]     ❌ FAIL (409): {"name": "ConflictFailure", "message": "Wyst\u0105pi\u0142 konflikt danych, unique key duplication", "failureType": "conflict", "polishMessage": "Wyst\u0105pi\u0142 nieoczekiwany b\u0142\u0105d", "spa
[13:39:03]   [6/447] 01LDUF1P03: POST /products/01LDUF1P03...
[13:39:03]     ✅ OK (202)
[13:39:04]   [7/447] 01LF4LEU00: POST /products/01LF4LEU00...
[13:39:04]     ✅ OK (202)
[13:39:05]   [8/447] 01LF4SIT00: POST /products/01LF4SIT00...
[13:39:05]     ✅ OK (202)
[13:39:05]   [9/447] 01LFD03A21: POST /products/01LFD03A21...
[13:39:05]     ✅ OK (202)
[13:39:06]   [10/447] 01LFD06A21: POST /products/01LFD06A21...
[13:39:06]     ✅ OK (202)
[13:39:07]   [11/447] 01LG2MES21: POST /products/01LG2MES21...
[13:39:07]     ✅ OK (202)
[13:39:07]   [12/447] 01LJ31AD02: POST /products/01LJ31AD02...
[13:39:07]     ✅ OK (202)
[13:39:08]   [13/447] 01LJ31AF02: POST /products/01LJ31AF02...
[13:39:08]     ✅ OK (202)
[13:39:09]   [14/447] 01LJ35AD02: POST /products/01LJ35AD02...
[13:39:09]     ✅ OK (202)
[13:39:09]   [15/447] 01LJ81AA02: POST /products/01LJ81AA02...
[13:39:10]     ✅ OK (202)
[13:39:10]   [16/447] 01LM3M2A7ES150: POST /products/01LM3M2A7ES150...
[13:39:10]     ✅ OK (202)
[13:39:11]   [17/447] 01LUFSCE00: POST /products/01LUFSCE00...
[13:39:11]     ✅ OK (202)
[13:39:11]   [18/447] 01TRIWF30-12 EPS619: POST /products/01TRIWF30-12 EPS619...
[13:39:12]     ✅ OK (202)
[13:39:12]   [19/447] 01TRIWF30-3 EPS619: POST /products/01TRIWF30-3 EPS619...
[13:39:12]     ✅ OK (202)
[13:39:13]   [20/447] 01TRIWF30-6 EPS619: POST /products/01TRIWF30-6 EPS619...
[13:39:13]     ✅ OK (202)
[13:39:14]   [21/447] 01TRIWF30_619: POST /products/01TRIWF30_619...
[13:39:14]     ✅ OK (202)
[13:39:14]   [22/447] 02AFOKT: POST /products/02AFOKT...
[13:39:15]     ✅ OK (202)
[13:39:15]   [23/447] 02AWEB.DEZYNF.UF1170: POST /products/02AWEB.DEZYNF.UF1170...
[13:39:15]     ✅ OK (202)
[13:39:16]   [24/447] 02AWKLAD16X16: POST /products/02AWKLAD16X16...
[13:39:16]     ✅ OK (202)
[13:39:16]   [25/447] 02AWKLAD20X20: POST /products/02AWKLAD20X20...
[13:39:17]     ✅ OK (202)
[13:39:17]   [26/447] 02WAODK.EKSPRES: POST /products/02WAODK.EKSPRES...
[13:39:17]     ✅ OK (202)
[13:39:18]   [27/447] 02WEBODKAM2L: POST /products/02WEBODKAM2L...
[13:39:18]     ✅ OK (202)
[13:39:18]   [28/447] 02WEBODKAM4X250ML: POST /products/02WEBODKAM4X250ML...
[13:39:19]     ✅ OK (202)
[13:39:19]   [29/447] 02WEBTABL: POST /products/02WEBTABL...
[13:39:19]     ✅ OK (202)
[13:39:20]   [30/447] 02WNUNIBAG: POST /products/02WNUNIBAG...
[13:39:20]     ✅ OK (202)
[13:39:21]   [31/447] 04 F-05: POST /products/04 F-05...
[13:39:21]     ✅ OK (202)
[13:39:21]   [32/447] 04 KJFQ006BR: POST /products/04 KJFQ006BR...
[13:39:21]     ✅ OK (202)
[13:39:22]   [33/447] 04K 310: POST /products/04K 310...
[13:39:22]     ✅ OK (202)
[13:39:23]   [34/447] 04K 8055C: POST /products/04K 8055C...
[13:39:23]     ✅ OK (202)
[13:39:23]   [35/447] 04K 8086B: POST /products/04K 8086B...
[13:39:24]     ✅ OK (202)
[13:39:24]   [36/447] 04K 8096B: POST /products/04K 8096B...
[13:39:24]     ✅ OK (202)
[13:39:25]   [37/447] 04K 8128B: POST /products/04K 8128B...
[13:39:25]     ✅ OK (202)
[13:39:25]   [38/447] 04K 8618: POST /products/04K 8618...
[13:39:26]     ✅ OK (202)
[13:39:26]   [39/447] 04K 8701HCLEAR: POST /products/04K 8701HCLEAR...
[13:39:26]     ✅ OK (202)
[13:39:27]   [40/447] 04K D-009D: POST /products/04K D-009D...
[13:39:27]     ✅ OK (202)
[13:39:27]   [41/447] 04K D-009DMiękki: POST /products/04K D-009DMiękki...
[13:39:28]     ✅ OK (202)
[13:39:28]   [42/447] 04K F-03/F03W SMALL POKROWIEC: POST /products/04K F-03/F03W SMALL POKROWIEC...
[13:39:28]     ❌ FAIL (404): {"message": "No route", "spanId": "lxdk4gRb0PL79", "traceId": "lxdk4gRb0PL79"}
[13:39:29]   [43/447] 04K J933Be/BK: POST /products/04K J933Be/BK...
[13:39:29]     ❌ FAIL (404): {"message": "No route", "spanId": "vvc7lO8ezQKJB", "traceId": "vvc7lO8ezQKJB"}
[13:39:29]   [44/447] 04K J933ZS/GD: POST /products/04K J933ZS/GD...
[13:39:30]     ❌ FAIL (404): {"message": "No route", "spanId": "44r7sEJ-0gLs9", "traceId": "44r7sEJ-0gLs9"}
[13:39:30]   [45/447] 04K J933ZZ/GD: POST /products/04K J933ZZ/GD...
[13:39:30]     ❌ FAIL (404): {"message": "No route", "spanId": "xcfq7Z7pgFACJ", "traceId": "xcfq7Z7pgFACJ"}
[13:39:31]   [46/447] 04K KJ-L02B-0: POST /products/04K KJ-L02B-0...
[13:39:31]     ✅ OK (202)
[13:39:31]   [47/447] 04K KJC3794GR: POST /products/04K KJC3794GR...
[13:39:32]     ✅ OK (202)
[13:39:32]   [48/447] 04K KJC810BL: POST /products/04K KJC810BL...
[13:39:32]     ✅ OK (202)
[13:39:33]   [49/447] 04K KJC810GR-SIL: POST /products/04K KJC810GR-SIL...
[13:39:33]     ✅ OK (202)
[13:39:34]   [50/447] 04K KJC819BL-GR: POST /products/04K KJC819BL-GR...
[13:39:34]     ✅ OK (202)
[13:39:34]   [51/447] 04K KJCP3794GR: POST /products/04K KJCP3794GR...
[13:39:34]     ✅ OK (202)
[13:39:35]   [52/447] 04K KJCP3974BL: POST /products/04K KJCP3974BL...
[13:39:35]     ✅ OK (202)
[13:39:35]   [53/447] 04K KJF-203C: POST /products/04K KJF-203C...
[13:39:36]     ✅ OK (202)
[13:39:36]   [54/447] 04K KJF-203SZ: POST /products/04K KJF-203SZ...
[13:39:36]     ✅ OK (202)
[13:39:37]   [55/447] 04K KJF15419BL: POST /products/04K KJF15419BL...
[13:39:37]     ✅ OK (202)
[13:39:38]   [56/447] 04K KJF15424 BL: POST /products/04K KJF15424 BL...
[13:39:38]     ✅ OK (202)
[13:39:38]   [57/447] 04K KJF15424 GR: POST /products/04K KJF15424 GR...
[13:39:38]     ✅ OK (202)
[13:39:39]   [58/447] 04K KJF2532BE: POST /products/04K KJF2532BE...
[13:39:39]     ✅ OK (202)
[13:39:40]   [59/447] 04K KJF2532SZ: POST /products/04K KJF2532SZ...
[13:39:40]     ✅ OK (202)
[13:39:40]   [60/447] 04K KJF2613: POST /products/04K KJF2613...
[13:39:40]     ✅ OK (202)
[13:39:41]   [61/447] 04K KJF3298-1CZ: POST /products/04K KJF3298-1CZ...
[13:39:41]     ✅ OK (202)
[13:39:42]   [62/447] 04K KJF3298-1SZ: POST /products/04K KJF3298-1SZ...
[13:39:42]     ✅ OK (202)
[13:39:42]   [63/447] 04K KJF3549 KPL.SZ: POST /products/04K KJF3549 KPL.SZ...
[13:39:42]     ✅ OK (202)
[13:39:43]   [64/447] 04K KJF3583: POST /products/04K KJF3583...
[13:39:43]     ✅ OK (202)
[13:39:44]   [65/447] 04K KJF3587BE: POST /products/04K KJF3587BE...
[13:39:44]     ✅ OK (202)
[13:39:44]   [66/447] 04K KJF3587SZ: POST /products/04K KJF3587SZ...
[13:39:44]     ✅ OK (202)
[13:39:45]   [67/447] 04K KJF3587Z: POST /products/04K KJF3587Z...
[13:39:45]     ✅ OK (202)
[13:39:46]   [68/447] 04K KJF3589SZ: POST /products/04K KJF3589SZ...
[13:39:46]     ✅ OK (202)
[13:39:46]   [69/447] 04K KJF3589Z: POST /products/04K KJF3589Z...
[13:39:46]     ✅ OK (202)
[13:39:47]   [70/447] 04K KJF3590BE: POST /products/04K KJF3590BE...
[13:39:47]     ✅ OK (202)
[13:39:48]   [71/447] 04K KJF3590SZ: POST /products/04K KJF3590SZ...
[13:39:48]     ✅ OK (202)
[13:39:49]   [72/447] 04K KJF3612BE: POST /products/04K KJF3612BE...
[13:39:49]     ✅ OK (202)
[13:39:49]   [73/447] 04K KJF3612SZ: POST /products/04K KJF3612SZ...
[13:39:50]     ✅ OK (202)
[13:39:50]   [74/447] 04K KJF3644BR: POST /products/04K KJF3644BR...
[13:39:50]     ✅ OK (202)
[13:39:51]   [75/447] 04K KJF3644C: POST /products/04K KJF3644C...
[13:39:51]     ✅ OK (202)
[13:39:51]   [76/447] 04K KJF3644POP: POST /products/04K KJF3644POP...
[13:39:51]     ✅ OK (202)
[13:39:52]   [77/447] 04K KJF3790CN: POST /products/04K KJF3790CN...
[13:39:52]     ✅ OK (202)
[13:39:53]   [78/447] 04K KJF3790CZ: POST /products/04K KJF3790CZ...
[13:39:53]     ✅ OK (202)
[13:39:53]   [79/447] 04K KJF3791- 1CZ: POST /products/04K KJF3791- 1CZ...
[13:39:54]     ✅ OK (202)
[13:39:54]   [80/447] 04K KJF3791-1SZ: POST /products/04K KJF3791-1SZ...
[13:39:54]     ✅ OK (202)
[13:39:55]   [81/447] 04K KJF3791CZ: POST /products/04K KJF3791CZ...
[13:39:55]     ✅ OK (202)
[13:39:56]   [82/447] 04K KJF3791SZ: POST /products/04K KJF3791SZ...
[13:39:56]     ✅ OK (202)
[13:39:56]   [83/447] 04K KJF4931-DN: POST /products/04K KJF4931-DN...
[13:39:57]     ✅ OK (202)
[13:39:57]   [84/447] 04K KJF4931-DSZ: POST /products/04K KJF4931-DSZ...
[13:40:04]     ✅ OK (202)
[13:40:05]   [85/447] 04K KJF4931N: POST /products/04K KJF4931N...
[13:40:05]     ✅ OK (202)
[13:40:06]   [86/447] 04K KJF4931SZ: POST /products/04K KJF4931SZ...
[13:40:06]     ✅ OK (202)
[13:40:06]   [87/447] 04K KJFQ006SZ: POST /products/04K KJFQ006SZ...
[13:40:07]     ✅ OK (202)
[13:40:07]   [88/447] 04K KJFR009BR: POST /products/04K KJFR009BR...
[13:40:07]     ✅ OK (202)
[13:40:08]   [89/447] 04K KJFR036: POST /products/04K KJFR036...
[13:40:08]     ✅ OK (202)
[13:40:09]   [90/447] 04K KJFR077 AER: POST /products/04K KJFR077 AER...
[13:40:09]     ✅ OK (202)
[13:40:09]   [91/447] 04K KJL01AOBE: POST /products/04K KJL01AOBE...
[13:40:09]     ✅ OK (202)
[13:40:10]   [92/447] 04K KJL01AOC: POST /products/04K KJL01AOC...
[13:40:10]     ✅ OK (202)
[13:40:11]   [93/447] 04K KJL01AOSZ: POST /products/04K KJL01AOSZ...
[13:40:11]     ✅ OK (202)
[13:40:11]   [94/447] 04K KJL02BOBE: POST /products/04K KJL02BOBE...
[13:40:12]     ✅ OK (202)
[13:40:12]   [95/447] 04K KJL02BOSZ: POST /products/04K KJL02BOSZ...
[13:40:12]     ✅ OK (202)
[13:40:13]   [96/447] 04K KJT11655K: POST /products/04K KJT11655K...
[13:40:13]     ✅ OK (202)
[13:40:13]   [97/447] 04K KJT11655SZ: POST /products/04K KJT11655SZ...
[13:40:14]     ✅ OK (202)
[13:40:14]   [98/447] 04K KJT11656CZ: POST /products/04K KJT11656CZ...
[13:40:15]     ✅ OK (202)
[13:40:15]   [99/447] 04K KJT11656K: POST /products/04K KJT11656K...
[13:40:15]     ✅ OK (202)
[13:40:16]   [100/447] 04K KJT11656SZ: POST /products/04K KJT11656SZ...
[13:40:16]     ✅ OK (202)
[13:40:17]   [101/447] 04K KJT7127BL: POST /products/04K KJT7127BL...
[13:40:17]     ✅ OK (202)
[13:40:17]   [102/447] 04K KJT7128BL: POST /products/04K KJT7128BL...
[13:40:17]     ✅ OK (202)
[13:40:18]   [103/447] 04K NIC-Y57H: POST /products/04K NIC-Y57H...
[13:40:18]     ✅ OK (202)
[13:40:19]   [104/447] 04K POD.KJF-SX19CZ: POST /products/04K POD.KJF-SX19CZ...
[13:40:19]     ✅ OK (202)
[13:40:19]   [105/447] 04K POD.KJF-SX26CZ: POST /products/04K POD.KJF-SX26CZ...
[13:40:20]     ✅ OK (202)
[13:40:20]   [106/447] 04K POD.KJF-SX27CZ: POST /products/04K POD.KJF-SX27CZ...
[13:40:20]     ✅ OK (202)
[13:40:21]   [107/447] 04K POD.KJF-SX28CZ: POST /products/04K POD.KJF-SX28CZ...
[13:40:21]     ✅ OK (202)
[13:40:21]   [108/447] 04K XJ-72C: POST /products/04K XJ-72C...
[13:40:22]     ✅ OK (202)
[13:40:22]   [109/447] 04K XJ-72S: POST /products/04K XJ-72S...
[13:40:22]     ✅ OK (202)
[13:40:23]   [110/447] 04K-8617C: POST /products/04K-8617C...
[13:40:23]     ✅ OK (202)
[13:40:23]   [111/447] 04K-8617SZ: POST /products/04K-8617SZ...
[13:40:24]     ✅ OK (202)
[13:40:24]   [112/447] 04K-8636CZ: POST /products/04K-8636CZ...
[13:40:24]     ✅ OK (202)
[13:40:25]   [113/447] 04K-C038-ACAPULCO-B: POST /products/04K-C038-ACAPULCO-B...
[13:40:25]     ✅ OK (202)
[13:40:25]   [114/447] 04K-C038-ACAPULCO-N: POST /products/04K-C038-ACAPULCO-N...
[13:40:26]     ✅ OK (202)
[13:40:26]   [115/447] 04K-C038-ACAPULCO-S: POST /products/04K-C038-ACAPULCO-S...
[13:40:26]     ✅ OK (202)
[13:40:27]   [116/447] 04K-C038-ACAPULCO-Z: POST /products/04K-C038-ACAPULCO-Z...
[13:40:27]     ✅ OK (202)
[13:40:28]   [117/447] 04K-C038-ACAPULCO-Ż: POST /products/04K-C038-ACAPULCO-Ż...
[13:40:28]     ✅ OK (202)
[13:40:28]   [118/447] 04K-HT301KB: POST /products/04K-HT301KB...
[13:40:28]     ✅ OK (202)
[13:40:29]   [119/447] 04K-HT303B: POST /products/04K-HT303B...
[13:40:29]     ✅ OK (202)
[13:40:30]   [120/447] 04K-J004B-MEL FI-C: POST /products/04K-J004B-MEL FI-C...
[13:40:30]     ✅ OK (202)
[13:40:30]   [121/447] 04K-J004B-MEL FI-S: POST /products/04K-J004B-MEL FI-S...
[13:40:31]     ✅ OK (202)
[13:40:31]   [122/447] 04K-J005-RAPALLO-B: POST /products/04K-J005-RAPALLO-B...
[13:40:31]     ✅ OK (202)
[13:40:32]   [123/447] 04K-J005-RAPALLO-C: POST /products/04K-J005-RAPALLO-C...
[13:40:32]     ✅ OK (202)
[13:40:32]   [124/447] 04K-J005-RAPALLO-S: POST /products/04K-J005-RAPALLO-S...
[13:40:33]     ✅ OK (202)
[13:40:33]   [125/447] 04K8618C: POST /products/04K8618C...
[13:40:33]     ✅ OK (202)
[13:40:34]   [126/447] 04KEB-32RB: POST /products/04KEB-32RB...
[13:40:34]     ✅ OK (202)
[13:40:34]   [127/447] 04KEB-32RC: POST /products/04KEB-32RC...
[13:40:35]     ✅ OK (202)
[13:40:35]   [128/447] 04KEB154RFH: POST /products/04KEB154RFH...
[13:40:35]     ✅ OK (202)
[13:40:36]   [129/447] 04KEB2971FH-RESB: POST /products/04KEB2971FH-RESB...
[13:40:36]     ✅ OK (202)
[13:40:36]   [130/447] 04KEB2971FH-RESC: POST /products/04KEB2971FH-RESC...
[13:40:37]     ✅ OK (202)
[13:40:37]   [131/447] 04KEB2971RES: POST /products/04KEB2971RES...
[13:40:37]     ✅ OK (202)
[13:40:38]   [132/447] 04KEB2971WG: POST /products/04KEB2971WG...
[13:40:38]     ✅ OK (202)
[13:40:39]   [133/447] 04KEB3096: POST /products/04KEB3096...
[13:40:39]     ✅ OK (202)
[13:40:39]   [134/447] 04KEB3096FH-RESB: POST /products/04KEB3096FH-RESB...
[13:40:39]     ✅ OK (202)
[13:40:40]   [135/447] 04KEB3096FH-RESC: POST /products/04KEB3096FH-RESC...
[13:40:40]     ✅ OK (202)
[13:40:41]   [136/447] 04KEB32RB: POST /products/04KEB32RB...
[13:40:41]     ✅ OK (202)
[13:40:41]   [137/447] 04KEBB1172WG: POST /products/04KEBB1172WG...
[13:40:42]     ✅ OK (202)
[13:40:42]   [138/447] 04KEBB1272: POST /products/04KEBB1272...
[13:40:42]     ✅ OK (202)
[13:40:43]   [139/447] 04KEBC07: POST /products/04KEBC07...
[13:40:43]     ✅ OK (202)
[13:40:43]   [140/447] 04KEBY57: POST /products/04KEBY57...
[13:40:44]     ✅ OK (202)
[13:40:44]   [141/447] 04KJC3794BL: POST /products/04KJC3794BL...
[13:40:44]     ✅ OK (202)
[13:40:45]   [142/447] 04KLG-8072-BLACK: POST /products/04KLG-8072-BLACK...
[13:40:45]     ✅ OK (202)
[13:40:45]   [143/447] 04KLG-8072-SMOKE: POST /products/04KLG-8072-SMOKE...
[13:40:46]     ✅ OK (202)
[13:40:46]   [144/447] 04KLG-8072-TRANS: POST /products/04KLG-8072-TRANS...
[13:40:46]     ✅ OK (202)
[13:40:47]   [145/447] 04KNIC152FH: POST /products/04KNIC152FH...
[13:40:47]     ✅ OK (202)
[13:40:47]   [146/447] 04KNIC180FH RA: POST /products/04KNIC180FH RA...
[13:40:48]     ✅ OK (202)
[13:40:48]   [147/447] 04KNICB183FH RA: POST /products/04KNICB183FH RA...
[13:40:48]     ✅ OK (202)
[13:40:49]   [148/447] 04KNICC120: POST /products/04KNICC120...
[13:40:49]     ✅ OK (202)
[13:40:50]   [149/447] 04KNICD31HB: POST /products/04KNICD31HB...
[13:40:50]     ✅ OK (202)
[13:40:50]   [150/447] 04KNICR60H: POST /products/04KNICR60H...
[13:40:51]     ✅ OK (202)
[13:40:51]   [151/447] 04KNICR80: POST /products/04KNICR80...
[13:40:51]     ✅ OK (202)
[13:40:52]   [152/447] 04KNICY49B: POST /products/04KNICY49B...
[13:40:52]     ✅ OK (202)
[13:40:53]   [153/447] 04KNICY49C: POST /products/04KNICY49C...
[13:41:03]     ✅ OK (202)
[13:41:04]   [154/447] 04KVG-8071-BLACK: POST /products/04KVG-8071-BLACK...
[13:41:04]     ✅ OK (202)
[13:41:04]   [155/447] 04KVG-8071-trans: POST /products/04KVG-8071-trans...
[13:41:04]     ✅ OK (202)
[13:41:05]   [156/447] 04PK-55B: POST /products/04PK-55B...
[13:41:05]     ✅ OK (202)
[13:41:06]   [157/447] 04PK-55C: POST /products/04PK-55C...
[13:41:06]     ✅ OK (202)
[13:41:06]   [158/447] 04S Z-295 WHITE: POST /products/04S Z-295 WHITE...
[13:41:06]     ✅ OK (202)
[13:41:07]   [159/447] 04SRDC01SPARKS: POST /products/04SRDC01SPARKS...
[13:41:07]     ✅ OK (202)
[13:41:08]   [160/447] 04Z 102018 TL45005P KOLEJKA ZOO: POST /products/04Z 102018 TL45005P KOLEJKA ZOO...
[13:41:08]     ✅ OK (202)
[13:41:08]   [161/447] 04Z102011: POST /products/04Z102011...
[13:41:09]     ✅ OK (202)
[13:41:09]   [162/447] 04k 8625PU: POST /products/04k 8625PU...
[13:41:09]     ✅ OK (202)
[13:41:10]   [163/447] 04kVG-8071-SMOKE: POST /products/04kVG-8071-SMOKE...
[13:41:10]     ✅ OK (202)
[13:41:11]   [164/447] 05A11: POST /products/05A11...
[13:41:11]     ✅ OK (202)
[13:41:11]   [165/447] 05A7VENETO: POST /products/05A7VENETO...
[13:41:11]     ✅ OK (202)
[13:41:12]   [166/447] 05AC-163080B: POST /products/05AC-163080B...
[13:41:12]     ✅ OK (202)
[13:41:13]   [167/447] 05AC-7202CZ: POST /products/05AC-7202CZ...
[13:41:13]     ✅ OK (202)
[13:41:13]   [168/447] 05AC-92013B: POST /products/05AC-92013B...
[13:41:14]     ✅ OK (202)
[13:41:14]   [169/447] 05AC-H025A2H: POST /products/05AC-H025A2H...
[13:41:14]     ✅ OK (202)
[13:41:15]   [170/447] 05AC-H93033CZ: POST /products/05AC-H93033CZ...
[13:41:15]     ✅ OK (202)
[13:41:15]   [171/447] 05AC123030BLACK: POST /products/05AC123030BLACK...
[13:41:16]     ✅ OK (202)
[13:41:16]   [172/447] 05AC123030WHITE: POST /products/05AC123030WHITE...
[13:41:16]     ✅ OK (202)
[13:41:17]   [173/447] 05AF800: POST /products/05AF800...
[13:41:17]     ✅ OK (202)
[13:41:17]   [174/447] 05AF801: POST /products/05AF801...
[13:41:18]     ✅ OK (202)
[13:41:18]   [175/447] 05AF900: POST /products/05AF900...
[13:41:19]     ✅ OK (202)
[13:41:19]   [176/447] 05AF901: POST /products/05AF901...
[13:41:19]     ✅ OK (202)
[13:41:20]   [177/447] 05AF938TFT: POST /products/05AF938TFT...
[13:41:20]     ✅ OK (202)
[13:41:21]   [178/447] 05AOW09B: POST /products/05AOW09B...
[13:41:21]     ✅ OK (202)
[13:41:22]   [179/447] 05AOW09W: POST /products/05AOW09W...
[13:41:22]     ✅ OK (202)
[13:41:22]   [180/447] 05AP8400H13: POST /products/05AP8400H13...
[13:41:23]     ✅ OK (202)
[13:41:23]   [181/447] 05AP8550: POST /products/05AP8550...
[13:41:23]     ✅ OK (202)
[13:41:24]   [182/447] 05AP8700F H13: POST /products/05AP8700F H13...
[13:41:25]     ✅ OK (202)
[13:41:25]   [183/447] 05AP8800F: POST /products/05AP8800F...
[13:41:25]     ✅ OK (202)
[13:41:26]   [184/447] 05AP9405H13: POST /products/05AP9405H13...
[13:41:26]     ✅ OK (202)
[13:41:26]   [185/447] 05AP9650CODYPRO: POST /products/05AP9650CODYPRO...
[13:41:27]     ✅ OK (202)
[13:41:27]   [186/447] 05AP9650FAP: POST /products/05AP9650FAP...
[13:41:27]     ✅ OK (202)
[13:41:28]   [187/447] 05AP9650FWAP: POST /products/05AP9650FWAP...
[13:41:28]     ✅ OK (202)
[13:41:28]   [188/447] 05AP9700BLACK: POST /products/05AP9700BLACK...
[13:41:29]     ✅ OK (202)
[13:41:29]   [189/447] 05AP9700F H13: POST /products/05AP9700F H13...
[13:41:29]     ✅ OK (202)
[13:41:30]   [190/447] 05AP9700FW: POST /products/05AP9700FW...
[13:41:30]     ✅ OK (202)
[13:41:31]   [191/447] 05AP9700P7: POST /products/05AP9700P7...
[13:41:31]     ✅ OK (202)
[13:41:31]   [192/447] 05AP9700P9: POST /products/05AP9700P9...
[13:41:31]     ✅ OK (202)
[13:41:32]   [193/447] 05AP9700WIFI: POST /products/05AP9700WIFI...
[13:41:32]     ✅ OK (202)
[13:41:33]   [194/447] 05AP9700WIFI-S: POST /products/05AP9700WIFI-S...
[13:41:33]     ✅ OK (202)
[13:41:33]   [195/447] 05AP9750: POST /products/05AP9750...
[13:41:34]     ✅ OK (202)
[13:41:34]   [196/447] 05AP9750F: POST /products/05AP9750F...
[13:41:34]     ✅ OK (202)
[13:41:35]   [197/447] 05AP9750FW: POST /products/05AP9750FW...
[13:41:35]     ✅ OK (202)
[13:41:35]   [198/447] 05APEH11003: POST /products/05APEH11003...
[13:41:36]     ✅ OK (202)
[13:41:36]   [199/447] 05APG7800: POST /products/05APG7800...
[13:41:37]     ✅ OK (202)
[13:41:37]   [200/447] 05AX7: POST /products/05AX7...
[13:41:37]     ✅ OK (202)
[13:41:38]   [201/447] 05AX7kpl.2: POST /products/05AX7kpl.2...
[13:41:38]     ✅ OK (202)
[13:41:39]   [202/447] 05B18: POST /products/05B18...
[13:41:39]     ✅ OK (202)
[13:41:39]   [203/447] 05BG600: POST /products/05BG600...
[13:41:39]     ✅ OK (202)
[13:41:40]   [204/447] 05BL210: POST /products/05BL210...
[13:41:40]     ✅ OK (202)
[13:41:41]   [205/447] 05BLN700: POST /products/05BLN700...
[13:41:41]     ✅ OK (202)
[13:41:41]   [206/447] 05BT700: POST /products/05BT700...
[13:41:42]     ✅ OK (202)
[13:41:42]   [207/447] 05C225C: POST /products/05C225C...
[13:41:42]     ✅ OK (202)
[13:41:43]   [208/447] 05C280C: POST /products/05C280C...
[13:41:43]     ✅ OK (202)
[13:41:43]   [209/447] 05C290S: POST /products/05C290S...
[13:41:44]     ✅ OK (202)
[13:41:44]   [210/447] 05C315M: POST /products/05C315M...
[13:41:44]     ✅ OK (202)
[13:41:45]   [211/447] 05C510B: POST /products/05C510B...
[13:41:45]     ✅ OK (202)
[13:41:46]   [212/447] 05C520: POST /products/05C520...
[13:41:46]     ✅ OK (202)
[13:41:46]   [213/447] 05CG6: POST /products/05CG6...
[13:41:46]     ✅ OK (202)
[13:41:47]   [214/447] 05CN356: POST /products/05CN356...
[13:41:47]     ✅ OK (202)
[13:41:48]   [215/447] 05CS20: POST /products/05CS20...
[13:41:48]     ✅ OK (202)
[13:41:48]   [216/447] 05CS25: POST /products/05CS25...
[13:41:49]     ✅ OK (202)
[13:41:49]   [217/447] 05DEC500: POST /products/05DEC500...
[13:41:49]     ✅ OK (202)
[13:41:50]   [218/447] 05DEC500FILTR: POST /products/05DEC500FILTR...
[13:41:50]     ✅ OK (202)
[13:41:50]   [219/447] 05DEQ1: POST /products/05DEQ1...
[13:41:51]     ✅ OK (202)
[13:41:51]   [220/447] 05DEQ10: POST /products/05DEQ10...
[13:41:52]     ✅ OK (202)
[13:41:52]   [221/447] 05DEX1: POST /products/05DEX1...
[13:41:52]     ✅ OK (202)
[13:41:53]   [222/447] 05DT605T: POST /products/05DT605T...
[13:41:53]     ✅ OK (202)
[13:41:54]   [223/447] 05DWK200: POST /products/05DWK200...
[13:41:54]     ✅ OK (202)
[13:41:54]   [224/447] 05EK4390: POST /products/05EK4390...
[13:41:55]     ✅ OK (202)
[13:41:55]   [225/447] 05EK4390H: POST /products/05EK4390H...
[13:41:55]     ✅ OK (202)
[13:41:56]   [226/447] 05EK8880R: POST /products/05EK8880R...
[13:41:56]     ✅ OK (202)
[13:41:57]   [227/447] 05FF400A: POST /products/05FF400A...
[13:41:57]     ✅ OK (202)
[13:41:57]   [228/447] 05FF430D: POST /products/05FF430D...
[13:41:57]     ✅ OK (202)
[13:41:58]   [229/447] 05FF450BL: POST /products/05FF450BL...
[13:41:58]     ✅ OK (202)
[13:41:59]   [230/447] 05FF500-A: POST /products/05FF500-A...
[13:41:59]     ✅ OK (202)
[13:41:59]   [231/447] 05FP11003: POST /products/05FP11003...
[13:42:00]     ✅ OK (202)
[13:42:00]   [232/447] 05FP8550: POST /products/05FP8550...
[13:42:00]     ✅ OK (202)
[13:42:01]   [233/447] 05FR35: POST /products/05FR35...
[13:42:01]     ✅ OK (202)
[13:42:01]   [234/447] 05FW11003: POST /products/05FW11003...
[13:42:02]     ✅ OK (202)
[13:42:02]   [235/447] 05GDS8: POST /products/05GDS8...
[13:42:02]     ✅ OK (202)
[13:42:03]   [236/447] 05GDS9: POST /products/05GDS9...
[13:42:03]     ✅ OK (202)
[13:42:03]   [237/447] 05GK1400: POST /products/05GK1400...
[13:42:04]     ✅ OK (202)
[13:42:04]   [238/447] 05GK150: POST /products/05GK150...
[13:42:04]     ✅ OK (202)
[13:42:05]   [239/447] 05GWO250B: POST /products/05GWO250B...
[13:42:05]     ✅ OK (202)
[13:42:06]   [240/447] 05GWO250C: POST /products/05GWO250C...
[13:42:06]     ✅ OK (202)
[13:42:07]   [241/447] 05GWO260B: POST /products/05GWO260B...
[13:42:07]     ✅ OK (202)
[13:42:07]   [242/447] 05GWO260C: POST /products/05GWO260C...
[13:42:07]     ✅ OK (202)
[13:42:08]   [243/447] 05GWO260R: POST /products/05GWO260R...
[13:42:08]     ✅ OK (202)
[13:42:09]   [244/447] 05H5 EKSPRES: POST /products/05H5 EKSPRES...
[13:42:09]     ✅ OK (202)
[13:42:09]   [245/447] 05HD-1298: POST /products/05HD-1298...
[13:42:09]     ✅ OK (202)
[13:42:10]   [246/447] 05HD-1698: POST /products/05HD-1698...
[13:42:10]     ✅ OK (202)
[13:42:11]   [247/447] 05HD-1998F: POST /products/05HD-1998F...
[13:42:11]     ✅ OK (202)
[13:42:11]   [248/447] 05HD4PRONAKŁ: POST /products/05HD4PRONAKŁ...
[13:42:12]     ✅ OK (202)
[13:42:12]   [249/447] 05HD4RED: POST /products/05HD4RED...
[13:42:12]     ✅ OK (202)
[13:42:13]   [250/447] 05HH10001F: POST /products/05HH10001F...
[13:42:13]     ✅ OK (202)
[13:42:13]   [251/447] 05HH1002: POST /products/05HH1002...
[13:42:14]     ✅ OK (202)
[13:42:14]   [252/447] 05HH1002FILTR: POST /products/05HH1002FILTR...
[13:42:14]     ✅ OK (202)
[13:42:15]   [253/447] 05HH3002F: POST /products/05HH3002F...
[13:42:15]     ✅ OK (202)
[13:42:16]   [254/447] 05HL12: POST /products/05HL12...
[13:42:16]     ✅ OK (202)
[13:42:16]   [255/447] 05HS700: POST /products/05HS700...
[13:42:16]     ✅ OK (202)
[13:42:17]   [256/447] 05HT92: POST /products/05HT92...
[13:42:17]     ✅ OK (202)
[13:42:18]   [257/447] 05HTS20: POST /products/05HTS20...
[13:42:18]     ✅ OK (202)
[13:42:18]   [258/447] 05ID2501: POST /products/05ID2501...
[13:42:19]     ✅ OK (202)
[13:42:19]   [259/447] 05ID5501: POST /products/05ID5501...
[13:42:19]     ✅ OK (202)
[13:42:20]   [260/447] 05ID5901: POST /products/05ID5901...
[13:42:20]     ✅ OK (202)
[13:42:20]   [261/447] 05ID6501: POST /products/05ID6501...
[13:42:21]     ✅ OK (202)
[13:42:21]   [262/447] 05IF1320B: POST /products/05IF1320B...
[13:42:21]     ✅ OK (202)
[13:42:22]   [263/447] 05IF1320C: POST /products/05IF1320C...
[13:42:22]     ✅ OK (202)
[13:42:23]   [264/447] 05IF1321B: POST /products/05IF1321B...
[13:42:23]     ✅ OK (202)
[13:42:23]   [265/447] 05IF1321C: POST /products/05IF1321C...
[13:42:23]     ✅ OK (202)
[13:42:24]   [266/447] 05IF2825A: POST /products/05IF2825A...
[13:42:24]     ✅ OK (202)
[13:42:25]   [267/447] 05IK1001: POST /products/05IK1001...
[13:42:25]     ✅ OK (202)
[13:42:25]   [268/447] 05IK1602: POST /products/05IK1602...
[13:42:25]     ✅ OK (202)
[13:42:26]   [269/447] 05IK2002: POST /products/05IK2002...
[13:42:26]     ✅ OK (202)
[13:42:27]   [270/447] 05IK3301: POST /products/05IK3301...
[13:42:27]     ✅ OK (202)
[13:42:28]   [271/447] 05IM-001: POST /products/05IM-001...
[13:42:28]     ✅ OK (202)
[13:42:28]   [272/447] 05IM-002S: POST /products/05IM-002S...
[13:42:29]     ✅ OK (202)
[13:42:29]   [273/447] 05IM-003: POST /products/05IM-003...
[13:42:29]     ✅ OK (202)
[13:42:30]   [274/447] 05IM-003BL: POST /products/05IM-003BL...
[13:42:30]     ✅ OK (202)
[13:42:30]   [275/447] 05IM-004: POST /products/05IM-004...
[13:42:31]     ✅ OK (202)
[13:42:31]   [276/447] 05IM-101: POST /products/05IM-101...
[13:42:31]     ✅ OK (202)
[13:42:32]   [277/447] 05IM-201: POST /products/05IM-201...
[13:42:32]     ✅ OK (202)
[13:42:33]   [278/447] 05IZ8701: POST /products/05IZ8701...
[13:42:33]     ✅ OK (202)
[13:42:33]   [279/447] 05IZ9202C: POST /products/05IZ9202C...
[13:42:33]     ✅ OK (202)
[13:42:34]   [280/447] 05IZ9202SZ: POST /products/05IZ9202SZ...
[13:42:34]     ✅ OK (202)
[13:42:35]   [281/447] 05JZE002: POST /products/05JZE002...
[13:42:35]     ✅ OK (202)
[13:42:36]   [282/447] 05KR100: POST /products/05KR100...
[13:42:36]     ✅ OK (202)
[13:42:36]   [283/447] 05KT100: POST /products/05KT100...
[13:42:36]     ✅ OK (202)
[13:42:37]   [284/447] 05L7CALDAS: POST /products/05L7CALDAS...
[13:42:37]     ✅ OK (202)
[13:42:38]   [285/447] 05LG400: POST /products/05LG400...
[13:42:38]     ✅ OK (202)
[13:42:38]   [286/447] 05LK020: POST /products/05LK020...
[13:42:39]     ✅ OK (202)
[13:42:39]   [287/447] 05LK032: POST /products/05LK032...
[13:42:40]     ✅ OK (202)
[13:42:40]   [288/447] 05LK040: POST /products/05LK040...
[13:42:40]     ✅ OK (202)
[13:42:41]   [289/447] 05M5: POST /products/05M5...
[13:42:41]     ✅ OK (202)
[13:42:42]   [290/447] 05MB3: POST /products/05MB3...
[13:42:42]     ✅ OK (202)
[13:42:42]   [291/447] 05ME15A: POST /products/05ME15A...
[13:42:42]     ✅ OK (202)
[13:42:43]   [292/447] 05ME15AFILTR: POST /products/05ME15AFILTR...
[13:42:43]     ✅ OK (202)
[13:42:44]   [293/447] 05ME2D50B: POST /products/05ME2D50B...
[13:42:44]     ✅ OK (202)
[13:42:44]   [294/447] 05ME2D50BFILTR: POST /products/05ME2D50BFILTR...
[13:42:45]     ✅ OK (202)
[13:42:45]   [295/447] 05MK.ZASILACZ: POST /products/05MK.ZASILACZ...
[13:42:45]     ✅ OK (202)
[13:42:46]   [296/447] 05MK20B: POST /products/05MK20B...
[13:42:47]     ✅ OK (202)
[13:42:47]   [297/447] 05MK20Z: POST /products/05MK20Z...
[13:42:47]     ✅ OK (202)
[13:42:48]   [298/447] 05MK30: POST /products/05MK30...
[13:42:48]     ✅ OK (202)
[13:42:49]   [299/447] 05MK40A: POST /products/05MK40A...
[13:42:49]     ✅ OK (202)
[13:42:49]   [300/447] 05MK41: POST /products/05MK41...
[13:42:49]     ✅ OK (202)
[13:42:50]   [301/447] 05MK42: POST /products/05MK42...
[13:42:50]     ✅ OK (202)
[13:42:51]   [302/447] 05MK43: POST /products/05MK43...
[13:42:51]     ✅ OK (202)
[13:42:51]   [303/447] 05MS02OSTRZE: POST /products/05MS02OSTRZE...
[13:42:52]     ✅ OK (202)
[13:42:52]   [304/447] 05MT500U: POST /products/05MT500U...
[13:42:52]     ✅ OK (202)
[13:42:53]   [305/447] 05NU10: POST /products/05NU10...
[13:42:53]     ✅ OK (202)
[13:42:53]   [306/447] 05OB20B: POST /products/05OB20B...
[13:42:54]     ✅ OK (202)
[13:42:54]   [307/447] 05OB90: POST /products/05OB90...
[13:42:54]     ✅ OK (202)
[13:42:55]   [308/447] 05OBZ100: POST /products/05OBZ100...
[13:42:55]     ✅ OK (202)
[13:42:56]   [309/447] 05OCF600: POST /products/05OCF600...
[13:42:56]     ✅ OK (202)
[13:42:56]   [310/447] 05OKF101: POST /products/05OKF101...
[13:42:56]     ✅ OK (202)
[13:42:57]   [311/447] 05OKF102: POST /products/05OKF102...
[13:42:57]     ✅ OK (202)
[13:42:58]   [312/447] 05OS900: POST /products/05OS900...
[13:42:58]     ✅ OK (202)
[13:42:58]   [313/447] 05OSC3100: POST /products/05OSC3100...
[13:42:59]     ✅ OK (202)
[13:42:59]   [314/447] 05OW4: POST /products/05OW4...
[13:42:59]     ✅ OK (202)
[13:43:00]   [315/447] 05OW5: POST /products/05OW5...
[13:43:00]     ✅ OK (202)
[13:43:00]   [316/447] 05OW6: POST /products/05OW6...
[13:43:01]     ✅ OK (202)
[13:43:01]   [317/447] 05OW7: POST /products/05OW7...
[13:43:01]     ✅ OK (202)
[13:43:02]   [318/447] 05PG10N: POST /products/05PG10N...
[13:43:02]     ✅ OK (202)
[13:43:03]   [319/447] 05PM1000: POST /products/05PM1000...
[13:43:03]     ✅ OK (202)
[13:43:03]   [320/447] 05PR300: POST /products/05PR300...
[13:43:04]     ✅ OK (202)
[13:43:04]   [321/447] 05PRZYŁBICAPO01: POST /products/05PRZYŁBICAPO01...
[13:43:04]     ✅ OK (202)
[13:43:05]   [322/447] 05PS577: POST /products/05PS577...
[13:43:05]     ✅ OK (202)
[13:43:05]   [323/447] 05PS636B: POST /products/05PS636B...
[13:43:06]     ✅ OK (202)
[13:43:06]   [324/447] 05PS636C: POST /products/05PS636C...
[13:43:06]     ✅ OK (202)
[13:43:07]   [325/447] 05PSJG60A: POST /products/05PSJG60A...
[13:43:07]     ✅ OK (202)
[13:43:07]   [326/447] 05PT4: POST /products/05PT4...
[13:43:08]     ✅ OK (202)
[13:43:08]   [327/447] 05Q10FP: POST /products/05Q10FP...
[13:43:08]     ✅ OK (202)
[13:43:09]   [328/447] 05Q8FP: POST /products/05Q8FP...
[13:43:09]     ✅ OK (202)
[13:43:09]   [329/447] 05R103: POST /products/05R103...
[13:43:10]     ✅ OK (202)
[13:43:10]   [330/447] 05RW35: POST /products/05RW35...
[13:43:10]     ✅ OK (202)
[13:43:11]   [331/447] 05RYZ101: POST /products/05RYZ101...
[13:43:11]     ✅ OK (202)
[13:43:12]   [332/447] 05S5IPL: POST /products/05S5IPL...
[13:43:12]     ✅ OK (202)
[13:43:12]   [333/447] 05S600B: POST /products/05S600B...
[13:43:13]     ✅ OK (202)
[13:43:13]   [334/447] 05S7IPL: POST /products/05S7IPL...
[13:43:13]     ✅ OK (202)
[13:43:14]   [335/447] 05SD100B: POST /products/05SD100B...
[13:43:24]     ✅ OK (202)
[13:43:24]   [336/447] 05SD100C: POST /products/05SD100C...
[13:43:24]     ✅ OK (202)
[13:43:25]   [337/447] 05SD200B: POST /products/05SD200B...
[13:43:25]     ✅ OK (202)
[13:43:26]   [338/447] 05SD200C: POST /products/05SD200C...
[13:43:26]     ✅ OK (202)
[13:43:26]   [339/447] 05SD210B: POST /products/05SD210B...
[13:43:26]     ✅ OK (202)
[13:43:27]   [340/447] 05SD210C: POST /products/05SD210C...
[13:43:27]     ✅ OK (202)
[13:43:28]   [341/447] 05SD50R: POST /products/05SD50R...
[13:43:28]     ✅ OK (202)
[13:43:28]   [342/447] 05SDK50: POST /products/05SDK50...
[13:43:28]     ✅ OK (202)
[13:43:29]   [343/447] 05SG500: POST /products/05SG500...
[13:43:29]     ✅ OK (202)
[13:43:30]   [344/447] 05SH16STOJAK: POST /products/05SH16STOJAK...
[13:43:30]     ✅ OK (202)
[13:43:30]   [345/447] 05SK9S: POST /products/05SK9S...
[13:43:30]     ✅ OK (202)
[13:43:31]   [346/447] 05SM15.16MISAS: POST /products/05SM15.16MISAS...
[13:43:31]     ✅ OK (202)
[13:43:32]   [347/447] 05SM15.16MISASZKL: POST /products/05SM15.16MISASZKL...
[13:43:32]     ✅ OK (202)
[13:43:32]   [348/447] 05SM17: POST /products/05SM17...
[13:43:33]     ✅ OK (202)
[13:43:33]   [349/447] 05SM17MISA6L: POST /products/05SM17MISA6L...
[13:43:33]     ✅ OK (202)
[13:43:34]   [350/447] 05SM17SZNAKŁ: POST /products/05SM17SZNAKŁ...
[13:43:34]     ✅ OK (202)
[13:43:34]   [351/447] 05SP102: POST /products/05SP102...
[13:43:35]     ✅ OK (202)
[13:43:35]   [352/447] 05SP106: POST /products/05SP106...
[13:43:35]     ✅ OK (202)
[13:43:36]   [353/447] 05SP107B: POST /products/05SP107B...
[13:43:36]     ✅ OK (202)
[13:43:37]   [354/447] 05SP107C: POST /products/05SP107C...
[13:43:37]     ✅ OK (202)
[13:43:37]   [355/447] 05SP109: POST /products/05SP109...
[13:43:37]     ✅ OK (202)
[13:43:38]   [356/447] 05SP109C: POST /products/05SP109C...
[13:43:38]     ✅ OK (202)
[13:43:39]   [357/447] 05SP110B: POST /products/05SP110B...
[13:43:39]     ✅ OK (202)
[13:43:39]   [358/447] 05SP110C: POST /products/05SP110C...
[13:43:39]     ✅ OK (202)
[13:43:40]   [359/447] 05SP111B: POST /products/05SP111B...
[13:43:40]     ✅ OK (202)
[13:43:41]   [360/447] 05SP111C: POST /products/05SP111C...
[13:43:41]     ✅ OK (202)
[13:43:41]   [361/447] 05SP112: POST /products/05SP112...
[13:43:42]     ✅ OK (202)
[13:43:42]   [362/447] 05SP200: POST /products/05SP200...
[13:43:42]     ✅ OK (202)
[13:43:43]   [363/447] 05SP202: POST /products/05SP202...
[13:43:43]     ✅ OK (202)
[13:43:43]   [364/447] 05SP203: POST /products/05SP203...
[13:43:44]     ✅ OK (202)
[13:43:44]   [365/447] 05SP204B: POST /products/05SP204B...
[13:43:44]     ✅ OK (202)
[13:43:45]   [366/447] 05SP204C: POST /products/05SP204C...
[13:43:45]     ✅ OK (202)
[13:43:45]   [367/447] 05SP205: POST /products/05SP205...
[13:43:46]     ✅ OK (202)
[13:43:46]   [368/447] 05SP209: POST /products/05SP209...
[13:43:47]     ✅ OK (202)
[13:43:47]   [369/447] 05SP300: POST /products/05SP300...
[13:43:47]     ✅ OK (202)
[13:43:48]   [370/447] 05SP301: POST /products/05SP301...
[13:43:48]     ✅ OK (202)
[13:43:49]   [371/447] 05SP400: POST /products/05SP400...
[13:43:49]     ✅ OK (202)
[13:43:49]   [372/447] 05SP401: POST /products/05SP401...
[13:43:49]     ✅ OK (202)
[13:43:50]   [373/447] 05SP600NEON: POST /products/05SP600NEON...
[13:43:50]     ✅ OK (202)
[13:43:51]   [374/447] 05SP601KPL: POST /products/05SP601KPL...
[13:43:51]     ✅ OK (202)
[13:43:51]   [375/447] 05SP601W: POST /products/05SP601W...
[13:43:51]     ✅ OK (202)
[13:43:52]   [376/447] 05SP602: POST /products/05SP602...
[13:43:52]     ✅ OK (202)
[13:43:53]   [377/447] 05SP99C: POST /products/05SP99C...
[13:43:53]     ✅ OK (202)
[13:43:53]   [378/447] 05SR1: POST /products/05SR1...
[13:43:54]     ✅ OK (202)
[13:43:54]   [379/447] 05SR2G: POST /products/05SR2G...
[13:43:54]     ✅ OK (202)
[13:43:55]   [380/447] 05SR3: POST /products/05SR3...
[13:43:55]     ✅ OK (202)
[13:43:55]   [381/447] 05SR7: POST /products/05SR7...
[13:43:56]     ✅ OK (202)
[13:43:56]   [382/447] 05ST10W: POST /products/05ST10W...
[13:43:56]     ✅ OK (202)
[13:43:57]   [383/447] 05SXG500: POST /products/05SXG500...
[13:43:57]     ✅ OK (202)
[13:43:58]   [384/447] 05TANGO-ZESTAW-SZCZOTKI: POST /products/05TANGO-ZESTAW-SZCZOTKI...
[13:44:08]     ✅ OK (202)
[13:44:09]   [385/447] 05TB2: POST /products/05TB2...
[13:44:09]     ✅ OK (202)
[13:44:09]   [386/447] 05TB2S: POST /products/05TB2S...
[13:44:10]     ✅ OK (202)
[13:44:10]   [387/447] 05TB3N: POST /products/05TB3N...
[13:44:10]     ✅ OK (202)
[13:44:11]   [388/447] 05TCN-01WB: POST /products/05TCN-01WB...
[13:44:11]     ✅ OK (202)
[13:44:11]   [389/447] 05TH2200B: POST /products/05TH2200B...
[13:44:12]     ✅ OK (202)
[13:44:12]   [390/447] 05TH2200G: POST /products/05TH2200G...
[13:44:12]     ✅ OK (202)
[13:44:13]   [391/447] 05TO245B: POST /products/05TO245B...
[13:44:13]     ✅ OK (202)
[13:44:13]   [392/447] 05TO245C: POST /products/05TO245C...
[13:44:14]     ✅ OK (202)
[13:44:14]   [393/447] 05TO265B: POST /products/05TO265B...
[13:44:14]     ✅ OK (202)
[13:44:15]   [394/447] 05TR02: POST /products/05TR02...
[13:44:15]     ✅ OK (202)
[13:44:16]   [395/447] 05TR15: POST /products/05TR15...
[13:44:16]     ✅ OK (202)
[13:44:16]   [396/447] 05TWB1830NEW: POST /products/05TWB1830NEW...
[13:44:17]     ✅ OK (202)
[13:44:17]   [397/447] 05TWO130B: POST /products/05TWO130B...
[13:44:17]     ✅ OK (202)
[13:44:18]   [398/447] 05TWO140C: POST /products/05TWO140C...
[13:44:18]     ✅ OK (202)
[13:44:18]   [399/447] 05TWO500b: POST /products/05TWO500b...
[13:44:19]     ✅ OK (202)
[13:44:20]   [400/447] 05UP900: POST /products/05UP900...
[13:44:20]     ✅ OK (202)
[13:44:20]   [401/447] 05V168B: POST /products/05V168B...
[13:44:20]     ✅ OK (202)
[13:44:21]   [402/447] 05V168C: POST /products/05V168C...
[13:44:21]     ✅ OK (202)
[13:44:22]   [403/447] 05V217: POST /products/05V217...
[13:44:22]     ✅ OK (202)
[13:44:22]   [404/447] 05WA100S: POST /products/05WA100S...
[13:44:23]     ✅ OK (202)
[13:44:23]   [405/447] 05WB1820B: POST /products/05WB1820B...
[13:44:23]     ✅ OK (202)
[13:44:24]   [406/447] 05WB1820C: POST /products/05WB1820C...
[13:44:24]     ✅ OK (202)
[13:44:25]   [407/447] 05WB1840B: POST /products/05WB1840B...
[13:44:25]     ✅ OK (202)
[13:44:25]   [408/447] 05WB1840FILTR: POST /products/05WB1840FILTR...
[13:44:25]     ✅ OK (202)
[13:44:26]   [409/447] 05WB1840G: POST /products/05WB1840G...
[13:44:26]     ✅ OK (202)
[13:44:27]   [410/447] 05WEBFOLIA28X300: POST /products/05WEBFOLIA28X300...
[13:44:27]     ✅ OK (202)
[13:44:27]   [411/447] 05WEBLB1: POST /products/05WEBLB1...
[13:44:28]     ✅ OK (202)
[13:44:28]   [412/447] 05WEBV104B: POST /products/05WEBV104B...
[13:44:28]     ✅ OK (202)
[13:44:29]   [413/447] 05WGC40: POST /products/05WGC40...
[13:44:29]     ✅ OK (202)
[13:44:29]   [414/447] 05WK-330: POST /products/05WK-330...
[13:44:29]     ✅ OK (202)
[13:44:30]   [415/447] 05WK-717: POST /products/05WK-717...
[13:44:30]     ✅ OK (202)
[13:44:31]   [416/447] 05WK-717N: POST /products/05WK-717N...
[13:44:31]     ✅ OK (202)
[13:44:32]   [417/447] 05WK110: POST /products/05WK110...
[13:44:32]     ✅ OK (202)
[13:44:32]   [418/447] 05WK115: POST /products/05WK115...
[13:44:32]     ✅ OK (202)
[13:44:33]   [419/447] 05WK310: POST /products/05WK310...
[13:44:33]     ✅ OK (202)
[13:44:34]   [420/447] 05WM16: POST /products/05WM16...
[13:44:34]     ✅ OK (202)
[13:44:34]   [421/447] 05WM169: POST /products/05WM169...
[13:44:35]     ✅ OK (202)
[13:44:35]   [422/447] 05WM170: POST /products/05WM170...
[13:44:35]     ✅ OK (202)
[13:44:36]   [423/447] 05WRK2500: POST /products/05WRK2500...
[13:44:36]     ✅ OK (202)
[13:44:36]   [424/447] 05WS206: POST /products/05WS206...
[13:44:37]     ✅ OK (202)
[13:44:37]   [425/447] 05WS207: POST /products/05WS207...
[13:44:37]     ✅ OK (202)
[13:44:38]   [426/447] 05WS302: POST /products/05WS302...
[13:44:38]     ✅ OK (202)
[13:44:39]   [427/447] 05WS303: POST /products/05WS303...
[13:44:39]     ✅ OK (202)
[13:44:39]   [428/447] 05WS305C: POST /products/05WS305C...
[13:44:39]     ✅ OK (202)
[13:44:40]   [429/447] 05WS603: POST /products/05WS603...
[13:44:40]     ✅ OK (202)
[13:44:41]   [430/447] 05X580: POST /products/05X580...
[13:44:41]     ✅ OK (202)
[13:44:41]   [431/447] 05XEF900: POST /products/05XEF900...
[13:44:42]     ✅ OK (202)
[13:44:42]   [432/447] 05XEF900M: POST /products/05XEF900M...
[13:44:42]     ✅ OK (202)
[13:44:43]   [433/447] 05ZMG20: POST /products/05ZMG20...
[13:44:43]     ✅ OK (202)
[13:44:43]   [434/447] 05ZP28B: POST /products/05ZP28B...
[13:44:44]     ✅ OK (202)
[13:44:44]   [435/447] 05ZP31: POST /products/05ZP31...
[13:44:44]     ✅ OK (202)
[13:44:45]   [436/447] 05ZP33: POST /products/05ZP33...
[13:44:45]     ✅ OK (202)
[13:44:45]   [437/447] 05ZP8: POST /products/05ZP8...
[13:44:46]     ✅ OK (202)
[13:44:46]   [438/447] 05ZP9 S: POST /products/05ZP9 S...
[13:44:46]     ✅ OK (202)
[13:44:47]   [439/447] 05hm1300: POST /products/05hm1300...
[13:44:47]     ✅ OK (202)
[13:44:48]   [440/447] 05kcF100: POST /products/05kcF100...
[13:44:48]     ✅ OK (202)
[13:44:48]   [441/447] 05kcF500: POST /products/05kcF500...
[13:44:48]     ✅ OK (202)
[13:44:49]   [442/447] 05ob200filtr: POST /products/05ob200filtr...
[13:44:49]     ✅ OK (202)
[13:44:50]   [443/447] 0SSP208: POST /products/0SSP208...
[13:44:50]     ✅ OK (202)
[13:44:50]   [444/447] DZBANEK FILTRUJĄCY TRIWATER ORIA EJ630 W: POST /products/DZBANEK FILTRUJĄCY TRIWATER ORIA EJ630 W...
[13:44:51]     ✅ OK (202)
[13:44:51]   [445/447] MK20A: POST /products/MK20A...
[13:44:52]     ✅ OK (202)
[13:44:52]   [446/447] O4K KJF15420GR: POST /products/O4K KJF15420GR...
[13:44:52]     ✅ OK (202)
[13:44:53]   [447/447] WACO.CANISTER: POST /products/WACO.CANISTER...
[13:44:53]     ✅ OK (202)
[13:44:53] === SAVED: /Users/jakubknap/Documents/Projects/marketia-xml-pro/output/erli_pilot_20260721_133858.json ===
[13:44:53] PODSUMOWANIE: OK=0  FAIL=447  SKIP=0  DRY=0  TOTAL=447
